#
# There is insufficient memory for the Java Runtime Environment to continue.
# Native memory allocation (malloc) failed to allocate 651376 bytes for Chunk::new
# Possible reasons:
#   The system is out of physical RAM or swap space
#   The process is running with CompressedOops enabled, and the Java Heap may be blocking the growth of the native heap
# Possible solutions:
#   Reduce memory load on the system
#   Increase physical memory or swap space
#   Check if swap backing store is full
#   Decrease Java heap size (-Xmx/-Xms)
#   Decrease number of Java threads
#   Decrease Java thread stack sizes (-Xss)
#   Set larger code cache with -XX:ReservedCodeCacheSize=
#   JVM is running with Unscaled Compressed Oops mode in which the Java heap is
#     placed in the first 4GB address space. The Java Heap base address is the
#     maximum limit for the native heap growth. Please use -XX:HeapBaseMinAddress
#     to set the Java Heap base and to place the Java Heap above 4GB virtual address.
# This output file may be truncated or incomplete.
#
#  Out of Memory Error (arena.cpp:191), pid=11848, tid=1772
#
# JRE version: OpenJDK Runtime Environment (17.0.10) (build 17.0.10+0--11609105)
# Java VM: OpenJDK 64-Bit Server VM (17.0.10+0--11609105, mixed mode, tiered, compressed oops, compressed class ptrs, g1 gc, windows-amd64)
# No core dump will be written. Minidumps are not enabled by default on client versions of Windows
#

---------------  S U M M A R Y ------------

Command Line: --add-opens=java.base/java.util=ALL-UNNAMED --add-opens=java.base/java.lang=ALL-UNNAMED --add-opens=java.base/java.lang.invoke=ALL-UNNAMED --add-opens=java.prefs/java.util.prefs=ALL-UNNAMED --add-opens=java.base/java.nio.charset=ALL-UNNAMED --add-opens=java.base/java.net=ALL-UNNAMED --add-opens=java.base/java.util.concurrent.atomic=ALL-UNNAMED -Xmx2048m -Dfile.encoding=UTF-8 -Duser.country=KR -Duser.language=ko -Duser.variant -javaagent:C:\Users\tues1\.gradle\wrapper\dists\gradle-8.6-bin\afr5mpiioh2wthjmwnkmdsd5w\gradle-8.6\lib\agents\gradle-instrumentation-agent-8.6.jar org.gradle.launcher.daemon.bootstrap.GradleDaemon 8.6

Host: 11th Gen Intel(R) Core(TM) i5-1135G7 @ 2.40GHz, 8 cores, 15G,  Windows 11 , 64 bit Build 22621 (10.0.22621.3672)
Time: Sun Jul  7 21:34:40 2024  Windows 11 , 64 bit Build 22621 (10.0.22621.3672) elapsed time: 12.585300 seconds (0d 0h 0m 12s)

---------------  T H R E A D  ---------------

Current thread (0x000001d64c7f1a30):  JavaThread "C2 CompilerThread0" daemon [_thread_in_native, id=1772, stack(0x0000009510300000,0x0000009510400000)]


Current CompileTask:
C2:  12585 7447       4       org.objectweb.asm.MethodWriter::computeAllFrames (510 bytes)

Stack: [0x0000009510300000,0x0000009510400000]
Native frames: (J=compiled Java code, j=interpreted, Vv=VM code, C=native code)
V  [jvm.dll+0x688de9]
V  [jvm.dll+0x8423da]
V  [jvm.dll+0x84401e]
V  [jvm.dll+0x844683]
V  [jvm.dll+0x24be0f]
V  [jvm.dll+0xac524]
V  [jvm.dll+0xacb6c]
V  [jvm.dll+0x36bd12]
V  [jvm.dll+0x1be002]
V  [jvm.dll+0x21dbf9]
V  [jvm.dll+0x21cec1]
V  [jvm.dll+0x1a60ad]
V  [jvm.dll+0x22cd78]
V  [jvm.dll+0x22aeb0]
V  [jvm.dll+0x7f6877]
V  [jvm.dll+0x7f0c7a]
V  [jvm.dll+0x687c65]
C  [ucrtbase.dll+0x29333]
C  [KERNEL32.DLL+0x1257d]
C  [ntdll.dll+0x5af28]


---------------  P R O C E S S  ---------------

Threads class SMR info:
_java_thread_list=0x000001d651902900, length=49, elements={
0x000001d6327bbb80, 0x000001d64c7d8020, 0x000001d64c7d8be0, 0x000001d64c7c4980,
0x000001d64c7c5250, 0x000001d64c7eff80, 0x000001d64c7f0d40, 0x000001d64c7f1a30,
0x000001d64c8320d0, 0x000001d64c832ad0, 0x000001d64c975680, 0x000001d651017450,
0x000001d653daf870, 0x000001d6516dcb80, 0x000001d6531d4e40, 0x000001d6518d43c0,
0x000001d6523b1580, 0x000001d651d5c0c0, 0x000001d652ae3180, 0x000001d652544210,
0x000001d652544720, 0x000001d652544c30, 0x000001d652545b60, 0x000001d652545140,
0x000001d652545650, 0x000001d652546070, 0x000001d652546580, 0x000001d653ef7760,
0x000001d653ef2150, 0x000001d653ef2660, 0x000001d653ef6830, 0x000001d653ef53f0,
0x000001d653ef3fb0, 0x000001d653ef3aa0, 0x000001d653ef90b0, 0x000001d653ef8180,
0x000001d653ef8ba0, 0x000001d653ef49d0, 0x000001d653ef1c40, 0x000001d653ef95c0,
0x000001d653ef3590, 0x000001d653ef44c0, 0x000001d653ef5e10, 0x000001d653ef6320,
0x000001d653ef6d40, 0x000001d65331b9a0, 0x000001d6533172c0, 0x000001d6533168a0,
0x000001d653316390
}

Java Threads: ( => current thread )
  0x000001d6327bbb80 JavaThread "main" [_thread_blocked, id=16968, stack(0x000000950f600000,0x000000950f700000)]
  0x000001d64c7d8020 JavaThread "Reference Handler" daemon [_thread_blocked, id=34984, stack(0x000000950fd00000,0x000000950fe00000)]
  0x000001d64c7d8be0 JavaThread "Finalizer" daemon [_thread_blocked, id=32888, stack(0x000000950fe00000,0x000000950ff00000)]
  0x000001d64c7c4980 JavaThread "Signal Dispatcher" daemon [_thread_blocked, id=32924, stack(0x000000950ff00000,0x0000009510000000)]
  0x000001d64c7c5250 JavaThread "Attach Listener" daemon [_thread_blocked, id=28032, stack(0x0000009510000000,0x0000009510100000)]
  0x000001d64c7eff80 JavaThread "Service Thread" daemon [_thread_blocked, id=16448, stack(0x0000009510100000,0x0000009510200000)]
  0x000001d64c7f0d40 JavaThread "Monitor Deflation Thread" daemon [_thread_blocked, id=31504, stack(0x0000009510200000,0x0000009510300000)]
=>0x000001d64c7f1a30 JavaThread "C2 CompilerThread0" daemon [_thread_in_native, id=1772, stack(0x0000009510300000,0x0000009510400000)]
  0x000001d64c8320d0 JavaThread "C1 CompilerThread0" daemon [_thread_blocked, id=20000, stack(0x0000009510400000,0x0000009510500000)]
  0x000001d64c832ad0 JavaThread "Sweeper thread" daemon [_thread_blocked, id=18688, stack(0x0000009510500000,0x0000009510600000)]
  0x000001d64c975680 JavaThread "Common-Cleaner" daemon [_thread_blocked, id=1812, stack(0x0000009510600000,0x0000009510700000)]
  0x000001d651017450 JavaThread "Notification Thread" daemon [_thread_blocked, id=10424, stack(0x0000009510700000,0x0000009510800000)]
  0x000001d653daf870 JavaThread "Daemon health stats" [_thread_blocked, id=20740, stack(0x0000009511000000,0x0000009511100000)]
  0x000001d6516dcb80 JavaThread "Incoming local TCP Connector on port 62824" [_thread_in_native, id=35080, stack(0x0000009510900000,0x0000009510a00000)]
  0x000001d6531d4e40 JavaThread "Daemon periodic checks" [_thread_blocked, id=13088, stack(0x0000009510a00000,0x0000009510b00000)]
  0x000001d6518d43c0 JavaThread "Daemon" [_thread_blocked, id=34288, stack(0x0000009511200000,0x0000009511300000)]
  0x000001d6523b1580 JavaThread "Handler for socket connection from /127.0.0.1:62824 to /127.0.0.1:62825" [_thread_in_native, id=31948, stack(0x0000009511300000,0x0000009511400000)]
  0x000001d651d5c0c0 JavaThread "Cancel handler" [_thread_blocked, id=25288, stack(0x0000009511400000,0x0000009511500000)]
  0x000001d652ae3180 JavaThread "Daemon worker" [_thread_in_vm, id=1948, stack(0x0000009511500000,0x0000009511600000)]
  0x000001d652544210 JavaThread "Asynchronous log dispatcher for DefaultDaemonConnection: socket connection from /127.0.0.1:62824 to /127.0.0.1:62825" [_thread_blocked, id=33044, stack(0x0000009511600000,0x0000009511700000)]
  0x000001d652544720 JavaThread "Stdin handler" [_thread_blocked, id=28452, stack(0x0000009511700000,0x0000009511800000)]
  0x000001d652544c30 JavaThread "Daemon client event forwarder" [_thread_blocked, id=2096, stack(0x0000009511800000,0x0000009511900000)]
  0x000001d652545b60 JavaThread "Cache worker for journal cache (C:\Users\tues1\.gradle\caches\journal-1)" [_thread_blocked, id=19528, stack(0x0000009511b00000,0x0000009511c00000)]
  0x000001d652545140 JavaThread "File lock request listener" [_thread_in_native, id=23104, stack(0x0000009511c00000,0x0000009511d00000)]
  0x000001d652545650 JavaThread "Cache worker for file hash cache (C:\Users\tues1\.gradle\caches\8.6\fileHashes)" [_thread_blocked, id=14176, stack(0x0000009511e00000,0x0000009511f00000)]
  0x000001d652546070 JavaThread "File watcher server" daemon [_thread_in_native, id=21772, stack(0x0000009511f00000,0x0000009512000000)]
  0x000001d652546580 JavaThread "File watcher consumer" daemon [_thread_blocked, id=30472, stack(0x0000009512000000,0x0000009512100000)]
  0x000001d653ef7760 JavaThread "Cache worker for checksums cache (C:\Programming\Kotlin\Chatting\.gradle\8.6\checksums)" [_thread_blocked, id=1928, stack(0x0000009512100000,0x0000009512200000)]
  0x000001d653ef2150 JavaThread "Cache worker for file hash cache (C:\Programming\Kotlin\Chatting\.gradle\8.6\fileHashes)" [_thread_blocked, id=21640, stack(0x0000009512200000,0x0000009512300000)]
  0x000001d653ef2660 JavaThread "Cache worker for cache directory md-supplier (C:\Users\tues1\.gradle\caches\8.6\md-supplier)" [_thread_blocked, id=12336, stack(0x0000009512300000,0x0000009512400000)]
  0x000001d653ef6830 JavaThread "Cache worker for cache directory md-rule (C:\Users\tues1\.gradle\caches\8.6\md-rule)" [_thread_blocked, id=21408, stack(0x0000009512400000,0x0000009512500000)]
  0x000001d653ef53f0 JavaThread "Cache worker for file content cache (C:\Users\tues1\.gradle\caches\8.6\fileContent)" [_thread_blocked, id=33676, stack(0x0000009512500000,0x0000009512600000)]
  0x000001d653ef3fb0 JavaThread "jar transforms" [_thread_blocked, id=9652, stack(0x0000009512700000,0x0000009512800000)]
  0x000001d653ef3aa0 JavaThread "jar transforms Thread 2" [_thread_blocked, id=22096, stack(0x0000009512800000,0x0000009512900000)]
  0x000001d653ef90b0 JavaThread "jar transforms Thread 3" [_thread_blocked, id=11072, stack(0x0000009512a00000,0x0000009512b00000)]
  0x000001d653ef8180 JavaThread "jar transforms Thread 4" [_thread_blocked, id=23464, stack(0x0000009512b00000,0x0000009512c00000)]
  0x000001d653ef8ba0 JavaThread "Cache worker for Build Output Cleanup Cache (C:\Programming\Kotlin\Chatting\.gradle\buildOutputCleanup)" [_thread_blocked, id=35108, stack(0x0000009512c00000,0x0000009512d00000)]
  0x000001d653ef49d0 JavaThread "jar transforms Thread 5" [_thread_blocked, id=27856, stack(0x0000009512d00000,0x0000009512e00000)]
  0x000001d653ef1c40 JavaThread "jar transforms Thread 6" [_thread_blocked, id=6588, stack(0x0000009512e00000,0x0000009512f00000)]
  0x000001d653ef95c0 JavaThread "Unconstrained build operations" [_thread_blocked, id=22616, stack(0x0000009512f00000,0x0000009513000000)]
  0x000001d653ef3590 JavaThread "Unconstrained build operations Thread 2" [_thread_blocked, id=12516, stack(0x0000009513000000,0x0000009513100000)]
  0x000001d653ef44c0 JavaThread "Unconstrained build operations Thread 3" [_thread_blocked, id=26852, stack(0x0000009513100000,0x0000009513200000)]
  0x000001d653ef5e10 JavaThread "Unconstrained build operations Thread 4" [_thread_blocked, id=33736, stack(0x0000009513200000,0x0000009513300000)]
  0x000001d653ef6320 JavaThread "Unconstrained build operations Thread 5" [_thread_blocked, id=1476, stack(0x0000009513300000,0x0000009513400000)]
  0x000001d653ef6d40 JavaThread "Unconstrained build operations Thread 6" [_thread_blocked, id=14568, stack(0x0000009513400000,0x0000009513500000)]
  0x000001d65331b9a0 JavaThread "Unconstrained build operations Thread 7" [_thread_blocked, id=19644, stack(0x0000009513500000,0x0000009513600000)]
  0x000001d6533172c0 JavaThread "jar transforms Thread 7" [_thread_blocked, id=20176, stack(0x0000009513600000,0x0000009513700000)]
  0x000001d6533168a0 JavaThread "jar transforms Thread 8" [_thread_blocked, id=16520, stack(0x0000009513700000,0x0000009513800000)]
  0x000001d653316390 JavaThread "build event listener" [_thread_blocked, id=25552, stack(0x0000009513800000,0x0000009513900000)]

Other Threads:
  0x000001d64c7b7a50 VMThread "VM Thread" [stack: 0x000000950fc00000,0x000000950fd00000] [id=24420]
  0x000001d64ca81ef0 WatcherThread [stack: 0x0000009510800000,0x0000009510900000] [id=23108]
  0x000001d63281add0 GCTaskThread "GC Thread#0" [stack: 0x000000950f700000,0x000000950f800000] [id=13104]
  0x000001d652175db0 GCTaskThread "GC Thread#1" [stack: 0x0000009510b00000,0x0000009510c00000] [id=8464]
  0x000001d6521765f0 GCTaskThread "GC Thread#2" [stack: 0x0000009510c00000,0x0000009510d00000] [id=28652]
  0x000001d652175af0 GCTaskThread "GC Thread#3" [stack: 0x0000009510d00000,0x0000009510e00000] [id=22368]
  0x000001d652176070 GCTaskThread "GC Thread#4" [stack: 0x0000009510e00000,0x0000009510f00000] [id=29276]
  0x000001d6521752b0 GCTaskThread "GC Thread#5" [stack: 0x0000009510f00000,0x0000009511000000] [id=35456]
  0x000001d6521768b0 GCTaskThread "GC Thread#6" [stack: 0x0000009511100000,0x0000009511200000] [id=25184]
  0x000001d652176b70 GCTaskThread "GC Thread#7" [stack: 0x0000009511900000,0x0000009511a00000] [id=12668]
  0x000001d63282bd20 ConcurrentGCThread "G1 Main Marker" [stack: 0x000000950f800000,0x000000950f900000] [id=28296]
  0x000001d63282c740 ConcurrentGCThread "G1 Conc#0" [stack: 0x000000950f900000,0x000000950fa00000] [id=32444]
  0x000001d652174ff0 ConcurrentGCThread "G1 Conc#1" [stack: 0x0000009511a00000,0x0000009511b00000] [id=14012]
  0x000001d63286d340 ConcurrentGCThread "G1 Refine#0" [stack: 0x000000950fa00000,0x000000950fb00000] [id=5856]
  0x000001d653449a50 ConcurrentGCThread "G1 Refine#1" [stack: 0x0000009512600000,0x0000009512700000] [id=6960]
  0x000001d63286dd70 ConcurrentGCThread "G1 Service" [stack: 0x000000950fb00000,0x000000950fc00000] [id=21696]

Threads with active compile tasks:
C2 CompilerThread0    12625 7447       4       org.objectweb.asm.MethodWriter::computeAllFrames (510 bytes)

VM state: not at safepoint (normal execution)

VM Mutex/Monitor currently owned by a thread: None

Heap address: 0x0000000080000000, size: 2048 MB, Compressed Oops mode: 32-bit

CDS archive(s) not mapped
Compressed class space mapped at: 0x0000000100000000-0x0000000140000000, reserved size: 1073741824
Narrow klass base: 0x0000000000000000, Narrow klass shift: 3, Narrow klass range: 0x140000000

GC Precious Log:
 CPUs: 8 total, 8 available
 Memory: 16057M
 Large Page Support: Disabled
 NUMA Support: Disabled
 Compressed Oops: Enabled (32-bit)
 Heap Region Size: 1M
 Heap Min Capacity: 8M
 Heap Initial Capacity: 252M
 Heap Max Capacity: 2G
 Pre-touch: Disabled
 Parallel Workers: 8
 Concurrent Workers: 2
 Concurrent Refinement Workers: 8
 Periodic GC: Disabled

Heap:
 garbage-first heap   total 194560K, used 82362K [0x0000000080000000, 0x0000000100000000)
  region size 1024K, 12 young (12288K), 1 survivors (1024K)
 Metaspace       used 67952K, committed 68544K, reserved 1114112K
  class space    used 9334K, committed 9600K, reserved 1048576K

Heap Regions: E=young(eden), S=young(survivor), O=old, HS=humongous(starts), HC=humongous(continues), CS=collection set, F=free, OA=open archive, CA=closed archive, TAMS=top-at-mark-start (previous, next)
|   0|0x0000000080000000, 0x0000000080100000, 0x0000000080100000|100%|HS|  |TAMS 0x0000000080100000, 0x0000000080000000| Complete 
|   1|0x0000000080100000, 0x0000000080200000, 0x0000000080200000|100%|HC|  |TAMS 0x0000000080200000, 0x0000000080100000| Complete 
|   2|0x0000000080200000, 0x0000000080300000, 0x0000000080300000|100%|HC|  |TAMS 0x0000000080300000, 0x0000000080200000| Complete 
|   3|0x0000000080300000, 0x0000000080400000, 0x0000000080400000|100%|HC|  |TAMS 0x0000000080400000, 0x0000000080300000| Complete 
|   4|0x0000000080400000, 0x0000000080500000, 0x0000000080500000|100%| O|  |TAMS 0x0000000080500000, 0x0000000080400000| Untracked 
|   5|0x0000000080500000, 0x0000000080600000, 0x0000000080600000|100%| O|  |TAMS 0x0000000080600000, 0x0000000080500000| Untracked 
|   6|0x0000000080600000, 0x0000000080700000, 0x0000000080700000|100%| O|  |TAMS 0x0000000080700000, 0x0000000080600000| Untracked 
|   7|0x0000000080700000, 0x0000000080800000, 0x0000000080800000|100%| O|  |TAMS 0x0000000080800000, 0x0000000080700000| Untracked 
|   8|0x0000000080800000, 0x0000000080900000, 0x0000000080900000|100%| O|  |TAMS 0x0000000080900000, 0x0000000080800000| Untracked 
|   9|0x0000000080900000, 0x0000000080a00000, 0x0000000080a00000|100%| O|  |TAMS 0x0000000080a00000, 0x0000000080900000| Untracked 
|  10|0x0000000080a00000, 0x0000000080a84200, 0x0000000080b00000| 51%| O|  |TAMS 0x0000000080a84200, 0x0000000080a00000| Untracked 
|  11|0x0000000080b00000, 0x0000000080c00000, 0x0000000080c00000|100%| O|  |TAMS 0x0000000080c00000, 0x0000000080b00000| Untracked 
|  12|0x0000000080c00000, 0x0000000080d00000, 0x0000000080d00000|100%| O|  |TAMS 0x0000000080d00000, 0x0000000080c00000| Untracked 
|  13|0x0000000080d00000, 0x0000000080e00000, 0x0000000080e00000|100%| O|  |TAMS 0x0000000080e00000, 0x0000000080d00000| Untracked 
|  14|0x0000000080e00000, 0x0000000080f00000, 0x0000000080f00000|100%| O|  |TAMS 0x0000000080f00000, 0x0000000080e00000| Untracked 
|  15|0x0000000080f00000, 0x0000000081000000, 0x0000000081000000|100%| O|  |TAMS 0x0000000081000000, 0x0000000080f00000| Untracked 
|  16|0x0000000081000000, 0x0000000081100000, 0x0000000081100000|100%| O|  |TAMS 0x0000000081100000, 0x0000000081000000| Untracked 
|  17|0x0000000081100000, 0x0000000081200000, 0x0000000081200000|100%| O|  |TAMS 0x0000000081200000, 0x0000000081100000| Untracked 
|  18|0x0000000081200000, 0x0000000081300000, 0x0000000081300000|100%| O|  |TAMS 0x0000000081300000, 0x0000000081200000| Untracked 
|  19|0x0000000081300000, 0x0000000081400000, 0x0000000081400000|100%| O|  |TAMS 0x0000000081400000, 0x0000000081300000| Untracked 
|  20|0x0000000081400000, 0x0000000081500000, 0x0000000081500000|100%| O|  |TAMS 0x0000000081500000, 0x0000000081400000| Untracked 
|  21|0x0000000081500000, 0x0000000081600000, 0x0000000081600000|100%| O|  |TAMS 0x0000000081600000, 0x0000000081500000| Untracked 
|  22|0x0000000081600000, 0x0000000081700000, 0x0000000081700000|100%|HS|  |TAMS 0x0000000081600000, 0x0000000081600000| Complete 
|  23|0x0000000081700000, 0x0000000081800000, 0x0000000081800000|100%|HS|  |TAMS 0x0000000081800000, 0x0000000081700000| Complete 
|  24|0x0000000081800000, 0x0000000081900000, 0x0000000081900000|100%| O|  |TAMS 0x0000000081900000, 0x0000000081800000| Untracked 
|  25|0x0000000081900000, 0x0000000081a00000, 0x0000000081a00000|100%| O|  |TAMS 0x0000000081a00000, 0x0000000081900000| Untracked 
|  26|0x0000000081a00000, 0x0000000081b00000, 0x0000000081b00000|100%| O|  |TAMS 0x0000000081b00000, 0x0000000081a00000| Untracked 
|  27|0x0000000081b00000, 0x0000000081c00000, 0x0000000081c00000|100%| O|  |TAMS 0x0000000081c00000, 0x0000000081b00000| Untracked 
|  28|0x0000000081c00000, 0x0000000081d00000, 0x0000000081d00000|100%| O|  |TAMS 0x0000000081d00000, 0x0000000081c00000| Untracked 
|  29|0x0000000081d00000, 0x0000000081e00000, 0x0000000081e00000|100%| O|  |TAMS 0x0000000081e00000, 0x0000000081d00000| Untracked 
|  30|0x0000000081e00000, 0x0000000081f00000, 0x0000000081f00000|100%| O|  |TAMS 0x0000000081f00000, 0x0000000081e00000| Untracked 
|  31|0x0000000081f00000, 0x0000000082000000, 0x0000000082000000|100%| O|  |TAMS 0x0000000082000000, 0x0000000081f00000| Untracked 
|  32|0x0000000082000000, 0x0000000082100000, 0x0000000082100000|100%| O|  |TAMS 0x0000000082100000, 0x0000000082000000| Untracked 
|  33|0x0000000082100000, 0x0000000082200000, 0x0000000082200000|100%| O|  |TAMS 0x0000000082200000, 0x0000000082100000| Untracked 
|  34|0x0000000082200000, 0x0000000082200000, 0x0000000082300000|  0%| F|  |TAMS 0x0000000082200000, 0x0000000082200000| Untracked 
|  35|0x0000000082300000, 0x0000000082400000, 0x0000000082400000|100%| O|  |TAMS 0x0000000082400000, 0x0000000082300000| Untracked 
|  36|0x0000000082400000, 0x0000000082500000, 0x0000000082500000|100%|HS|  |TAMS 0x0000000082500000, 0x0000000082400000| Complete 
|  37|0x0000000082500000, 0x0000000082600000, 0x0000000082600000|100%| O|  |TAMS 0x0000000082600000, 0x0000000082500000| Untracked 
|  38|0x0000000082600000, 0x0000000082700000, 0x0000000082700000|100%| O|  |TAMS 0x0000000082700000, 0x0000000082600000| Untracked 
|  39|0x0000000082700000, 0x0000000082800000, 0x0000000082800000|100%| O|  |TAMS 0x0000000082800000, 0x0000000082700000| Untracked 
|  40|0x0000000082800000, 0x0000000082900000, 0x0000000082900000|100%|HS|  |TAMS 0x0000000082900000, 0x0000000082800000| Complete 
|  41|0x0000000082900000, 0x0000000082a00000, 0x0000000082a00000|100%| O|  |TAMS 0x0000000082a00000, 0x0000000082900000| Untracked 
|  42|0x0000000082a00000, 0x0000000082b00000, 0x0000000082b00000|100%| O|  |TAMS 0x0000000082b00000, 0x0000000082a00000| Untracked 
|  43|0x0000000082b00000, 0x0000000082c00000, 0x0000000082c00000|100%|HS|  |TAMS 0x0000000082c00000, 0x0000000082b00000| Complete 
|  44|0x0000000082c00000, 0x0000000082d00000, 0x0000000082d00000|100%|HS|  |TAMS 0x0000000082d00000, 0x0000000082c00000| Complete 
|  45|0x0000000082d00000, 0x0000000082e00000, 0x0000000082e00000|100%|HC|  |TAMS 0x0000000082e00000, 0x0000000082d00000| Complete 
|  46|0x0000000082e00000, 0x0000000082f00000, 0x0000000082f00000|100%|HS|  |TAMS 0x0000000082f00000, 0x0000000082e00000| Complete 
|  47|0x0000000082f00000, 0x0000000083000000, 0x0000000083000000|100%|HC|  |TAMS 0x0000000083000000, 0x0000000082f00000| Complete 
|  48|0x0000000083000000, 0x0000000083100000, 0x0000000083100000|100%| O|  |TAMS 0x0000000083100000, 0x0000000083000000| Untracked 
|  49|0x0000000083100000, 0x0000000083200000, 0x0000000083200000|100%| O|  |TAMS 0x0000000083200000, 0x0000000083100000| Untracked 
|  50|0x0000000083200000, 0x0000000083300000, 0x0000000083300000|100%| O|  |TAMS 0x0000000083300000, 0x0000000083200000| Untracked 
|  51|0x0000000083300000, 0x0000000083400000, 0x0000000083400000|100%| O|  |TAMS 0x0000000083400000, 0x0000000083300000| Untracked 
|  52|0x0000000083400000, 0x0000000083500000, 0x0000000083500000|100%| O|  |TAMS 0x0000000083500000, 0x0000000083400000| Untracked 
|  53|0x0000000083500000, 0x0000000083600000, 0x0000000083600000|100%|HS|  |TAMS 0x0000000083600000, 0x0000000083500000| Complete 
|  54|0x0000000083600000, 0x0000000083700000, 0x0000000083700000|100%|HC|  |TAMS 0x0000000083700000, 0x0000000083600000| Complete 
|  55|0x0000000083700000, 0x0000000083800000, 0x0000000083800000|100%|HC|  |TAMS 0x0000000083800000, 0x0000000083700000| Complete 
|  56|0x0000000083800000, 0x0000000083900000, 0x0000000083900000|100%|HC|  |TAMS 0x0000000083900000, 0x0000000083800000| Complete 
|  57|0x0000000083900000, 0x0000000083a00000, 0x0000000083a00000|100%| O|  |TAMS 0x0000000083a00000, 0x0000000083900000| Untracked 
|  58|0x0000000083a00000, 0x0000000083b00000, 0x0000000083b00000|100%| O|  |TAMS 0x0000000083b00000, 0x0000000083a00000| Untracked 
|  59|0x0000000083b00000, 0x0000000083c00000, 0x0000000083c00000|100%| O|  |TAMS 0x0000000083c00000, 0x0000000083b00000| Untracked 
|  60|0x0000000083c00000, 0x0000000083d00000, 0x0000000083d00000|100%| O|  |TAMS 0x0000000083d00000, 0x0000000083c00000| Untracked 
|  61|0x0000000083d00000, 0x0000000083e00000, 0x0000000083e00000|100%| O|  |TAMS 0x0000000083d08000, 0x0000000083d00000| Untracked 
|  62|0x0000000083e00000, 0x0000000083f00000, 0x0000000083f00000|100%|HS|  |TAMS 0x0000000083f00000, 0x0000000083e00000| Complete 
|  63|0x0000000083f00000, 0x0000000084000000, 0x0000000084000000|100%|HC|  |TAMS 0x0000000084000000, 0x0000000083f00000| Complete 
|  64|0x0000000084000000, 0x0000000084100000, 0x0000000084100000|100%|HC|  |TAMS 0x0000000084100000, 0x0000000084000000| Complete 
|  65|0x0000000084100000, 0x0000000084200000, 0x0000000084200000|100%|HC|  |TAMS 0x0000000084200000, 0x0000000084100000| Complete 
|  66|0x0000000084200000, 0x0000000084300000, 0x0000000084300000|100%|HS|  |TAMS 0x0000000084200000, 0x0000000084200000| Complete 
|  67|0x0000000084300000, 0x0000000084400000, 0x0000000084400000|100%| O|  |TAMS 0x0000000084300000, 0x0000000084300000| Untracked 
|  68|0x0000000084400000, 0x0000000084500000, 0x0000000084500000|100%| O|  |TAMS 0x0000000084400000, 0x0000000084400000| Untracked 
|  69|0x0000000084500000, 0x0000000084600000, 0x0000000084600000|100%| O|  |TAMS 0x0000000084500000, 0x0000000084500000| Untracked 
|  70|0x0000000084600000, 0x0000000084700000, 0x0000000084700000|100%| O|  |TAMS 0x0000000084600000, 0x0000000084600000| Untracked 
|  71|0x0000000084700000, 0x000000008477e800, 0x0000000084800000| 49%| O|  |TAMS 0x0000000084700000, 0x0000000084700000| Untracked 
|  72|0x0000000084800000, 0x0000000084800000, 0x0000000084900000|  0%| F|  |TAMS 0x0000000084800000, 0x0000000084800000| Untracked 
|  73|0x0000000084900000, 0x0000000084900000, 0x0000000084a00000|  0%| F|  |TAMS 0x0000000084900000, 0x0000000084900000| Untracked 
|  74|0x0000000084a00000, 0x0000000084a00000, 0x0000000084b00000|  0%| F|  |TAMS 0x0000000084a00000, 0x0000000084a00000| Untracked 
|  75|0x0000000084b00000, 0x0000000084b00000, 0x0000000084c00000|  0%| F|  |TAMS 0x0000000084b00000, 0x0000000084b00000| Untracked 
|  76|0x0000000084c00000, 0x0000000084c00000, 0x0000000084d00000|  0%| F|  |TAMS 0x0000000084c00000, 0x0000000084c00000| Untracked 
|  77|0x0000000084d00000, 0x0000000084d00000, 0x0000000084e00000|  0%| F|  |TAMS 0x0000000084d00000, 0x0000000084d00000| Untracked 
|  78|0x0000000084e00000, 0x0000000084e00000, 0x0000000084f00000|  0%| F|  |TAMS 0x0000000084e00000, 0x0000000084e00000| Untracked 
|  79|0x0000000084f00000, 0x0000000084f00000, 0x0000000085000000|  0%| F|  |TAMS 0x0000000084f00000, 0x0000000084f00000| Untracked 
|  80|0x0000000085000000, 0x0000000085000000, 0x0000000085100000|  0%| F|  |TAMS 0x0000000085000000, 0x0000000085000000| Untracked 
|  81|0x0000000085100000, 0x0000000085100000, 0x0000000085200000|  0%| F|  |TAMS 0x0000000085100000, 0x0000000085100000| Untracked 
|  82|0x0000000085200000, 0x0000000085200000, 0x0000000085300000|  0%| F|  |TAMS 0x0000000085200000, 0x0000000085200000| Untracked 
|  83|0x0000000085300000, 0x0000000085300000, 0x0000000085400000|  0%| F|  |TAMS 0x0000000085300000, 0x0000000085300000| Untracked 
|  84|0x0000000085400000, 0x0000000085400000, 0x0000000085500000|  0%| F|  |TAMS 0x0000000085400000, 0x0000000085400000| Untracked 
|  85|0x0000000085500000, 0x0000000085500000, 0x0000000085600000|  0%| F|  |TAMS 0x0000000085500000, 0x0000000085500000| Untracked 
|  86|0x0000000085600000, 0x0000000085600000, 0x0000000085700000|  0%| F|  |TAMS 0x0000000085600000, 0x0000000085600000| Untracked 
|  87|0x0000000085700000, 0x0000000085700000, 0x0000000085800000|  0%| F|  |TAMS 0x0000000085700000, 0x0000000085700000| Untracked 
|  88|0x0000000085800000, 0x0000000085800000, 0x0000000085900000|  0%| F|  |TAMS 0x0000000085800000, 0x0000000085800000| Untracked 
|  89|0x0000000085900000, 0x0000000085900000, 0x0000000085a00000|  0%| F|  |TAMS 0x0000000085900000, 0x0000000085900000| Untracked 
|  90|0x0000000085a00000, 0x0000000085a00000, 0x0000000085b00000|  0%| F|  |TAMS 0x0000000085a00000, 0x0000000085a00000| Untracked 
|  91|0x0000000085b00000, 0x0000000085b00000, 0x0000000085c00000|  0%| F|  |TAMS 0x0000000085b00000, 0x0000000085b00000| Untracked 
|  92|0x0000000085c00000, 0x0000000085c00000, 0x0000000085d00000|  0%| F|  |TAMS 0x0000000085c00000, 0x0000000085c00000| Untracked 
|  93|0x0000000085d00000, 0x0000000085d00000, 0x0000000085e00000|  0%| F|  |TAMS 0x0000000085d00000, 0x0000000085d00000| Untracked 
|  94|0x0000000085e00000, 0x0000000085e00000, 0x0000000085f00000|  0%| F|  |TAMS 0x0000000085e00000, 0x0000000085e00000| Untracked 
|  95|0x0000000085f00000, 0x0000000085f00000, 0x0000000086000000|  0%| F|  |TAMS 0x0000000085f00000, 0x0000000085f00000| Untracked 
|  96|0x0000000086000000, 0x0000000086000000, 0x0000000086100000|  0%| F|  |TAMS 0x0000000086000000, 0x0000000086000000| Untracked 
|  97|0x0000000086100000, 0x0000000086100000, 0x0000000086200000|  0%| F|  |TAMS 0x0000000086100000, 0x0000000086100000| Untracked 
|  98|0x0000000086200000, 0x0000000086200000, 0x0000000086300000|  0%| F|  |TAMS 0x0000000086200000, 0x0000000086200000| Untracked 
|  99|0x0000000086300000, 0x0000000086300000, 0x0000000086400000|  0%| F|  |TAMS 0x0000000086300000, 0x0000000086300000| Untracked 
| 100|0x0000000086400000, 0x0000000086400000, 0x0000000086500000|  0%| F|  |TAMS 0x0000000086400000, 0x0000000086400000| Untracked 
| 101|0x0000000086500000, 0x0000000086500000, 0x0000000086600000|  0%| F|  |TAMS 0x0000000086500000, 0x0000000086500000| Untracked 
| 102|0x0000000086600000, 0x0000000086600000, 0x0000000086700000|  0%| F|  |TAMS 0x0000000086600000, 0x0000000086600000| Untracked 
| 103|0x0000000086700000, 0x0000000086700000, 0x0000000086800000|  0%| F|  |TAMS 0x0000000086700000, 0x0000000086700000| Untracked 
| 104|0x0000000086800000, 0x0000000086800000, 0x0000000086900000|  0%| F|  |TAMS 0x0000000086800000, 0x0000000086800000| Untracked 
| 105|0x0000000086900000, 0x0000000086900000, 0x0000000086a00000|  0%| F|  |TAMS 0x0000000086900000, 0x0000000086900000| Untracked 
| 106|0x0000000086a00000, 0x0000000086a00000, 0x0000000086b00000|  0%| F|  |TAMS 0x0000000086a00000, 0x0000000086a00000| Untracked 
| 107|0x0000000086b00000, 0x0000000086b00000, 0x0000000086c00000|  0%| F|  |TAMS 0x0000000086b00000, 0x0000000086b00000| Untracked 
| 108|0x0000000086c00000, 0x0000000086c00000, 0x0000000086d00000|  0%| F|  |TAMS 0x0000000086c00000, 0x0000000086c00000| Untracked 
| 109|0x0000000086d00000, 0x0000000086d00000, 0x0000000086e00000|  0%| F|  |TAMS 0x0000000086d00000, 0x0000000086d00000| Untracked 
| 110|0x0000000086e00000, 0x0000000086e00000, 0x0000000086f00000|  0%| F|  |TAMS 0x0000000086e00000, 0x0000000086e00000| Untracked 
| 111|0x0000000086f00000, 0x0000000086f00000, 0x0000000087000000|  0%| F|  |TAMS 0x0000000086f00000, 0x0000000086f00000| Untracked 
| 112|0x0000000087000000, 0x0000000087000000, 0x0000000087100000|  0%| F|  |TAMS 0x0000000087000000, 0x0000000087000000| Untracked 
| 113|0x0000000087100000, 0x0000000087100000, 0x0000000087200000|  0%| F|  |TAMS 0x0000000087100000, 0x0000000087100000| Untracked 
| 114|0x0000000087200000, 0x0000000087200000, 0x0000000087300000|  0%| F|  |TAMS 0x0000000087200000, 0x0000000087200000| Untracked 
| 115|0x0000000087300000, 0x0000000087300000, 0x0000000087400000|  0%| F|  |TAMS 0x0000000087300000, 0x0000000087300000| Untracked 
| 116|0x0000000087400000, 0x0000000087400000, 0x0000000087500000|  0%| F|  |TAMS 0x0000000087400000, 0x0000000087400000| Untracked 
| 117|0x0000000087500000, 0x0000000087500000, 0x0000000087600000|  0%| F|  |TAMS 0x0000000087500000, 0x0000000087500000| Untracked 
| 118|0x0000000087600000, 0x0000000087600000, 0x0000000087700000|  0%| F|  |TAMS 0x0000000087600000, 0x0000000087600000| Untracked 
| 119|0x0000000087700000, 0x0000000087700000, 0x0000000087800000|  0%| F|  |TAMS 0x0000000087700000, 0x0000000087700000| Untracked 
| 120|0x0000000087800000, 0x0000000087800000, 0x0000000087900000|  0%| F|  |TAMS 0x0000000087800000, 0x0000000087800000| Untracked 
| 121|0x0000000087900000, 0x0000000087900000, 0x0000000087a00000|  0%| F|  |TAMS 0x0000000087900000, 0x0000000087900000| Untracked 
| 122|0x0000000087a00000, 0x0000000087a00000, 0x0000000087b00000|  0%| F|  |TAMS 0x0000000087a00000, 0x0000000087a00000| Untracked 
| 123|0x0000000087b00000, 0x0000000087b00000, 0x0000000087c00000|  0%| F|  |TAMS 0x0000000087b00000, 0x0000000087b00000| Untracked 
| 124|0x0000000087c00000, 0x0000000087c00000, 0x0000000087d00000|  0%| F|  |TAMS 0x0000000087c00000, 0x0000000087c00000| Untracked 
| 125|0x0000000087d00000, 0x0000000087d00000, 0x0000000087e00000|  0%| F|  |TAMS 0x0000000087d00000, 0x0000000087d00000| Untracked 
| 126|0x0000000087e00000, 0x0000000087e00000, 0x0000000087f00000|  0%| F|  |TAMS 0x0000000087e00000, 0x0000000087e00000| Untracked 
| 127|0x0000000087f00000, 0x0000000087f00000, 0x0000000088000000|  0%| F|  |TAMS 0x0000000087f00000, 0x0000000087f00000| Untracked 
| 128|0x0000000088000000, 0x0000000088000000, 0x0000000088100000|  0%| F|  |TAMS 0x0000000088000000, 0x0000000088000000| Untracked 
| 129|0x0000000088100000, 0x0000000088100000, 0x0000000088200000|  0%| F|  |TAMS 0x0000000088100000, 0x0000000088100000| Untracked 
| 130|0x0000000088200000, 0x0000000088200000, 0x0000000088300000|  0%| F|  |TAMS 0x0000000088200000, 0x0000000088200000| Untracked 
| 131|0x0000000088300000, 0x0000000088300000, 0x0000000088400000|  0%| F|  |TAMS 0x0000000088300000, 0x0000000088300000| Untracked 
| 132|0x0000000088400000, 0x0000000088400000, 0x0000000088500000|  0%| F|  |TAMS 0x0000000088400000, 0x0000000088400000| Untracked 
| 133|0x0000000088500000, 0x0000000088500000, 0x0000000088600000|  0%| F|  |TAMS 0x0000000088500000, 0x0000000088500000| Untracked 
| 134|0x0000000088600000, 0x0000000088600000, 0x0000000088700000|  0%| F|  |TAMS 0x0000000088600000, 0x0000000088600000| Untracked 
| 135|0x0000000088700000, 0x0000000088700000, 0x0000000088800000|  0%| F|  |TAMS 0x0000000088700000, 0x0000000088700000| Untracked 
| 136|0x0000000088800000, 0x0000000088800000, 0x0000000088900000|  0%| F|  |TAMS 0x0000000088800000, 0x0000000088800000| Untracked 
| 137|0x0000000088900000, 0x0000000088900000, 0x0000000088a00000|  0%| F|  |TAMS 0x0000000088900000, 0x0000000088900000| Untracked 
| 138|0x0000000088a00000, 0x0000000088a00000, 0x0000000088b00000|  0%| F|  |TAMS 0x0000000088a00000, 0x0000000088a00000| Untracked 
| 139|0x0000000088b00000, 0x0000000088b00000, 0x0000000088c00000|  0%| F|  |TAMS 0x0000000088b00000, 0x0000000088b00000| Untracked 
| 140|0x0000000088c00000, 0x0000000088c00000, 0x0000000088d00000|  0%| F|  |TAMS 0x0000000088c00000, 0x0000000088c00000| Untracked 
| 141|0x0000000088d00000, 0x0000000088d00000, 0x0000000088e00000|  0%| F|  |TAMS 0x0000000088d00000, 0x0000000088d00000| Untracked 
| 142|0x0000000088e00000, 0x0000000088e00000, 0x0000000088f00000|  0%| F|  |TAMS 0x0000000088e00000, 0x0000000088e00000| Untracked 
| 143|0x0000000088f00000, 0x0000000088f00000, 0x0000000089000000|  0%| F|  |TAMS 0x0000000088f00000, 0x0000000088f00000| Untracked 
| 144|0x0000000089000000, 0x0000000089000000, 0x0000000089100000|  0%| F|  |TAMS 0x0000000089000000, 0x0000000089000000| Untracked 
| 145|0x0000000089100000, 0x0000000089100000, 0x0000000089200000|  0%| F|  |TAMS 0x0000000089100000, 0x0000000089100000| Untracked 
| 146|0x0000000089200000, 0x0000000089200000, 0x0000000089300000|  0%| F|  |TAMS 0x0000000089200000, 0x0000000089200000| Untracked 
| 147|0x0000000089300000, 0x0000000089300000, 0x0000000089400000|  0%| F|  |TAMS 0x0000000089300000, 0x0000000089300000| Untracked 
| 148|0x0000000089400000, 0x0000000089400000, 0x0000000089500000|  0%| F|  |TAMS 0x0000000089400000, 0x0000000089400000| Untracked 
| 149|0x0000000089500000, 0x0000000089500000, 0x0000000089600000|  0%| F|  |TAMS 0x0000000089500000, 0x0000000089500000| Untracked 
| 150|0x0000000089600000, 0x0000000089600000, 0x0000000089700000|  0%| F|  |TAMS 0x0000000089600000, 0x0000000089600000| Untracked 
| 151|0x0000000089700000, 0x0000000089700000, 0x0000000089800000|  0%| F|  |TAMS 0x0000000089700000, 0x0000000089700000| Untracked 
| 152|0x0000000089800000, 0x0000000089800000, 0x0000000089900000|  0%| F|  |TAMS 0x0000000089800000, 0x0000000089800000| Untracked 
| 153|0x0000000089900000, 0x0000000089900000, 0x0000000089a00000|  0%| F|  |TAMS 0x0000000089900000, 0x0000000089900000| Untracked 
| 154|0x0000000089a00000, 0x0000000089a00000, 0x0000000089b00000|  0%| F|  |TAMS 0x0000000089a00000, 0x0000000089a00000| Untracked 
| 155|0x0000000089b00000, 0x0000000089b00000, 0x0000000089c00000|  0%| F|  |TAMS 0x0000000089b00000, 0x0000000089b00000| Untracked 
| 156|0x0000000089c00000, 0x0000000089c00000, 0x0000000089d00000|  0%| F|  |TAMS 0x0000000089c00000, 0x0000000089c00000| Untracked 
| 157|0x0000000089d00000, 0x0000000089d00000, 0x0000000089e00000|  0%| F|  |TAMS 0x0000000089d00000, 0x0000000089d00000| Untracked 
| 158|0x0000000089e00000, 0x0000000089e00000, 0x0000000089f00000|  0%| F|  |TAMS 0x0000000089e00000, 0x0000000089e00000| Untracked 
| 159|0x0000000089f00000, 0x0000000089f00000, 0x000000008a000000|  0%| F|  |TAMS 0x0000000089f00000, 0x0000000089f00000| Untracked 
| 160|0x000000008a000000, 0x000000008a000000, 0x000000008a100000|  0%| F|  |TAMS 0x000000008a000000, 0x000000008a000000| Untracked 
| 161|0x000000008a100000, 0x000000008a100000, 0x000000008a200000|  0%| F|  |TAMS 0x000000008a100000, 0x000000008a100000| Untracked 
| 162|0x000000008a200000, 0x000000008a200000, 0x000000008a300000|  0%| F|  |TAMS 0x000000008a200000, 0x000000008a200000| Untracked 
| 163|0x000000008a300000, 0x000000008a300000, 0x000000008a400000|  0%| F|  |TAMS 0x000000008a300000, 0x000000008a300000| Untracked 
| 164|0x000000008a400000, 0x000000008a400000, 0x000000008a500000|  0%| F|  |TAMS 0x000000008a400000, 0x000000008a400000| Untracked 
| 165|0x000000008a500000, 0x000000008a500000, 0x000000008a600000|  0%| F|  |TAMS 0x000000008a500000, 0x000000008a500000| Untracked 
| 166|0x000000008a600000, 0x000000008a600000, 0x000000008a700000|  0%| F|  |TAMS 0x000000008a600000, 0x000000008a600000| Untracked 
| 167|0x000000008a700000, 0x000000008a700000, 0x000000008a800000|  0%| F|  |TAMS 0x000000008a700000, 0x000000008a700000| Untracked 
| 168|0x000000008a800000, 0x000000008a800000, 0x000000008a900000|  0%| F|  |TAMS 0x000000008a800000, 0x000000008a800000| Untracked 
| 169|0x000000008a900000, 0x000000008a900000, 0x000000008aa00000|  0%| F|  |TAMS 0x000000008a900000, 0x000000008a900000| Untracked 
| 170|0x000000008aa00000, 0x000000008aa00000, 0x000000008ab00000|  0%| F|  |TAMS 0x000000008aa00000, 0x000000008aa00000| Untracked 
| 171|0x000000008ab00000, 0x000000008ab00000, 0x000000008ac00000|  0%| F|  |TAMS 0x000000008ab00000, 0x000000008ab00000| Untracked 
| 172|0x000000008ac00000, 0x000000008ac00000, 0x000000008ad00000|  0%| F|  |TAMS 0x000000008ac00000, 0x000000008ac00000| Untracked 
| 173|0x000000008ad00000, 0x000000008ad00000, 0x000000008ae00000|  0%| F|  |TAMS 0x000000008ad00000, 0x000000008ad00000| Untracked 
| 174|0x000000008ae00000, 0x000000008ae00000, 0x000000008af00000|  0%| F|  |TAMS 0x000000008ae00000, 0x000000008ae00000| Untracked 
| 175|0x000000008af00000, 0x000000008af00000, 0x000000008b000000|  0%| F|  |TAMS 0x000000008af00000, 0x000000008af00000| Untracked 
| 176|0x000000008b000000, 0x000000008b080800, 0x000000008b100000| 50%| E|  |TAMS 0x000000008b000000, 0x000000008b000000| Complete 
| 177|0x000000008b100000, 0x000000008b200000, 0x000000008b200000|100%| E|CS|TAMS 0x000000008b100000, 0x000000008b100000| Complete 
| 178|0x000000008b200000, 0x000000008b300000, 0x000000008b300000|100%| E|CS|TAMS 0x000000008b200000, 0x000000008b200000| Complete 
| 179|0x000000008b300000, 0x000000008b400000, 0x000000008b400000|100%| E|CS|TAMS 0x000000008b300000, 0x000000008b300000| Complete 
| 192|0x000000008c000000, 0x000000008c100000, 0x000000008c100000|100%| E|CS|TAMS 0x000000008c000000, 0x000000008c000000| Complete 
| 193|0x000000008c100000, 0x000000008c200000, 0x000000008c200000|100%| E|CS|TAMS 0x000000008c100000, 0x000000008c100000| Complete 
| 194|0x000000008c200000, 0x000000008c300000, 0x000000008c300000|100%| E|CS|TAMS 0x000000008c200000, 0x000000008c200000| Complete 
| 195|0x000000008c300000, 0x000000008c400000, 0x000000008c400000|100%| E|CS|TAMS 0x000000008c300000, 0x000000008c300000| Complete 
| 196|0x000000008c400000, 0x000000008c500000, 0x000000008c500000|100%| E|CS|TAMS 0x000000008c400000, 0x000000008c400000| Complete 
| 197|0x000000008c500000, 0x000000008c56c020, 0x000000008c600000| 42%| S|CS|TAMS 0x000000008c500000, 0x000000008c500000| Complete 
| 198|0x000000008c600000, 0x000000008c700000, 0x000000008c700000|100%| E|CS|TAMS 0x000000008c600000, 0x000000008c600000| Complete 
| 199|0x000000008c700000, 0x000000008c800000, 0x000000008c800000|100%| E|CS|TAMS 0x000000008c700000, 0x000000008c700000| Complete 
| 200|0x000000008c800000, 0x000000008c900000, 0x000000008c900000|100%| E|CS|TAMS 0x000000008c800000, 0x000000008c800000| Complete 
| 251|0x000000008fb00000, 0x000000008fc00000, 0x000000008fc00000|100%| E|CS|TAMS 0x000000008fb00000, 0x000000008fb00000| Complete 

Card table byte_map: [0x000001d6453c0000,0x000001d6457c0000] _byte_map_base: 0x000001d644fc0000

Marking Bits (Prev, Next): (CMBitMap*) 0x000001d63281b430, (CMBitMap*) 0x000001d63281b3f0
 Prev Bits: [0x000001d647bc0000, 0x000001d649bc0000)
 Next Bits: [0x000001d645bc0000, 0x000001d647bc0000)

Polling page: 0x000001d6307a0000

Metaspace:

Usage:
  Non-class:     57.32 MB used.
      Class:      9.13 MB used.
       Both:     66.45 MB used.

Virtual space:
  Non-class space:       64.00 MB reserved,      57.62 MB ( 90%) committed,  1 nodes.
      Class space:        1.00 GB reserved,       9.38 MB ( <1%) committed,  1 nodes.
             Both:        1.06 GB reserved,      67.00 MB (  6%) committed. 

Chunk freelists:
   Non-Class:  6.31 MB
       Class:  6.45 MB
        Both:  12.77 MB

MaxMetaspaceSize: unlimited
CompressedClassSpaceSize: 1.00 GB
Initial GC threshold: 21.00 MB
Current GC threshold: 98.75 MB
CDS: off
MetaspaceReclaimPolicy: balanced
 - commit_granule_bytes: 65536.
 - commit_granule_words: 8192.
 - virtual_space_node_default_size: 8388608.
 - enlarge_chunks_in_place: 1.
 - new_chunks_are_fully_committed: 0.
 - uncommit_free_chunks: 1.
 - use_allocation_guard: 0.
 - handle_deallocations: 1.


Internal statistics:

num_allocs_failed_limit: 6.
num_arena_births: 744.
num_arena_deaths: 0.
num_vsnodes_births: 2.
num_vsnodes_deaths: 0.
num_space_committed: 1072.
num_space_uncommitted: 0.
num_chunks_returned_to_freelist: 6.
num_chunks_taken_from_freelist: 3057.
num_chunk_merges: 6.
num_chunk_splits: 2041.
num_chunks_enlarged: 1392.
num_inconsistent_stats: 0.

CodeHeap 'non-profiled nmethods': size=120000Kb used=3747Kb max_used=3747Kb free=116252Kb
 bounds [0x000001d63d760000, 0x000001d63db10000, 0x000001d644c90000]
CodeHeap 'profiled nmethods': size=120000Kb used=12456Kb max_used=12456Kb free=107543Kb
 bounds [0x000001d635c90000, 0x000001d6368c0000, 0x000001d63d1c0000]
CodeHeap 'non-nmethods': size=5760Kb used=1677Kb max_used=1712Kb free=4082Kb
 bounds [0x000001d63d1c0000, 0x000001d63d430000, 0x000001d63d760000]
 total_blobs=7473 nmethods=6726 adapters=659
 compilation: enabled
              stopped_count=0, restarted_count=0
 full_count=0

Compilation events (20 events):
Event: 12.532 Thread 0x000001d64c8320d0 7458       1       com.google.common.collect.ImmutableEntry::getKey (5 bytes)
Event: 12.532 Thread 0x000001d64c8320d0 nmethod 7458 0x000001d63db07f90 code [0x000001d63db08120, 0x000001d63db081f8]
Event: 12.532 Thread 0x000001d64c8320d0 7459       1       com.google.common.collect.ImmutableEntry::getValue (5 bytes)
Event: 12.532 Thread 0x000001d64c8320d0 nmethod 7459 0x000001d63db08290 code [0x000001d63db08420, 0x000001d63db084f8]
Event: 12.535 Thread 0x000001d64c8320d0 7460       1       com.google.common.collect.ImmutableMapEntry::isReusable (2 bytes)
Event: 12.535 Thread 0x000001d64c8320d0 nmethod 7460 0x000001d63db08590 code [0x000001d63db08720, 0x000001d63db087f8]
Event: 12.538 Thread 0x000001d64c8320d0 7461       3       com.google.common.collect.ImmutableMapEntry::<init> (12 bytes)
Event: 12.538 Thread 0x000001d64c8320d0 nmethod 7461 0x000001d6368b5310 code [0x000001d6368b54c0, 0x000001d6368b57c8]
Event: 12.538 Thread 0x000001d64c8320d0 7462       3       com.google.common.collect.ImmutableEntry::<init> (15 bytes)
Event: 12.538 Thread 0x000001d64c8320d0 nmethod 7462 0x000001d6368b5910 code [0x000001d6368b5ac0, 0x000001d6368b5d38]
Event: 12.538 Thread 0x000001d64c8320d0 7463       3       com.google.common.collect.Hashing::smear (19 bytes)
Event: 12.538 Thread 0x000001d64c8320d0 nmethod 7463 0x000001d6368b5e10 code [0x000001d6368b5fa0, 0x000001d6368b6118]
Event: 12.540 Thread 0x000001d64c8320d0 7464       3       kotlin.jvm.internal.Intrinsics::checkNotNull (8 bytes)
Event: 12.540 Thread 0x000001d64c8320d0 nmethod 7464 0x000001d6368b6210 code [0x000001d6368b6400, 0x000001d6368b68c8]
Event: 12.543 Thread 0x000001d64c8320d0 7465       1       org.gradle.internal.dispatch.ProxyDispatchAdapter::getSource (5 bytes)
Event: 12.543 Thread 0x000001d64c8320d0 nmethod 7465 0x000001d63db08890 code [0x000001d63db08a20, 0x000001d63db08af8]
Event: 12.544 Thread 0x000001d64c8320d0 7466       1       org.gradle.api.internal.provider.ValueState$NonFinalizedValue::setConvention (6 bytes)
Event: 12.544 Thread 0x000001d64c8320d0 nmethod 7466 0x000001d63db08b90 code [0x000001d63db08d20, 0x000001d63db08e38]
Event: 12.544 Thread 0x000001d64c8320d0 7467   !   3       org.gradle.internal.event.DefaultListenerManager$EventBroadcast::endNotification (145 bytes)
Event: 12.545 Thread 0x000001d64c8320d0 nmethod 7467 0x000001d6368b6a90 code [0x000001d6368b6dc0, 0x000001d6368b8498]

GC Heap History (20 events):
Event: 10.138 GC heap before
{Heap before GC invocations=20 (full 0):
 garbage-first heap   total 73728K, used 43842K [0x0000000080000000, 0x0000000100000000)
  region size 1024K, 4 young (4096K), 3 survivors (3072K)
 Metaspace       used 56458K, committed 57024K, reserved 1114112K
  class space    used 7771K, committed 8064K, reserved 1048576K
}
Event: 10.142 GC heap after
{Heap after GC invocations=21 (full 0):
 garbage-first heap   total 73728K, used 42229K [0x0000000080000000, 0x0000000100000000)
  region size 1024K, 1 young (1024K), 1 survivors (1024K)
 Metaspace       used 56458K, committed 57024K, reserved 1114112K
  class space    used 7771K, committed 8064K, reserved 1048576K
}
Event: 10.250 GC heap before
{Heap before GC invocations=21 (full 0):
 garbage-first heap   total 73728K, used 56565K [0x0000000080000000, 0x0000000100000000)
  region size 1024K, 16 young (16384K), 1 survivors (1024K)
 Metaspace       used 56573K, committed 57152K, reserved 1114112K
  class space    used 7775K, committed 8064K, reserved 1048576K
}
Event: 10.252 GC heap after
{Heap after GC invocations=22 (full 0):
 garbage-first heap   total 73728K, used 44224K [0x0000000080000000, 0x0000000100000000)
  region size 1024K, 2 young (2048K), 2 survivors (2048K)
 Metaspace       used 56573K, committed 57152K, reserved 1114112K
  class space    used 7775K, committed 8064K, reserved 1048576K
}
Event: 10.599 GC heap before
{Heap before GC invocations=23 (full 0):
 garbage-first heap   total 78848K, used 63680K [0x0000000080000000, 0x0000000100000000)
  region size 1024K, 16 young (16384K), 2 survivors (2048K)
 Metaspace       used 57222K, committed 57728K, reserved 1114112K
  class space    used 7878K, committed 8128K, reserved 1048576K
}
Event: 10.601 GC heap after
{Heap after GC invocations=24 (full 0):
 garbage-first heap   total 78848K, used 52817K [0x0000000080000000, 0x0000000100000000)
  region size 1024K, 2 young (2048K), 2 survivors (2048K)
 Metaspace       used 57222K, committed 57728K, reserved 1114112K
  class space    used 7878K, committed 8128K, reserved 1048576K
}
Event: 10.614 GC heap before
{Heap before GC invocations=24 (full 0):
 garbage-first heap   total 78848K, used 53841K [0x0000000080000000, 0x0000000100000000)
  region size 1024K, 3 young (3072K), 2 survivors (2048K)
 Metaspace       used 57242K, committed 57792K, reserved 1114112K
  class space    used 7880K, committed 8128K, reserved 1048576K
}
Event: 10.615 GC heap after
{Heap after GC invocations=25 (full 0):
 garbage-first heap   total 78848K, used 50376K [0x0000000080000000, 0x0000000100000000)
  region size 1024K, 1 young (1024K), 1 survivors (1024K)
 Metaspace       used 57242K, committed 57792K, reserved 1114112K
  class space    used 7880K, committed 8128K, reserved 1048576K
}
Event: 10.623 GC heap before
{Heap before GC invocations=25 (full 0):
 garbage-first heap   total 78848K, used 50376K [0x0000000080000000, 0x0000000100000000)
  region size 1024K, 2 young (2048K), 1 survivors (1024K)
 Metaspace       used 57248K, committed 57792K, reserved 1114112K
  class space    used 7880K, committed 8128K, reserved 1048576K
}
Event: 10.625 GC heap after
{Heap after GC invocations=26 (full 0):
 garbage-first heap   total 78848K, used 50411K [0x0000000080000000, 0x0000000100000000)
  region size 1024K, 1 young (1024K), 1 survivors (1024K)
 Metaspace       used 57248K, committed 57792K, reserved 1114112K
  class space    used 7880K, committed 8128K, reserved 1048576K
}
Event: 11.005 GC heap before
{Heap before GC invocations=27 (full 0):
 garbage-first heap   total 91136K, used 68843K [0x0000000080000000, 0x0000000100000000)
  region size 1024K, 13 young (13312K), 1 survivors (1024K)
 Metaspace       used 58727K, committed 59264K, reserved 1114112K
  class space    used 8052K, committed 8320K, reserved 1048576K
}
Event: 11.007 GC heap after
{Heap after GC invocations=28 (full 0):
 garbage-first heap   total 91136K, used 61463K [0x0000000080000000, 0x0000000100000000)
  region size 1024K, 2 young (2048K), 2 survivors (2048K)
 Metaspace       used 58727K, committed 59264K, reserved 1114112K
  class space    used 8052K, committed 8320K, reserved 1048576K
}
Event: 11.048 GC heap before
{Heap before GC invocations=28 (full 0):
 garbage-first heap   total 91136K, used 63511K [0x0000000080000000, 0x0000000100000000)
  region size 1024K, 4 young (4096K), 2 survivors (2048K)
 Metaspace       used 58961K, committed 59520K, reserved 1114112K
  class space    used 8085K, committed 8320K, reserved 1048576K
}
Event: 11.050 GC heap after
{Heap after GC invocations=29 (full 0):
 garbage-first heap   total 91136K, used 61098K [0x0000000080000000, 0x0000000100000000)
  region size 1024K, 1 young (1024K), 1 survivors (1024K)
 Metaspace       used 58961K, committed 59520K, reserved 1114112K
  class space    used 8085K, committed 8320K, reserved 1048576K
}
Event: 11.234 GC heap before
{Heap before GC invocations=29 (full 0):
 garbage-first heap   total 91136K, used 74410K [0x0000000080000000, 0x0000000100000000)
  region size 1024K, 11 young (11264K), 1 survivors (1024K)
 Metaspace       used 59953K, committed 60480K, reserved 1114112K
  class space    used 8225K, committed 8448K, reserved 1048576K
}
Event: 11.235 GC heap after
{Heap after GC invocations=30 (full 0):
 garbage-first heap   total 194560K, used 65949K [0x0000000080000000, 0x0000000100000000)
  region size 1024K, 1 young (1024K), 1 survivors (1024K)
 Metaspace       used 59953K, committed 60480K, reserved 1114112K
  class space    used 8225K, committed 8448K, reserved 1048576K
}
Event: 12.411 GC heap before
{Heap before GC invocations=31 (full 0):
 garbage-first heap   total 194560K, used 140701K [0x0000000080000000, 0x0000000100000000)
  region size 1024K, 73 young (74752K), 1 survivors (1024K)
 Metaspace       used 66712K, committed 67264K, reserved 1114112K
  class space    used 9159K, committed 9408K, reserved 1048576K
}
Event: 12.416 GC heap after
{Heap after GC invocations=32 (full 0):
 garbage-first heap   total 194560K, used 72059K [0x0000000080000000, 0x0000000100000000)
  region size 1024K, 5 young (5120K), 5 survivors (5120K)
 Metaspace       used 66712K, committed 67264K, reserved 1114112K
  class space    used 9159K, committed 9408K, reserved 1048576K
}
Event: 12.465 GC heap before
{Heap before GC invocations=32 (full 0):
 garbage-first heap   total 194560K, used 75131K [0x0000000080000000, 0x0000000100000000)
  region size 1024K, 9 young (9216K), 5 survivors (5120K)
 Metaspace       used 67016K, committed 67584K, reserved 1114112K
  class space    used 9198K, committed 9472K, reserved 1048576K
}
Event: 12.470 GC heap after
{Heap after GC invocations=33 (full 0):
 garbage-first heap   total 194560K, used 72122K [0x0000000080000000, 0x0000000100000000)
  region size 1024K, 1 young (1024K), 1 survivors (1024K)
 Metaspace       used 67016K, committed 67584K, reserved 1114112K
  class space    used 9198K, committed 9472K, reserved 1048576K
}

Dll operation events (3 events):
Event: 0.022 Loaded shared library C:\Program Files\Android\Android Studio1\jbr\bin\java.dll
Event: 0.147 Loaded shared library C:\Program Files\Android\Android Studio1\jbr\bin\zip.dll
Event: 0.404 Loaded shared library C:\Program Files\Android\Android Studio1\jbr\bin\verify.dll

Deoptimization events (20 events):
Event: 11.971 Thread 0x000001d652ae3180 DEOPT PACKING pc=0x000001d63d95bce0 sp=0x00000095115f6e80
Event: 11.971 Thread 0x000001d652ae3180 DEOPT UNPACKING pc=0x000001d63d21a1a3 sp=0x00000095115f6dc0 mode 2
Event: 11.971 Thread 0x000001d652ae3180 Uncommon trap: trap_request=0xffffffde fr.pc=0x000001d63d955b40 relative=0x0000000000000300
Event: 11.971 Thread 0x000001d652ae3180 Uncommon trap: reason=class_check action=maybe_recompile pc=0x000001d63d955b40 method=java.util.regex.Pattern$Start.match(Ljava/util/regex/Matcher;ILjava/lang/CharSequence;)Z @ 44 c2
Event: 11.971 Thread 0x000001d652ae3180 DEOPT PACKING pc=0x000001d63d955b40 sp=0x00000095115f6e00
Event: 11.971 Thread 0x000001d652ae3180 DEOPT UNPACKING pc=0x000001d63d21a1a3 sp=0x00000095115f6dc0 mode 2
Event: 12.099 Thread 0x000001d652ae3180 Uncommon trap: trap_request=0xffffffde fr.pc=0x000001d63dac0c18 relative=0x0000000000002878
Event: 12.099 Thread 0x000001d652ae3180 Uncommon trap: reason=class_check action=maybe_recompile pc=0x000001d63dac0c18 method=java.util.jar.JarFile.getManifestFromReference()Ljava/util/jar/Manifest; @ 152 c2
Event: 12.099 Thread 0x000001d652ae3180 DEOPT PACKING pc=0x000001d63dac0c18 sp=0x00000095115f6200
Event: 12.099 Thread 0x000001d652ae3180 DEOPT UNPACKING pc=0x000001d63d21a1a3 sp=0x00000095115f6180 mode 2
Event: 12.165 Thread 0x000001d652ae3180 DEOPT PACKING pc=0x000001d6362f46ce sp=0x00000095115f6f50
Event: 12.165 Thread 0x000001d652ae3180 DEOPT UNPACKING pc=0x000001d63d21ace3 sp=0x00000095115f6418 mode 0
Event: 12.279 Thread 0x000001d652ae3180 Uncommon trap: trap_request=0xffffffde fr.pc=0x000001d63dac0c18 relative=0x0000000000002878
Event: 12.279 Thread 0x000001d652ae3180 Uncommon trap: reason=class_check action=maybe_recompile pc=0x000001d63dac0c18 method=java.util.jar.JarFile.getManifestFromReference()Ljava/util/jar/Manifest; @ 152 c2
Event: 12.279 Thread 0x000001d652ae3180 DEOPT PACKING pc=0x000001d63dac0c18 sp=0x00000095115f61c0
Event: 12.279 Thread 0x000001d652ae3180 DEOPT UNPACKING pc=0x000001d63d21a1a3 sp=0x00000095115f6140 mode 2
Event: 12.543 Thread 0x000001d652ae3180 Uncommon trap: trap_request=0xffffffbe fr.pc=0x000001d63dac5ac0 relative=0x00000000000001a0
Event: 12.543 Thread 0x000001d652ae3180 Uncommon trap: reason=profile_predicate action=maybe_recompile pc=0x000001d63dac5ac0 method=java.util.LinkedHashMap.keysToArray([Ljava/lang/Object;)[Ljava/lang/Object; @ 12 c2
Event: 12.543 Thread 0x000001d652ae3180 DEOPT PACKING pc=0x000001d63dac5ac0 sp=0x00000095115f5e10
Event: 12.543 Thread 0x000001d652ae3180 DEOPT UNPACKING pc=0x000001d63d21a1a3 sp=0x00000095115f5dc8 mode 2

Classes unloaded (0 events):
No events

Classes redefined (0 events):
No events

Internal exceptions (20 events):
Event: 11.966 Thread 0x000001d652ae3180 Exception <a 'java/lang/ClassNotFoundException'{0x00000000892bf980}: groovy/lang/Closure$1BeanInfo> (0x00000000892bf980) 
thrown [s\src\hotspot\share\classfile\systemDictionary.cpp, line 256]
Event: 11.968 Thread 0x000001d652ae3180 Exception <a 'java/lang/ClassNotFoundException'{0x00000000892e9898}: groovy/lang/ClosureBeanInfo> (0x00000000892e9898) 
thrown [s\src\hotspot\share\classfile\systemDictionary.cpp, line 256]
Event: 11.969 Thread 0x000001d652ae3180 Exception <a 'java/lang/ClassNotFoundException'{0x0000000089113c20}: groovy/lang/ClosureCustomizer> (0x0000000089113c20) 
thrown [s\src\hotspot\share\classfile\systemDictionary.cpp, line 256]
Event: 11.974 Thread 0x000001d652ae3180 Exception <a 'java/lang/ClassNotFoundException'{0x0000000089161088}: groovy/lang/Closure$1Customizer> (0x0000000089161088) 
thrown [s\src\hotspot\share\classfile\systemDictionary.cpp, line 256]
Event: 11.985 Thread 0x000001d652ae3180 Exception <a 'java/lang/ClassNotFoundException'{0x00000000891d7898}: org/jetbrains/kotlin/gradle/targets/js/npm/DefaultNpmDependencyExtensionBeanInfo> (0x00000000891d7898) 
thrown [s\src\hotspot\share\classfile\systemDictionary.cpp, line 256]
Event: 11.986 Thread 0x000001d652ae3180 Exception <a 'java/lang/ClassNotFoundException'{0x00000000891e7210}: org/jetbrains/kotlin/gradle/targets/js/npm/DefaultNpmDependencyExtensionCustomizer> (0x00000000891e7210) 
thrown [s\src\hotspot\share\classfile\systemDictionary.cpp, line 256]
Event: 11.998 Thread 0x000001d652ae3180 Exception <a 'java/lang/ClassNotFoundException'{0x0000000089085b10}: org/jetbrains/kotlin/gradle/targets/js/npm/NpmDependencyExtensionKt$defaultNpmDependencyDelegate$1BeanInfo> (0x0000000089085b10) 
thrown [s\src\hotspot\share\classfile\systemDictionary.cpp, line 256]
Event: 12.000 Thread 0x000001d652ae3180 Exception <a 'java/lang/ClassNotFoundException'{0x00000000890954d0}: org/jetbrains/kotlin/gradle/targets/js/npm/NpmDependencyExtensionDelegateBeanInfo> (0x00000000890954d0) 
thrown [s\src\hotspot\share\classfile\systemDictionary.cpp, line 256]
Event: 12.001 Thread 0x000001d652ae3180 Exception <a 'java/lang/ClassNotFoundException'{0x00000000890a4e80}: org/jetbrains/kotlin/gradle/targets/js/npm/NpmDependencyExtensionDelegateCustomizer> (0x00000000890a4e80) 
thrown [s\src\hotspot\share\classfile\systemDictionary.cpp, line 256]
Event: 12.003 Thread 0x000001d652ae3180 Exception <a 'java/lang/ClassNotFoundException'{0x00000000890d6f38}: org/jetbrains/kotlin/gradle/targets/js/npm/NpmDependencyExtensionKt$defaultNpmDependencyDelegate$1Customizer> (0x00000000890d6f38) 
thrown [s\src\hotspot\share\classfile\systemDictionary.cpp, line 256]
Event: 12.014 Thread 0x000001d652ae3180 Exception <a 'java/lang/ClassNotFoundException'{0x0000000088f613f8}: org/jetbrains/kotlin/gradle/targets/js/npm/DefaultDevNpmDependencyExtensionBeanInfo> (0x0000000088f613f8) 
thrown [s\src\hotspot\share\classfile\systemDictionary.cpp, line 256]
Event: 12.015 Thread 0x000001d652ae3180 Exception <a 'java/lang/ClassNotFoundException'{0x0000000088f70db8}: org/jetbrains/kotlin/gradle/targets/js/npm/DefaultDevNpmDependencyExtensionCustomizer> (0x0000000088f70db8) 
thrown [s\src\hotspot\share\classfile\systemDictionary.cpp, line 256]
Event: 12.019 Thread 0x000001d652ae3180 Exception <a 'java/lang/ClassNotFoundException'{0x0000000088fc1628}: org/jetbrains/kotlin/gradle/targets/js/npm/DefaultPeerNpmDependencyExtensionBeanInfo> (0x0000000088fc1628) 
thrown [s\src\hotspot\share\classfile\systemDictionary.cpp, line 256]
Event: 12.020 Thread 0x000001d652ae3180 Exception <a 'java/lang/ClassNotFoundException'{0x0000000088fd1020}: org/jetbrains/kotlin/gradle/targets/js/npm/DefaultPeerNpmDependencyExtensionCustomizer> (0x0000000088fd1020) 
thrown [s\src\hotspot\share\classfile\systemDictionary.cpp, line 256]
Event: 12.024 Thread 0x000001d652ae3180 Exception <a 'java/lang/ClassNotFoundException'{0x0000000088e2f308}: org/jetbrains/kotlin/gradle/targets/js/npm/DefaultPeerNpmDependencyExtension$delegate$1BeanInfo> (0x0000000088e2f308) 
thrown [s\src\hotspot\share\classfile\systemDictionary.cpp, line 256]
Event: 12.024 Thread 0x000001d652ae3180 Exception <a 'java/lang/ClassNotFoundException'{0x0000000088e3efb0}: org/jetbrains/kotlin/gradle/targets/js/npm/DefaultPeerNpmDependencyExtension$delegate$1Customizer> (0x0000000088e3efb0) 
thrown [s\src\hotspot\share\classfile\systemDictionary.cpp, line 256]
Event: 12.053 Thread 0x000001d652ae3180 Exception <a 'java/lang/NoSuchMethodError'{0x0000000088c27cd8}: 'void java.lang.invoke.Invokers$Holder.invoke_MT(java.lang.Object, java.lang.Object, java.lang.Object, java.lang.Object)'> (0x0000000088c27cd8) 
thrown [s\src\hotspot\share\interpreter\linkResolver.cpp, line 771]
Event: 12.059 Thread 0x000001d652ae3180 Exception <a 'java/lang/NoSuchMethodError'{0x0000000088c70c98}: 'java.lang.Object java.lang.invoke.DirectMethodHandle$Holder.invokeSpecial(java.lang.Object, java.lang.Object, java.lang.Object, int, java.lang.Object, java.lang.Object)'> (0x0000000088c70c98) 
thrown [s\src\hotspot\share\interpreter\linkResolver.cpp, line 771]
Event: 12.084 Thread 0x000001d652ae3180 Exception <a 'java/lang/ClassNotFoundException'{0x0000000088a6dc48}: org/gradle/api/internal/plugins/DefaultObjectConfigurationActionBeanInfo> (0x0000000088a6dc48) 
thrown [s\src\hotspot\share\classfile\systemDictionary.cpp, line 256]
Event: 12.085 Thread 0x000001d652ae3180 Exception <a 'java/lang/ClassNotFoundException'{0x0000000088a848e8}: org/gradle/api/internal/plugins/DefaultObjectConfigurationActionCustomizer> (0x0000000088a848e8) 
thrown [s\src\hotspot\share\classfile\systemDictionary.cpp, line 256]

VM Operations (20 events):
Event: 11.005 Executing VM operation: G1CollectForAllocation
Event: 11.007 Executing VM operation: G1CollectForAllocation done
Event: 11.048 Executing VM operation: G1CollectForAllocation
Event: 11.050 Executing VM operation: G1CollectForAllocation done
Event: 11.233 Executing VM operation: G1CollectForAllocation
Event: 11.235 Executing VM operation: G1CollectForAllocation done
Event: 11.268 Executing VM operation: G1PauseRemark
Event: 11.271 Executing VM operation: G1PauseRemark done
Event: 11.290 Executing VM operation: G1PauseCleanup
Event: 11.290 Executing VM operation: G1PauseCleanup done
Event: 12.304 Executing VM operation: Cleanup
Event: 12.304 Executing VM operation: Cleanup done
Event: 12.411 Executing VM operation: G1CollectForAllocation
Event: 12.416 Executing VM operation: G1CollectForAllocation done
Event: 12.427 Executing VM operation: HandshakeAllThreads
Event: 12.427 Executing VM operation: HandshakeAllThreads done
Event: 12.428 Executing VM operation: HandshakeAllThreads
Event: 12.428 Executing VM operation: HandshakeAllThreads done
Event: 12.465 Executing VM operation: G1CollectForAllocation
Event: 12.470 Executing VM operation: G1CollectForAllocation done

Events (20 events):
Event: 11.883 Thread 0x000001d65655b760 Thread added: 0x000001d65655b760
Event: 11.974 loading class com/sun/beans/finder/MethodFinder
Event: 11.975 loading class com/sun/beans/finder/AbstractFinder
Event: 11.975 loading class com/sun/beans/finder/AbstractFinder done
Event: 11.975 loading class com/sun/beans/finder/MethodFinder done
Event: 11.975 loading class com/sun/beans/finder/MethodFinder$1
Event: 11.976 loading class com/sun/beans/finder/MethodFinder$1 done
Event: 11.976 loading class com/sun/beans/finder/FinderUtils
Event: 11.976 loading class com/sun/beans/finder/FinderUtils done
Event: 12.085 loading class jdk/internal/reflect/UnsafeObjectFieldAccessorImpl
Event: 12.086 loading class jdk/internal/reflect/UnsafeObjectFieldAccessorImpl done
Event: 12.166 Thread 0x000001d65655b760 Thread exited: 0x000001d65655b760
Event: 12.416 loading class java/util/concurrent/LinkedBlockingDeque$Itr
Event: 12.417 loading class java/util/concurrent/LinkedBlockingDeque$AbstractItr
Event: 12.417 loading class java/util/concurrent/LinkedBlockingDeque$AbstractItr done
Event: 12.417 loading class java/util/concurrent/LinkedBlockingDeque$Itr done
Event: 12.426 loading class java/util/regex/Pattern$1
Event: 12.426 loading class java/util/regex/Pattern$1 done
Event: 12.573 loading class java/io/StringReader
Event: 12.573 loading class java/io/StringReader done


Dynamic libraries:
0x00007ff625db0000 - 0x00007ff625dba000 	C:\Program Files\Android\Android Studio1\jbr\bin\java.exe
0x00007ffaf2810000 - 0x00007ffaf2a27000 	C:\WINDOWS\SYSTEM32\ntdll.dll
0x00007ffaf1090000 - 0x00007ffaf1154000 	C:\WINDOWS\System32\KERNEL32.DLL
0x00007ffaefca0000 - 0x00007ffaf004c000 	C:\WINDOWS\System32\KERNELBASE.dll
0x00007ffaf0290000 - 0x00007ffaf03a1000 	C:\WINDOWS\System32\ucrtbase.dll
0x00007ffae37a0000 - 0x00007ffae37b7000 	C:\Program Files\Android\Android Studio1\jbr\bin\jli.dll
0x00007ffae5cd0000 - 0x00007ffae5ceb000 	C:\Program Files\Android\Android Studio1\jbr\bin\VCRUNTIME140.dll
0x00007ffaf0d20000 - 0x00007ffaf0ece000 	C:\WINDOWS\System32\USER32.dll
0x00007ffaefc70000 - 0x00007ffaefc96000 	C:\WINDOWS\System32\win32u.dll
0x00007ffaf14e0000 - 0x00007ffaf1509000 	C:\WINDOWS\System32\GDI32.dll
0x00007ffaf0430000 - 0x00007ffaf0549000 	C:\WINDOWS\System32\gdi32full.dll
0x00007ffaf01f0000 - 0x00007ffaf028a000 	C:\WINDOWS\System32\msvcp_win.dll
0x00007ffae7030000 - 0x00007ffae72c3000 	C:\WINDOWS\WinSxS\amd64_microsoft.windows.common-controls_6595b64144ccf1df_6.0.22621.3672_none_2713b9d173822955\COMCTL32.dll
0x00007ffaf19c0000 - 0x00007ffaf1a67000 	C:\WINDOWS\System32\msvcrt.dll
0x00007ffaf0cd0000 - 0x00007ffaf0d01000 	C:\WINDOWS\System32\IMM32.DLL
0x00007ffae8f60000 - 0x00007ffae8f6c000 	C:\Program Files\Android\Android Studio1\jbr\bin\vcruntime140_1.dll
0x00007ffad2e30000 - 0x00007ffad2ebd000 	C:\Program Files\Android\Android Studio1\jbr\bin\msvcp140.dll
0x00007ffaa90e0000 - 0x00007ffaa9d63000 	C:\Program Files\Android\Android Studio1\jbr\bin\server\jvm.dll
0x00007ffaf1420000 - 0x00007ffaf14d2000 	C:\WINDOWS\System32\ADVAPI32.dll
0x00007ffaf1a70000 - 0x00007ffaf1b1a000 	C:\WINDOWS\System32\sechost.dll
0x00007ffaf0050000 - 0x00007ffaf0078000 	C:\WINDOWS\System32\bcrypt.dll
0x00007ffaf1510000 - 0x00007ffaf1625000 	C:\WINDOWS\System32\RPCRT4.dll
0x00007ffaea120000 - 0x00007ffaea154000 	C:\WINDOWS\SYSTEM32\WINMM.dll
0x00007ffae1d70000 - 0x00007ffae1d79000 	C:\WINDOWS\SYSTEM32\WSOCK32.dll
0x00007ffaf1ce0000 - 0x00007ffaf1d51000 	C:\WINDOWS\System32\WS2_32.dll
0x00007ffae95a0000 - 0x00007ffae95aa000 	C:\WINDOWS\SYSTEM32\VERSION.dll
0x00007ffaeed30000 - 0x00007ffaeed7d000 	C:\WINDOWS\SYSTEM32\POWRPROF.dll
0x00007ffaeebe0000 - 0x00007ffaeebf3000 	C:\WINDOWS\SYSTEM32\UMPDC.dll
0x00007ffaeebc0000 - 0x00007ffaeebd8000 	C:\WINDOWS\SYSTEM32\kernel.appcore.dll
0x00007ffaea180000 - 0x00007ffaea18a000 	C:\Program Files\Android\Android Studio1\jbr\bin\jimage.dll
0x00007ffaed370000 - 0x00007ffaed5a2000 	C:\WINDOWS\SYSTEM32\DBGHELP.DLL
0x00007ffaf1630000 - 0x00007ffaf19b8000 	C:\WINDOWS\System32\combase.dll
0x00007ffaf1d60000 - 0x00007ffaf1e37000 	C:\WINDOWS\System32\OLEAUT32.dll
0x00007ffae6510000 - 0x00007ffae6542000 	C:\WINDOWS\SYSTEM32\dbgcore.DLL
0x00007ffaf03b0000 - 0x00007ffaf042b000 	C:\WINDOWS\System32\bcryptPrimitives.dll
0x00007ffae5d20000 - 0x00007ffae5d2e000 	C:\Program Files\Android\Android Studio1\jbr\bin\instrument.dll
0x00007ffae6cb0000 - 0x00007ffae6cd5000 	C:\Program Files\Android\Android Studio1\jbr\bin\java.dll
0x00007ffae8ee0000 - 0x00007ffae8ef8000 	C:\Program Files\Android\Android Studio1\jbr\bin\zip.dll
0x00007ffaf1f70000 - 0x00007ffaf27cc000 	C:\WINDOWS\System32\SHELL32.dll
0x00007ffaeda40000 - 0x00007ffaee337000 	C:\WINDOWS\SYSTEM32\windows.storage.dll
0x00007ffaed900000 - 0x00007ffaeda3f000 	C:\WINDOWS\SYSTEM32\wintypes.dll
0x00007ffaf0ed0000 - 0x00007ffaf0fc4000 	C:\WINDOWS\System32\SHCORE.dll
0x00007ffaf0fd0000 - 0x00007ffaf102e000 	C:\WINDOWS\System32\shlwapi.dll
0x00007ffaefa70000 - 0x00007ffaefa91000 	C:\WINDOWS\SYSTEM32\profapi.dll
0x00007ffae8e60000 - 0x00007ffae8e79000 	C:\Program Files\Android\Android Studio1\jbr\bin\net.dll
0x00007ffaeb3f0000 - 0x00007ffaeb526000 	C:\WINDOWS\SYSTEM32\WINHTTP.dll
0x00007ffaef0b0000 - 0x00007ffaef119000 	C:\WINDOWS\system32\mswsock.dll
0x00007ffae5f40000 - 0x00007ffae5f56000 	C:\Program Files\Android\Android Studio1\jbr\bin\nio.dll
0x00007ffae5f00000 - 0x00007ffae5f10000 	C:\Program Files\Android\Android Studio1\jbr\bin\verify.dll
0x00007ffad9a40000 - 0x00007ffad9a67000 	C:\Users\tues1\.gradle\native\c067742578af261105cb4f569cf0c3c89f3d7b1fecec35dd04571415982c5e48\windows-amd64\native-platform.dll
0x00007ffab3ab0000 - 0x00007ffab3bf4000 	C:\Users\tues1\.gradle\native\38dada09dfb8b06ba9b0570ebf7e218e3eb74d4ef43ca46872605cf95ebc2f47\windows-amd64\native-platform-file-events.dll
0x00007ffae8f50000 - 0x00007ffae8f59000 	C:\Program Files\Android\Android Studio1\jbr\bin\management.dll
0x00007ffae5f10000 - 0x00007ffae5f1b000 	C:\Program Files\Android\Android Studio1\jbr\bin\management_ext.dll
0x00007ffaf0a60000 - 0x00007ffaf0a68000 	C:\WINDOWS\System32\PSAPI.DLL
0x00007ffaef330000 - 0x00007ffaef34b000 	C:\WINDOWS\SYSTEM32\CRYPTSP.dll
0x00007ffaeeb10000 - 0x00007ffaeeb45000 	C:\WINDOWS\system32\rsaenh.dll
0x00007ffaef1d0000 - 0x00007ffaef1f8000 	C:\WINDOWS\SYSTEM32\USERENV.dll
0x00007ffaef350000 - 0x00007ffaef35c000 	C:\WINDOWS\SYSTEM32\CRYPTBASE.dll
0x00007ffaee5e0000 - 0x00007ffaee60d000 	C:\WINDOWS\SYSTEM32\IPHLPAPI.DLL
0x00007ffaf0c40000 - 0x00007ffaf0c49000 	C:\WINDOWS\System32\NSI.dll
0x00007ffaeb170000 - 0x00007ffaeb189000 	C:\WINDOWS\SYSTEM32\dhcpcsvc6.DLL
0x00007ffaeb150000 - 0x00007ffaeb16f000 	C:\WINDOWS\SYSTEM32\dhcpcsvc.DLL
0x00007ffaee610000 - 0x00007ffaee708000 	C:\WINDOWS\SYSTEM32\DNSAPI.dll
0x00007ffae90c0000 - 0x00007ffae90c9000 	C:\Program Files\Android\Android Studio1\jbr\bin\extnet.dll
0x00007ffaeac30000 - 0x00007ffaeac38000 	C:\WINDOWS\system32\wshunix.dll

dbghelp: loaded successfully - version: 4.0.5 - missing functions: none
symbol engine: initialized successfully - sym options: 0x614 - pdb path: .;C:\Program Files\Android\Android Studio1\jbr\bin;C:\WINDOWS\SYSTEM32;C:\WINDOWS\WinSxS\amd64_microsoft.windows.common-controls_6595b64144ccf1df_6.0.22621.3672_none_2713b9d173822955;C:\Program Files\Android\Android Studio1\jbr\bin\server;C:\Users\tues1\.gradle\native\c067742578af261105cb4f569cf0c3c89f3d7b1fecec35dd04571415982c5e48\windows-amd64;C:\Users\tues1\.gradle\native\38dada09dfb8b06ba9b0570ebf7e218e3eb74d4ef43ca46872605cf95ebc2f47\windows-amd64

VM Arguments:
jvm_args: --add-opens=java.base/java.util=ALL-UNNAMED --add-opens=java.base/java.lang=ALL-UNNAMED --add-opens=java.base/java.lang.invoke=ALL-UNNAMED --add-opens=java.prefs/java.util.prefs=ALL-UNNAMED --add-opens=java.base/java.nio.charset=ALL-UNNAMED --add-opens=java.base/java.net=ALL-UNNAMED --add-opens=java.base/java.util.concurrent.atomic=ALL-UNNAMED -Xmx2048m -Dfile.encoding=UTF-8 -Duser.country=KR -Duser.language=ko -Duser.variant -javaagent:C:\Users\tues1\.gradle\wrapper\dists\gradle-8.6-bin\afr5mpiioh2wthjmwnkmdsd5w\gradle-8.6\lib\agents\gradle-instrumentation-agent-8.6.jar 
java_command: org.gradle.launcher.daemon.bootstrap.GradleDaemon 8.6
java_class_path (initial): C:\Users\tues1\.gradle\wrapper\dists\gradle-8.6-bin\afr5mpiioh2wthjmwnkmdsd5w\gradle-8.6\lib\gradle-launcher-8.6.jar
Launcher Type: SUN_STANDARD

[Global flags]
     intx CICompilerCount                          = 4                                         {product} {ergonomic}
     uint ConcGCThreads                            = 2                                         {product} {ergonomic}
     uint G1ConcRefinementThreads                  = 8                                         {product} {ergonomic}
   size_t G1HeapRegionSize                         = 1048576                                   {product} {ergonomic}
    uintx GCDrainStackTargetSize                   = 64                                        {product} {ergonomic}
   size_t InitialHeapSize                          = 264241152                                 {product} {ergonomic}
   size_t MarkStackSize                            = 4194304                                   {product} {ergonomic}
   size_t MaxHeapSize                              = 2147483648                                {product} {command line}
   size_t MaxNewSize                               = 1287651328                                {product} {ergonomic}
   size_t MinHeapDeltaBytes                        = 1048576                                   {product} {ergonomic}
   size_t MinHeapSize                              = 8388608                                   {product} {ergonomic}
    uintx NonNMethodCodeHeapSize                   = 5839372                                {pd product} {ergonomic}
    uintx NonProfiledCodeHeapSize                  = 122909434                              {pd product} {ergonomic}
    uintx ProfiledCodeHeapSize                     = 122909434                              {pd product} {ergonomic}
    uintx ReservedCodeCacheSize                    = 251658240                              {pd product} {ergonomic}
     bool SegmentedCodeCache                       = true                                      {product} {ergonomic}
   size_t SoftMaxHeapSize                          = 2147483648                             {manageable} {ergonomic}
     bool UseCompressedClassPointers               = true                           {product lp64_product} {ergonomic}
     bool UseCompressedOops                        = true                           {product lp64_product} {ergonomic}
     bool UseG1GC                                  = true                                      {product} {ergonomic}
     bool UseLargePagesIndividualAllocation        = false                                  {pd product} {ergonomic}

Logging:
Log output configuration:
 #0: stdout all=warning uptime,level,tags
 #1: stderr all=off uptime,level,tags

Environment Variables:
JAVA_HOME=C:\Program Files\Java\jdk-17
CLASSPATH=C:\Program Files\Java\jdk-17\lib;.
PATH=C:\Program Files\Common Files\Oracle\Java\javapath;C:\Program Files\mosquitto;C:\Windows\system32;C:\Windows;C:\Windows\System32\Wbem;C:\Windows\System32\WindowsPowerShell\v1.0\;C:\Windows\System32\OpenSSH\;C:\Program Files\dotnet\;C:\Program Files\nodejs\;C:\WINDOWS\system32;C:\WINDOWS;C:\WINDOWS\System32\Wbem;C:\WINDOWS\System32\WindowsPowerShell\v1.0\;C:\WINDOWS\System32\OpenSSH\;C:\Program Files\Java\jdk-17bin;C:\Gradle\gradle-8.0.2\bin;C:\Program Files\Git\cmd;C:\Program Files\MySQL\MySQL Shell 8.0\bin\;C:\Users\tues1\AppData\Local\Programs\Python\Python310\Scripts\;C:\Users\tues1\AppData\Local\Programs\Python\Python310\;C:\Users\tues1\AppData\Local\Microsoft\WindowsApps;C:\Users\tues1\.dotnet\tools;C:\Users\tues1\AppData\Local\Programs\Microsoft VS Code\bin;C:\Program Files\Java\jdk-17\bin;C:\Program Files (x86)\clisp-2.49;C:\Users\tues1\AppData\Roaming\npm;C:\Program Files\JetBrains\IntelliJ IDEA 2024.1.2\bin
USERNAME=tues1
OS=Windows_NT
PROCESSOR_IDENTIFIER=Intel64 Family 6 Model 140 Stepping 1, GenuineIntel
TMP=C:\Users\tues1\AppData\Local\Temp
TEMP=C:\Users\tues1\AppData\Local\Temp



Periodic native trim disabled

JNI global refs:
JNI global refs: 28, weak refs: 0

JNI global refs memory usage: 843, weak refs: 841

OOME stack traces (most recent first):
Classloader memory used:
Loader org.gradle.internal.classloader.VisitableURLClassLoader                         : 4096K
Loader bootstrap                                                                       : 2646K
Loader org.gradle.initialization.MixInLegacyTypesClassLoader                           : 1105K
Loader org.gradle.internal.classloader.VisitableURLClassLoader$InstrumentingVisitableURLClassLoader: 535K
Loader jdk.internal.loader.ClassLoaders$PlatformClassLoader                            : 67292B
Loader jdk.internal.reflect.DelegatingClassLoader                                      : 30907B
Loader jdk.internal.loader.ClassLoaders$AppClassLoader                                 : 28736B
Loader org.gradle.internal.classloader.VisitableURLClassLoader                         : 9523B
Loader sun.reflect.misc.MethodUtil                                                     : 373B

Classes loaded by more than one classloader:
Class Program                                                                         : loaded 4 times (x 72B)
Class com.google.common.collect.Iterators$MergingIterator                             : loaded 2 times (x 79B)
Class [Lcom.google.common.collect.AbstractMapEntry;                                   : loaded 2 times (x 67B)
Class com.google.common.collect.SingletonImmutableList                                : loaded 2 times (x 167B)
Class org.gradle.internal.classpath.ClassPath                                         : loaded 2 times (x 68B)
Class org.gradle.api.internal.classpath.DefaultModuleRegistry                         : loaded 2 times (x 84B)
Class Settings_gradle$1$1                                                             : loaded 2 times (x 72B)
Class com.google.common.collect.ListMultimap                                          : loaded 2 times (x 68B)
Class com.google.common.base.CharMatcher$JavaDigit                                    : loaded 2 times (x 109B)
Class com.google.common.base.CharMatcher$Digit                                        : loaded 2 times (x 110B)
Class com.google.common.collect.AbstractMultimap                                      : loaded 2 times (x 121B)
Class org.gradle.api.Action                                                           : loaded 2 times (x 68B)
Class com.google.common.collect.ImmutableEntry                                        : loaded 2 times (x 80B)
Class com.google.common.collect.Lists$StringAsImmutableList                           : loaded 2 times (x 167B)
Class com.google.common.base.CharMatcher                                              : loaded 2 times (x 109B)
Class com.google.common.base.CharMatcher$IsNot                                        : loaded 2 times (x 109B)
Class com.google.common.base.Splitter                                                 : loaded 2 times (x 70B)
Class com.google.common.collect.Iterators$ArrayItr                                    : loaded 2 times (x 95B)
Class org.gradle.api.internal.DefaultClassPathProvider                                : loaded 2 times (x 74B)
Class org.gradle.internal.installation.GradleInstallation$1                           : loaded 2 times (x 73B)
Class com.google.common.base.CharMatcher$BitSetMatcher                                : loaded 2 times (x 110B)
Class com.google.common.collect.ImmutableMap$IteratorBasedImmutableMap                : loaded 2 times (x 123B)
Class com.google.common.collect.ImmutableMap                                          : loaded 2 times (x 118B)
Class com.google.common.base.Converter                                                : loaded 2 times (x 88B)
Class com.google.common.collect.ImmutableSet$EmptySetBuilderImpl                      : loaded 2 times (x 74B)
Class com.google.common.base.Predicate                                                : loaded 2 times (x 68B)
Class org.gradle.internal.classloader.FilteringClassLoader                            : loaded 2 times (x 103B)
Class com.google.common.collect.RegularImmutableSet                                   : loaded 2 times (x 146B)
Class org.gradle.internal.classpath.DefaultClassPath$ImmutableUniqueList$Builder      : loaded 2 times (x 73B)
Class com.google.common.collect.Maps$8                                                : loaded 2 times (x 80B)
Class com.google.common.base.PatternCompiler                                          : loaded 2 times (x 68B)
Class com.google.common.base.CharMatcher$InRange                                      : loaded 2 times (x 109B)
Class com.google.common.collect.BiMap                                                 : loaded 2 times (x 68B)
Class com.google.common.collect.Lists                                                 : loaded 2 times (x 69B)
Class com.google.common.math.IntMath$1                                                : loaded 2 times (x 69B)
Class org.gradle.internal.classloader.ClassLoaderVisitor                              : loaded 2 times (x 74B)
Class com.google.common.math.MathPreconditions                                        : loaded 2 times (x 69B)
Class org.gradle.internal.service.DefaultServiceLocator                               : loaded 2 times (x 81B)
Class org.gradle.internal.service.UnknownServiceException                             : loaded 2 times (x 81B)
Class com.google.common.collect.ArrayListMultimap                                     : loaded 2 times (x 170B)
Class com.google.common.base.Strings                                                  : loaded 2 times (x 69B)
Class org.gradle.internal.classloader.DefaultClassLoaderFactory                       : loaded 2 times (x 80B)
Class com.google.common.collect.UnmodifiableIterator                                  : loaded 2 times (x 78B)
Class com.google.common.base.Platform$JdkPatternCompiler                              : loaded 2 times (x 73B)
Class com.google.common.base.CharMatcher$SingleWidth                                  : loaded 2 times (x 110B)
Class com.google.common.collect.Hashing                                               : loaded 2 times (x 69B)
Class com.google.common.base.JdkPattern                                               : loaded 2 times (x 73B)
Class com.google.common.collect.Multimap                                              : loaded 2 times (x 68B)
Class org.gradle.internal.classloader.VisitableURLClassLoader$Spec                    : loaded 2 times (x 72B)
Class org.gradle.api.GradleException                                                  : loaded 2 times (x 80B)
Class com.google.common.base.CharMatcher$JavaLetterOrDigit                            : loaded 2 times (x 109B)
Class org.gradle.api.internal.classpath.ModuleRegistry                                : loaded 2 times (x 68B)
Class com.google.common.collect.ImmutableCollection                                   : loaded 2 times (x 123B)
Class org.gradle.api.internal.ClassPathProvider                                       : loaded 2 times (x 68B)
Class com.google.common.collect.RegularImmutableMap$Values                            : loaded 2 times (x 167B)
Class org.gradle.internal.classloader.ClasspathUtil$1                                 : loaded 2 times (x 74B)
Class com.google.common.collect.ImmutableEnumMap                                      : loaded 2 times (x 123B)
Class com.google.common.collect.ImmutableList$ReverseImmutableList                    : loaded 2 times (x 168B)
Class org.gradle.internal.classloader.ClassLoaderFactory                              : loaded 2 times (x 68B)
Class com.google.common.collect.ObjectArrays                                          : loaded 2 times (x 69B)
Class com.google.common.collect.Iterators$10                                          : loaded 2 times (x 79B)
Class com.google.common.collect.ImmutableList                                         : loaded 2 times (x 166B)
Class org.gradle.api.internal.classpath.ManifestUtil                                  : loaded 2 times (x 69B)
Class org.gradle.api.specs.Spec                                                       : loaded 2 times (x 68B)
Class com.google.common.base.CharMatcher$Whitespace                                   : loaded 2 times (x 110B)
Class com.google.common.collect.Iterators$1                                           : loaded 2 times (x 79B)
Class com.google.common.collect.Iterators$4                                           : loaded 2 times (x 80B)
Class com.google.common.collect.RegularImmutableMap$BucketOverflowException           : loaded 2 times (x 80B)
Class com.google.common.collect.Iterators$5                                           : loaded 2 times (x 80B)
Class com.google.common.base.Preconditions                                            : loaded 2 times (x 69B)
Class com.google.common.base.Function                                                 : loaded 2 times (x 68B)
Class com.google.common.collect.Iterators$9                                           : loaded 2 times (x 79B)
Class org.gradle.internal.IoActions                                                   : loaded 2 times (x 69B)
Class com.google.common.collect.RegularImmutableMap$KeySet                            : loaded 2 times (x 148B)
Class com.google.common.collect.CollectPreconditions                                  : loaded 2 times (x 69B)
Class com.google.common.collect.Maps                                                  : loaded 2 times (x 69B)
Class com.google.common.collect.RegularImmutableMap                                   : loaded 2 times (x 119B)
Class com.google.common.collect.AbstractIndexedListIterator                           : loaded 2 times (x 94B)
Class com.google.common.base.CharMatcher$None                                         : loaded 2 times (x 110B)
Class org.gradle.api.internal.classpath.EffectiveClassPath                            : loaded 2 times (x 88B)
Class com.google.common.collect.UnmodifiableListIterator                              : loaded 2 times (x 93B)
Class com.google.common.collect.ImmutableList$1                                       : loaded 2 times (x 95B)
Class com.google.common.base.Splitter$Strategy                                        : loaded 2 times (x 68B)
Class com.google.common.collect.ImmutableMapEntrySet$RegularEntrySet                  : loaded 2 times (x 149B)
Class [Lcom.google.common.collect.ImmutableMapEntry;                                  : loaded 2 times (x 67B)
Class org.gradle.internal.installation.CurrentGradleInstallation                      : loaded 2 times (x 71B)
Class org.gradle.internal.agents.InstrumentingClassLoader                             : loaded 2 times (x 68B)
Class org.gradle.internal.installation.CurrentGradleInstallationLocator               : loaded 2 times (x 69B)
Class org.gradle.api.internal.classpath.Module                                        : loaded 2 times (x 68B)
Class com.google.common.base.Splitter$1$1                                             : loaded 2 times (x 84B)
Class com.google.common.collect.ImmutableSet$JdkBackedSetBuilderImpl                  : loaded 2 times (x 74B)
Class com.google.common.collect.ImmutableSet$RegularSetBuilderImpl                    : loaded 2 times (x 75B)
Class org.gradle.internal.service.CachingServiceLocator                               : loaded 2 times (x 80B)
Class [Lcom.google.common.collect.ImmutableEntry;                                     : loaded 2 times (x 67B)
Class org.gradle.internal.classpath.DefaultClassPath                                  : loaded 2 times (x 88B)
Class com.google.common.base.Splitter$SplittingIterator                               : loaded 2 times (x 82B)
Class Build_gradle$1                                                                  : loaded 2 times (x 76B)
Class com.google.common.base.CharMatcher$Is                                           : loaded 2 times (x 109B)
Class com.google.common.base.Platform                                                 : loaded 2 times (x 69B)
Class com.google.common.collect.RegularImmutableAsList                                : loaded 2 times (x 176B)
Class com.google.common.collect.PeekingIterator                                       : loaded 2 times (x 68B)
Class com.google.common.collect.ImmutableMapEntrySet                                  : loaded 2 times (x 149B)
Class com.google.common.collect.ImmutableBiMapFauxverideShim                          : loaded 2 times (x 118B)
Class org.gradle.internal.classloader.SystemClassLoaderSpec                           : loaded 2 times (x 69B)
Class com.google.common.collect.SingletonImmutableSet                                 : loaded 2 times (x 144B)
Class [Lcom.google.common.base.AbstractIterator$State;                                : loaded 2 times (x 67B)
Class com.google.common.collect.ImmutableMap$Builder                                  : loaded 2 times (x 80B)
Class com.google.common.base.AbstractIterator                                         : loaded 2 times (x 78B)
Class com.google.common.base.AbstractIterator$1                                       : loaded 2 times (x 69B)
Class com.google.common.collect.Iterators                                             : loaded 2 times (x 69B)
Class com.google.common.base.CharMatcher$1                                            : loaded 2 times (x 111B)
Class com.google.common.base.CharMatcher$Ascii                                        : loaded 2 times (x 110B)
Class org.gradle.api.UncheckedIOException                                             : loaded 2 times (x 80B)
Class com.google.common.base.CharMatcher$And                                          : loaded 2 times (x 110B)
Class com.google.common.collect.IndexedImmutableSet                                   : loaded 2 times (x 148B)
Class com.google.common.collect.AbstractListMultimap                                  : loaded 2 times (x 170B)
Class com.google.common.base.CharMatcher$Any                                          : loaded 2 times (x 110B)
Class org.gradle.internal.installation.GradleInstallation                             : loaded 2 times (x 73B)
Class com.google.common.collect.ArrayListMultimapGwtSerializationDependencies         : loaded 2 times (x 170B)
Class com.google.common.base.CharMatcher$RangesMatcher                                : loaded 2 times (x 110B)
Class com.google.common.collect.ImmutableList$SubList                                 : loaded 2 times (x 168B)
Class org.gradle.internal.classloader.ClasspathUtil                                   : loaded 2 times (x 69B)
Class com.google.common.base.Splitter$1                                               : loaded 2 times (x 75B)
Class com.google.common.collect.Maps$BiMapConverter                                   : loaded 2 times (x 88B)
Class org.gradle.api.internal.DefaultClassPathRegistry                                : loaded 2 times (x 74B)
Class com.google.common.collect.ImmutableSet$SetBuilderImpl                           : loaded 2 times (x 74B)
Class org.gradle.api.internal.classpath.DefaultModuleRegistry$DefaultModule           : loaded 2 times (x 84B)
Class com.google.common.base.CharMatcher$JavaIsoControl                               : loaded 2 times (x 110B)
Class com.google.common.collect.ImmutableMap$1                                        : loaded 2 times (x 79B)
Class com.google.common.base.CharMatcher$Or                                           : loaded 2 times (x 110B)
Class org.gradle.kotlin.dsl.VersionCatalogAccessorsKt                                 : loaded 2 times (x 69B)
Class com.google.common.collect.Iterables                                             : loaded 2 times (x 69B)
Class com.google.common.base.CharMatcher$JavaLowerCase                                : loaded 2 times (x 109B)
Class org.gradle.api.internal.classpath.UnknownModuleException                        : loaded 2 times (x 80B)
Class com.google.common.collect.Maps$EntryTransformer                                 : loaded 2 times (x 68B)
Class com.google.common.collect.ImmutableCollection$Builder                           : loaded 2 times (x 74B)
Class com.google.common.base.CommonPattern                                            : loaded 2 times (x 72B)
Class org.gradle.internal.service.ServiceLookupException                              : loaded 2 times (x 80B)
Class org.gradle.cache.GlobalCache                                                    : loaded 2 times (x 68B)
Class com.google.common.base.CharMatcher$NegatedFastMatcher                           : loaded 2 times (x 111B)
Class [Lorg.gradle.api.internal.ClassPathProvider;                                    : loaded 2 times (x 67B)
Class org.gradle.util.internal.GUtil                                                  : loaded 2 times (x 69B)
Class com.google.common.math.IntMath                                                  : loaded 2 times (x 69B)
Class com.google.common.collect.AbstractIterator                                      : loaded 2 times (x 80B)
Class org.gradle.internal.classloader.ClassLoaderSpec                                 : loaded 2 times (x 69B)
Class com.google.common.base.NullnessCasts                                            : loaded 2 times (x 69B)
Class com.google.common.collect.AbstractMapEntry                                      : loaded 2 times (x 79B)
Class com.google.common.base.CharMatcher$Negated                                      : loaded 2 times (x 111B)
Class com.google.common.collect.ImmutableSet$Builder                                  : loaded 2 times (x 83B)
Class com.google.common.base.CharMatcher$ForPredicate                                 : loaded 2 times (x 110B)
Class com.google.common.collect.ImmutableMap$MapViewOfValuesAsSingletonSets           : loaded 2 times (x 123B)
Class com.google.common.collect.SortedMapDifference                                   : loaded 2 times (x 68B)
Class org.gradle.internal.classloader.VisitableURLClassLoader                         : loaded 2 times (x 115B)
Class com.google.common.collect.ImmutableBiMap                                        : loaded 2 times (x 141B)
Class org.gradle.internal.Cast                                                        : loaded 2 times (x 69B)
Class Build_gradle                                                                    : loaded 2 times (x 70B)
Class org.gradle.api.internal.ClassPathRegistry                                       : loaded 2 times (x 68B)
Class com.google.common.collect.ImmutableSet                                          : loaded 2 times (x 143B)
Class org.gradle.internal.classloader.VisitableURLClassLoader$InstrumentingVisitableURLClassLoader: loaded 2 times (x 121B)
Class org.gradle.internal.classloader.ClassLoaderHierarchy                            : loaded 2 times (x 68B)
Class com.google.common.base.AbstractIterator$State                                   : loaded 2 times (x 77B)
Class com.google.common.base.CharMatcher$NamedFastMatcher                             : loaded 2 times (x 110B)
Class org.gradle.internal.InternalTransformer                                         : loaded 2 times (x 68B)
Class org.gradle.internal.service.ServiceLocator                                      : loaded 2 times (x 68B)
Class Settings_gradle$1                                                               : loaded 2 times (x 72B)
Class com.google.common.collect.ImmutableMapEntry                                     : loaded 2 times (x 83B)
Class com.google.common.base.CharMatcher$Invisible                                    : loaded 2 times (x 110B)
Class com.google.common.base.CharMatcher$FastMatcher                                  : loaded 2 times (x 109B)
Class org.gradle.internal.classpath.DefaultClassPath$ImmutableUniqueList              : loaded 2 times (x 159B)
Class com.google.common.base.CharMatcher$JavaLetter                                   : loaded 2 times (x 109B)
Class org.gradle.internal.classpath.TransformedClassPath                              : loaded 2 times (x 94B)
Class com.google.common.collect.MapDifference                                         : loaded 2 times (x 68B)
Class Settings_gradle                                                                 : loaded 2 times (x 126B)
Class com.google.common.collect.Platform                                              : loaded 2 times (x 69B)
Class com.google.common.collect.ImmutableAsList                                       : loaded 2 times (x 169B)
Class com.google.common.base.CharMatcher$AnyOf                                        : loaded 2 times (x 110B)
Class com.google.common.base.CharMatcher$IsEither                                     : loaded 2 times (x 109B)
Class com.google.common.collect.RegularImmutableList                                  : loaded 2 times (x 172B)
Class com.google.common.base.CharMatcher$JavaUpperCase                                : loaded 2 times (x 109B)
Class com.google.common.collect.Multiset                                              : loaded 2 times (x 68B)
Class com.google.common.collect.ImmutableSet$CachingAsList                            : loaded 2 times (x 145B)
Class com.google.common.collect.ImmutableMapEntry$NonTerminalImmutableMapEntry        : loaded 2 times (x 83B)
Class com.google.common.collect.AbstractMapBasedMultimap                              : loaded 2 times (x 137B)


---------------  S Y S T E M  ---------------

OS:
 Windows 11 , 64 bit Build 22621 (10.0.22621.3672)
OS uptime: 13 days 20:46 hours
Hyper-V role detected

CPU: total 8 (initial active 8) (4 cores per cpu, 2 threads per core) family 6 model 140 stepping 1 microcode 0xb4, cx8, cmov, fxsr, ht, mmx, 3dnowpref, sse, sse2, sse3, ssse3, sse4.1, sse4.2, popcnt, lzcnt, tsc, tscinvbit, avx, avx2, aes, erms, clmul, bmi1, bmi2, adx, avx512f, avx512dq, avx512cd, avx512bw, avx512vl, sha, fma, vzeroupper, avx512_vpopcntdq, avx512_vpclmulqdq, avx512_vaes, avx512_vnni, clflush, clflushopt, clwb, avx512_vbmi2, avx512_vbmi, hv
Processor Information for all 8 processors :
  Max Mhz: 2419, Current Mhz: 2419, Mhz Limit: 2419

Memory: 4k page, system-wide physical 16057M (1313M free)
TotalPageFile size 18960M (AvailPageFile size 0M)
current process WorkingSet (physical memory assigned to process): 359M, peak: 359M
current process commit charge ("private bytes"): 431M, peak: 432M

vm_info: OpenJDK 64-Bit Server VM (17.0.10+0--11609105) for windows-amd64 JRE (17.0.10+0--11609105), built on Mar 21 2024 19:10:56 by "androidbuild" with MS VC++ 16.10 / 16.11 (VS2019)

END.
