JvmtiExport can_access_local_variables 0
JvmtiExport can_hotswap_or_post_breakpoint 0
JvmtiExport can_post_on_exceptions 0
# 270 ciObject found
ciInstanceKlass jdk/internal/loader/ClassLoaderValue 1 1 44 10 7 12 1 1 1 10 100 12 1 1 1 10 100 12 1 1 1 10 100 12 1 1 1 1 1 1 1 1 1 1 1 1 1 1 1 1 1 1 1 1 1 1
ciInstanceKlass java/lang/invoke/MethodType$ConcurrentWeakInternSet 1 1 93 10 7 12 1 1 1 7 1 10 12 1 9 7 12 1 1 1 7 1 10 9 12 1 1 100 1 10 10 12 1 11 7 12 1 1 1 7 1 10 12 1 10 12 1 11 12 1 1 10 12 1 1 11 12 1 1 1 1 1 1 1 1 1 1 1 1 1 1 1 1 1 1 1 1 1 1 1 1 1 1 1 100 1 1 1 1 1 100 1 1 1 1
ciInstanceKlass java/lang/Void 1 1 31 10 100 12 1 1 1 8 1 10 7 12 1 1 1 9 7 12 1 1 1 1 1 1 1 1 1 1 1 1 1
staticfield java/lang/Void TYPE Ljava/lang/Class; java/lang/Class
ciInstanceKlass java/lang/invoke/MethodTypeForm 1 1 275 9 7 12 1 1 1 9 12 1 9 12 1 1 10 7 12 1 1 1 7 1 10 12 1 1 9 12 1 7 1 10 7 12 1 1 10 7 12 1 1 1 10 7 12 1 1 1 10 12 1 1 10 12 1 9 7 12 1 1 1 10 7 12 1 1 10 12 1 1 8 1 10 100 12 1 1 1 9 12 1 1 9 12 1 10 12 1 1 10 12 1 1 9 12 1 1 100 1 10 10 12 1 1 10 12 1 1 10 12 1 10 12 1 1 10 12 1 10 7 12 1 1 10 12 1 1 10 12 1 9 7 1 100 1 10 8 1 10 12 1 1 10 12 1 10 12 1 1 10 12 1 1 1 1 1 1 3 1 3 1 3 1 3 1 1 1 1 1 1 3 1 3 1 3 1 3 1 3 1 3 1 3 1 3 1 3 1 3 1 3 1 3 1 3 1 3 1 3 1 3 1 3 1 3 1 3 1 3 1 3 1 3 1 3 1 1 1 1 1 1 1 1 1 1 1 1 1 1 1 1 1 1 1 1 1 1 1 1 1 1 1 1 1 1 1 1 1 1 1 1 1 1 1 1 1 1 1 1 1 1 1 1 1 1 1 1 1 1 1 1 1 1 1 1
staticfield java/lang/invoke/MethodTypeForm $assertionsDisabled Z 1
ciInstanceKlass java/lang/invoke/MethodType$ConcurrentWeakInternSet$WeakEntry 1 1 57 10 7 12 1 1 1 10 7 12 1 1 1 9 7 12 1 1 1 10 12 1 1 10 12 1 1 1 1 1 1 1 1 1 1 1 1 1 1 1 1 1 1 1 1 1 1 1 1 1 100 1 1 100 1 1 1
ciInstanceKlass sun/invoke/util/Wrapper 1 1 565 7 1 9 12 1 1 9 12 1 9 12 1 9 12 1 9 12 1 9 12 1 9 12 1 9 12 1 9 12 1 9 12 1 9 12 1 1 10 7 12 1 1 10 7 12 1 1 1 10 12 1 1 9 12 1 1 9 12 1 9 12 1 1 10 7 12 1 1 9 12 1 1 9 12 1 1 9 12 1 1 9 12 1 9 12 1 100 1 10 12 1 10 12 1 1 7 1 10 7 12 1 1 10 12 1 8 1 10 7 12 1 1 1 10 12 1 1 10 100 12 1 1 1 10 12 1 7 1 10 12 1 1 10 12 1 10 12 1 10 12 1 1 10 12 1 9 12 1 1 10 12 1 10 12 1 100 1 10 10 12 1 1 10 12 1 1 9 7 12 1 1 1 10 12 1 1 9 7 12 1 1 1 10 12 1 10 7 12 1 1 10 7 12 1 1 10 7 12 1 1 9 12 1 9 12 1 10 12 1 1 10 12 1 1 10 7 12 1 1 100 1 10 8 1 10 12 1 1 10 12 1 9 12 1 10 12 1 1 10 12 1 8 1 9 12 1 10 12 1 9 12 1 10 12 1 1 8 1 10 12 1 10 12 1 10 12 1 10 12 1 1 8 1 10 12 1 10 12 1 1 10 12 1 1 100 1 8 1 10 12 1 10 12 1 10 12 1 10 12 1 10 12 1 10 12 1 1 10 12 1 1 10 12 1 10 12 1 7 1 10 12 1 1 10 100 12 1 1 10 12 1 1 10 12 1 1 10 7 12 1 1 10 12 1 1 10 7 12 1 1 10 12 1 1 10 12 1 1 10 12 1 8 1 10 10 12 1 10 12 1 100 1 10 10 100 12 1 1 1 10 12 1 10 12 1 1 10 12 1 1 10 12 1 8 8 1 9 12 1 8 1 10 12 1 1 10 12 1 8 8 1 9 8 1 10 12 1 8 8 1 9 8 1 8 8 1 9 8 1 8 8 1 9 8 1 8 8 1 9 8 1 8 8 1 9 8 1 10 12 1 8 8 1 9 8 1 8 8 1 10 12 1 8 8 1 9 8 1 10 12 1 10 12 1 1 1 3 1 1 1 1 1 1 1 1 1 1 1 1 1 1 1 1 1 1 1 1 1 1 1 1 1 1 1 1 1 1 1 1 1 1 1 1 1 1 1 1 1 1 1 1 1 1 1 1 1 1 1 1 1 1 1 1 1 1 1 1 1 1 1 1 1 1 1 1 1 1 1 1 1 1 1 1 1 1 1 1 1 1 1 1 1 1 1
staticfield sun/invoke/util/Wrapper BOOLEAN Lsun/invoke/util/Wrapper; sun/invoke/util/Wrapper
staticfield sun/invoke/util/Wrapper BYTE Lsun/invoke/util/Wrapper; sun/invoke/util/Wrapper
staticfield sun/invoke/util/Wrapper SHORT Lsun/invoke/util/Wrapper; sun/invoke/util/Wrapper
staticfield sun/invoke/util/Wrapper CHAR Lsun/invoke/util/Wrapper; sun/invoke/util/Wrapper
staticfield sun/invoke/util/Wrapper INT Lsun/invoke/util/Wrapper; sun/invoke/util/Wrapper
staticfield sun/invoke/util/Wrapper LONG Lsun/invoke/util/Wrapper; sun/invoke/util/Wrapper
staticfield sun/invoke/util/Wrapper FLOAT Lsun/invoke/util/Wrapper; sun/invoke/util/Wrapper
staticfield sun/invoke/util/Wrapper DOUBLE Lsun/invoke/util/Wrapper; sun/invoke/util/Wrapper
staticfield sun/invoke/util/Wrapper OBJECT Lsun/invoke/util/Wrapper; sun/invoke/util/Wrapper
staticfield sun/invoke/util/Wrapper VOID Lsun/invoke/util/Wrapper; sun/invoke/util/Wrapper
staticfield sun/invoke/util/Wrapper DOUBLE_ZERO Ljava/lang/Object; java/lang/Double
staticfield sun/invoke/util/Wrapper FLOAT_ZERO Ljava/lang/Object; java/lang/Float
staticfield sun/invoke/util/Wrapper FROM_PRIM [Lsun/invoke/util/Wrapper; 16 [Lsun/invoke/util/Wrapper;
staticfield sun/invoke/util/Wrapper FROM_WRAP [Lsun/invoke/util/Wrapper; 16 [Lsun/invoke/util/Wrapper;
staticfield sun/invoke/util/Wrapper FROM_CHAR [Lsun/invoke/util/Wrapper; 16 [Lsun/invoke/util/Wrapper;
staticfield sun/invoke/util/Wrapper $VALUES [Lsun/invoke/util/Wrapper; 10 [Lsun/invoke/util/Wrapper;
staticfield sun/invoke/util/Wrapper $assertionsDisabled Z 1
ciInstanceKlass java/lang/WeakPairMap$Pair$Lookup 1 1 62 10 7 12 1 1 1 10 7 12 1 1 1 9 7 12 1 1 1 9 12 1 11 7 12 1 1 1 11 12 1 1 1 1 1 1 1 1 1 1 1 1 1 1 1 1 1 1 1 1 1 1 1 1 1 1 1 100 1 1 1 1
ciInstanceKlass jdk/internal/ref/CleanerImpl$PhantomCleanableRef 1 1 51 10 7 12 1 1 1 9 7 12 1 1 1 10 12 1 11 7 12 1 1 100 1 8 1 10 12 1 8 1 1 1 1 1 1 1 1 1 1 1 1 1 1 1 1 1 1 100 1 1 1
instanceKlass sun/rmi/transport/SequenceEntry
instanceKlass sun/rmi/transport/DGCImpl$1
instanceKlass sun/rmi/transport/DGCImpl$LeaseInfo
instanceKlass sun/rmi/transport/Transport$1
instanceKlass sun/rmi/transport/tcp/TCPTransport$ConnectionHandler
instanceKlass sun/rmi/transport/DGCAckHandler$1
instanceKlass org/jetbrains/kotlin/build/report/metrics/BuildMetrics
instanceKlass sun/rmi/transport/DGCAckHandler
instanceKlass sun/rmi/server/UnicastServerRef$HashToMethod_Maps$1
instanceKlass sun/rmi/transport/ObjectTable$Reaper
instanceKlass sun/rmi/transport/tcp/TCPTransport$AcceptLoop
instanceKlass sun/rmi/server/Util$1
instanceKlass org/jetbrains/kotlin/daemon/common/LoopbackNetworkInterface$ServerLoopbackSocketFactory
instanceKlass org/jetbrains/kotlin/daemon/common/IncrementalCompilerServicesFacade
instanceKlass org/jetbrains/kotlin/daemon/common/IncrementalCompilationOptions$Companion
instanceKlass org/jetbrains/kotlin/daemon/common/ReportSeverity$Companion
instanceKlass org/jetbrains/kotlin/daemon/common/ReportCategory$Companion
instanceKlass org/jetbrains/kotlin/compilerRunner/GradleKotlinCompilerWork$WhenMappings
instanceKlass org/jetbrains/kotlin/gradle/logging/GradleBufferingMessageCollector
instanceKlass org/jetbrains/kotlin/gradle/logging/GradlePrintingMessageCollector$WhenMappings
instanceKlass org/jetbrains/kotlin/cli/common/messages/GradleStyleMessageRenderer$WhenMappings
instanceKlass org/jetbrains/kotlin/cli/common/messages/MessageCollector$Companion$NONE$1
instanceKlass org/jetbrains/kotlin/cli/common/messages/MessageCollector$Companion
instanceKlass org/jetbrains/kotlin/compilerRunner/KotlinCompilerRunnerUtils$WhenMappings
instanceKlass org/jetbrains/kotlin/daemon/client/CompileServiceSession
instanceKlass sun/rmi/server/WeakClassHashMap$ValueCell
instanceKlass org/jetbrains/kotlin/daemon/common/DaemonWithMetadata
instanceKlass sun/rmi/transport/ObjectEndpoint
instanceKlass sun/rmi/transport/ObjectTable
instanceKlass sun/rmi/transport/Target
instanceKlass sun/rmi/transport/DGCImpl$2$1
instanceKlass sun/rmi/transport/DGCImpl_Skel
instanceKlass java/rmi/server/Skeleton
instanceKlass sun/rmi/server/Dispatcher
instanceKlass java/rmi/server/ServerRef
instanceKlass sun/rmi/transport/DGCImpl$2
instanceKlass sun/rmi/transport/DGCClient$EndpointEntry$1
instanceKlass java/io/ObjectInputStream$Logging
instanceKlass java/io/ObjectInputStream$FilterValues
instanceKlass java/io/ObjectInputFilter$FilterInfo
instanceKlass java/rmi/dgc/Lease
instanceKlass sun/rmi/transport/DGCClient$EndpointEntry$RefEntry
instanceKlass sun/rmi/transport/GC$Daemon$1
instanceKlass sun/rmi/transport/GC$Daemon
instanceKlass sun/rmi/transport/GC$LatencyRequest
instanceKlass sun/rmi/transport/GC$1
instanceKlass sun/rmi/transport/GC$LatencyLock
instanceKlass sun/rmi/transport/GC
instanceKlass sun/rmi/transport/DGCClient$EndpointEntry$RenewCleanThread
instanceKlass sun/rmi/transport/DGCImpl
instanceKlass java/rmi/dgc/DGC
instanceKlass sun/rmi/transport/DGCClient$EndpointEntry
instanceKlass java/net/SocketPermissionCollection$1
instanceKlass java/rmi/dgc/VMID
instanceKlass sun/rmi/transport/DGCClient
instanceKlass sun/rmi/runtime/NewThreadAction$2
instanceKlass sun/rmi/runtime/NewThreadAction$1
instanceKlass sun/rmi/runtime/NewThreadAction
instanceKlass sun/rmi/transport/tcp/TCPChannel$1
instanceKlass sun/rmi/server/WeakClassHashMap
instanceKlass org/jetbrains/kotlin/cli/common/repl/ReplCodeLine$Companion
instanceKlass org/jetbrains/kotlin/daemon/common/CompilationOptions$Companion
instanceKlass org/jetbrains/kotlin/daemon/common/CompileService$Companion
instanceKlass org/jetbrains/kotlin/cli/common/repl/ReplCodeLine
instanceKlass org/jetbrains/kotlin/daemon/common/CompilationResults
instanceKlass org/jetbrains/kotlin/daemon/common/CompilerServicesFacadeBase
instanceKlass org/jetbrains/kotlin/daemon/common/CompilationOptions
instanceKlass org/jetbrains/kotlin/daemon/common/CompileService$CallResult
instanceKlass org/jetbrains/kotlin/daemon/common/CompileService
instanceKlass sun/rmi/server/LoaderHandler
instanceKlass java/rmi/server/RMIClassLoader$1
instanceKlass java/rmi/server/RMIClassLoaderSpi
instanceKlass java/rmi/server/RMIClassLoader
instanceKlass java/io/ObjectInputStream$Caches
instanceKlass sun/rmi/server/MarshalOutputStream$1
instanceKlass sun/rmi/transport/StreamRemoteCall
instanceKlass java/rmi/server/RemoteCall
instanceKlass sun/rmi/transport/tcp/TCPConnection
instanceKlass sun/rmi/transport/Connection
instanceKlass sun/rmi/runtime/RuntimeUtil$1
instanceKlass sun/rmi/runtime/RuntimeUtil
instanceKlass sun/rmi/runtime/RuntimeUtil$GetInstanceAction
instanceKlass sun/rmi/transport/tcp/TCPChannel
instanceKlass sun/rmi/transport/Channel
instanceKlass java/rmi/server/Operation
instanceKlass java/rmi/server/RemoteObject
instanceKlass java/rmi/registry/Registry
instanceKlass java/rmi/Remote
instanceKlass sun/rmi/server/Util
instanceKlass sun/rmi/server/UnicastRef
instanceKlass java/rmi/server/RemoteRef
instanceKlass java/rmi/server/RMISocketFactory
instanceKlass java/rmi/server/RMIServerSocketFactory
instanceKlass sun/rmi/transport/tcp/TCPTransport$1
instanceKlass java/util/logging/StreamHandler$1
instanceKlass java/util/logging/Handler$1
instanceKlass jdk/internal/logger/SimpleConsoleLogger$Formatting
instanceKlass sun/util/logging/PlatformLogger
instanceKlass java/util/logging/Formatter
instanceKlass sun/rmi/runtime/Log$LoggerLog$1
instanceKlass sun/rmi/runtime/Log$LoggerLogFactory
instanceKlass sun/rmi/runtime/Log$LogFactory
instanceKlass sun/rmi/runtime/Log
instanceKlass sun/rmi/transport/Transport
instanceKlass sun/rmi/transport/tcp/TCPEndpoint
instanceKlass sun/rmi/transport/Endpoint
instanceKlass java/rmi/server/UID
instanceKlass java/rmi/server/ObjID
instanceKlass sun/rmi/transport/LiveRef
instanceKlass java/rmi/registry/LocateRegistry
instanceKlass org/jetbrains/kotlin/daemon/common/LoopbackNetworkInterface$AbstractClientLoopbackSocketFactory
instanceKlass java/rmi/server/RMIClientSocketFactory
instanceKlass kotlin/concurrent/ThreadsKt
instanceKlass net/rubygrapefruit/platform/internal/jni/WindowsHandleFunctions
instanceKlass net/rubygrapefruit/platform/internal/FunctionResult
instanceKlass net/rubygrapefruit/platform/internal/DefaultProcessLauncher
instanceKlass net/rubygrapefruit/platform/internal/WindowsProcessLauncher
instanceKlass net/rubygrapefruit/platform/internal/WrapperProcessLauncher
instanceKlass net/rubygrapefruit/platform/Terminals
instanceKlass net/rubygrapefruit/platform/WindowsFiles
instanceKlass net/rubygrapefruit/platform/Files
instanceKlass net/rubygrapefruit/platform/internal/jni/NativeLibraryFunctions
instanceKlass net/rubygrapefruit/platform/internal/LibraryDef
instanceKlass net/rubygrapefruit/platform/internal/NativeLibraryLocator
instanceKlass net/rubygrapefruit/platform/internal/NativeLibraryLoader
instanceKlass net/rubygrapefruit/platform/Process
instanceKlass net/rubygrapefruit/platform/internal/Platform
instanceKlass net/rubygrapefruit/platform/Native
instanceKlass net/rubygrapefruit/platform/ProcessLauncher
instanceKlass net/rubygrapefruit/platform/NativeIntegration
instanceKlass org/jetbrains/kotlin/daemon/client/NativePlatformLauncherWrapper
instanceKlass org/jetbrains/kotlin/daemon/client/NativePlatformUtilKt
instanceKlass org/jetbrains/kotlin/daemon/client/DaemonReportMessage
instanceKlass org/jetbrains/kotlin/daemon/client/KotlinCompilerClientKt
instanceKlass org/jetbrains/kotlin/daemon/client/KotlinCompilerClient$tryFindSuitableDaemonOrNewOpts$$inlined$thenBy$1
instanceKlass org/jetbrains/kotlin/daemon/common/FileAgeComparator
instanceKlass org/jetbrains/kotlin/daemon/client/KotlinCompilerClient$tryFindSuitableDaemonOrNewOpts$$inlined$compareBy$1
instanceKlass org/jetbrains/kotlin/daemon/common/DaemonJVMOptionsMemoryComparator
instanceKlass org/jetbrains/kotlin/daemon/common/ClientUtilsKt
instanceKlass org/jetbrains/kotlin/daemon/common/LoopbackNetworkInterface
instanceKlass org/jetbrains/kotlin/daemon/common/NetworkUtilsKt
instanceKlass org/jetbrains/kotlin/daemon/client/KotlinCompilerClient
instanceKlass org/jetbrains/kotlin/daemon/common/DummyProfiler
instanceKlass org/jetbrains/kotlin/daemon/common/Profiler
instanceKlass org/jetbrains/kotlin/daemon/client/DaemonReportingTargets
instanceKlass org/jetbrains/kotlin/daemon/common/FileSystemUtilsKt
instanceKlass org/jetbrains/kotlin/daemon/common/FileSystem$WhenMappings
instanceKlass org/jetbrains/kotlin/daemon/common/OSKind$Companion
instanceKlass org/jetbrains/kotlin/daemon/common/FileSystem
instanceKlass org/jetbrains/kotlin/daemon/common/DaemonOptions
instanceKlass org/jetbrains/kotlin/compilerRunner/KotlinCompilerRunnerUtils
instanceKlass org/jetbrains/kotlin/daemon/common/PropMapper
instanceKlass org/jetbrains/kotlin/daemon/common/DaemonJVMOptions
instanceKlass org/jetbrains/kotlin/daemon/common/DaemonParamsKt
instanceKlass org/jetbrains/kotlin/daemon/common/CompilerId$Companion
instanceKlass org/jetbrains/kotlin/daemon/common/CompilerId
instanceKlass org/jetbrains/kotlin/daemon/common/OptionsGroup
instanceKlass org/jetbrains/kotlin/compilerRunner/GradleKotlinCompilerWork
instanceKlass org/jetbrains/kotlin/compilerRunner/GradleCompilerRunnerWithWorkers$GradleKotlinCompilerWorkParameters$Inject
instanceKlass org/jetbrains/kotlin/gradle/report/BuildScanSettings
instanceKlass org/jetbrains/kotlin/build/report/HttpReportSettings
instanceKlass org/jetbrains/kotlin/build/report/FileReportSettings
instanceKlass org/jetbrains/kotlin/compilerRunner/GradleCompilerRunnerWithWorkers$GradleKotlinCompilerWorkParameters_Decorated
instanceKlass org/jetbrains/kotlin/compilerRunner/GradleCompilerRunnerWithWorkers$GradleKotlinCompilerWorkParameters
instanceKlass org/jetbrains/kotlin/compilerRunner/GradleCompilerRunnerWithWorkers$sam$org_gradle_api_Action$0
instanceKlass org/jetbrains/kotlin/compilerRunner/GradleCompilerRunnerWithWorkers$GradleKotlinCompilerWorkAction
instanceKlass java/nio/file/TempFileHelper
instanceKlass org/jetbrains/kotlin/compilerRunner/ProjectFilesForCompilation$Companion
instanceKlass org/jetbrains/kotlin/compilerRunner/ProjectFilesForCompilation
instanceKlass org/jetbrains/kotlin/compilerRunner/GradleKotlinCompilerWorkArguments$Companion
instanceKlass org/jetbrains/kotlin/compilerRunner/GradleKotlinCompilerWorkArguments
instanceKlass org/jetbrains/kotlin/incremental/IncrementalModuleInfo$Companion
instanceKlass org/jetbrains/kotlin/gradle/dsl/KotlinJsCompile
instanceKlass org/jetbrains/kotlin/gradle/targets/js/internal/UsesLibraryFilterCachingService
instanceKlass org/jetbrains/kotlin/incremental/IncrementalModuleEntry$Companion
instanceKlass org/jetbrains/kotlin/incremental/IncrementalModuleEntry
instanceKlass kotlin/reflect/KMutableProperty1$Setter
instanceKlass org/jetbrains/kotlin/cli/common/arguments/ParseCommandLineArgumentsKt$parsePreprocessedCommandLineArguments$ArgumentField
instanceKlass org/jetbrains/kotlin/cli/common/arguments/PreprocessCommandLineArgumentsKt
instanceKlass org/jetbrains/kotlin/compilerRunner/ArgumentUtils
instanceKlass org/jetbrains/kotlin/config/Services$Builder
instanceKlass org/jetbrains/kotlin/config/Services$Companion
instanceKlass org/jetbrains/kotlin/config/Services
instanceKlass org/jetbrains/kotlin/compilerRunner/CompilerEnvironment
instanceKlass org/gradle/api/internal/file/DefaultFilePropertyFactory$PathToFileTransformer
instanceKlass org/jetbrains/kotlin/daemon/common/MultiModuleICSettings$Companion
instanceKlass org/jetbrains/kotlin/incremental/ClasspathSnapshotFiles$Companion
instanceKlass org/jetbrains/kotlin/incremental/ClasspathSnapshotFiles
instanceKlass org/jetbrains/kotlin/incremental/ChangedFiles$Companion
instanceKlass org/jetbrains/kotlin/compilerRunner/IncrementalCompilationEnvironment$Companion
instanceKlass org/jetbrains/kotlin/compilerRunner/IncrementalCompilationEnvironment
instanceKlass org/jetbrains/kotlin/compilerRunner/GradleKotlinCompilerRunnerKt
instanceKlass org/jetbrains/kotlin/gradle/tasks/CompileUsingKotlinDaemonWithNormalization$sam$org_gradle_api_Transformer$0
instanceKlass org/jetbrains/kotlin/gradle/tasks/CompileUsingKotlinDaemonWithNormalization$DefaultImpls
instanceKlass org/jetbrains/kotlin/compilerRunner/CompilerExecutionSettings$Companion
instanceKlass org/jetbrains/kotlin/compilerRunner/CompilerExecutionSettings
instanceKlass org/jetbrains/kotlin/gradle/tasks/AbstractKotlinCompile$sam$java_util_function_BiFunction$0
instanceKlass org/jetbrains/kotlin/compilerRunner/OutputItemsCollectorImpl
instanceKlass org/jetbrains/kotlin/compilerRunner/OutputItemsCollector
instanceKlass org/jetbrains/kotlin/gradle/logging/GradleErrorMessageCollector
instanceKlass org/jetbrains/kotlin/cli/common/messages/GradleStyleMessageRenderer
instanceKlass org/jetbrains/kotlin/cli/common/messages/MessageRenderer
instanceKlass org/jetbrains/kotlin/gradle/logging/GradlePrintingMessageCollector
instanceKlass com/android/build/gradle/api/TestedComponentIdentifier
instanceKlass com/android/build/gradle/internal/dependency/ArtifactCollectionWithExtraArtifact$ExtraComponentIdentifierImpl
instanceKlass com/android/build/gradle/internal/dependency/ArtifactCollectionWithExtraArtifact$ExtraComponentIdentifier
instanceKlass com/android/build/gradle/internal/dependency/ArtifactCollectionWithExtraArtifact$ExtraComponentArtifactIdentifier
instanceKlass org/jetbrains/kotlin/gradle/plugin/KotlinCompilerArgumentsProducer$DefaultImpls
instanceKlass org/gradle/api/internal/file/collections/PathVisitor
instanceKlass org/gradle/api/file/ReproducibleFileVisitor
instanceKlass org/jetbrains/kotlin/incremental/FileUtilsKt
instanceKlass org/jetbrains/kotlin/gradle/internal/tasks/TaskWithLocalStateKt
instanceKlass org/jetbrains/kotlin/gradle/tasks/TasksUtilsKt
instanceKlass org/jetbrains/kotlin/compilerRunner/CompilerSystemPropertiesService$Parameters$Inject
instanceKlass org/jetbrains/kotlin/build/report/metrics/BuildMetricsReporterImpl$WhenMappings
instanceKlass org/jetbrains/kotlin/gradle/tasks/CacheableTasksKt$sam$org_gradle_api_Transformer$0
instanceKlass org/gradle/execution/plan/ExecutionNodeAccessHierarchy$FilteredNodeAccess
instanceKlass org/gradle/execution/plan/MissingTaskDependencyDetector$FilteredTree
instanceKlass org/jetbrains/kotlin/metadata/ProtoBuf$TypeAliasOrBuilder
instanceKlass org/jetbrains/org/objectweb/asm/tree/TryCatchBlockNode
instanceKlass org/jetbrains/kotlin/metadata/ProtoBuf$Annotation$Argument$Value$Type$1
instanceKlass org/jetbrains/kotlin/metadata/ProtoBuf$Annotation$Argument$ValueOrBuilder
instanceKlass org/jetbrains/kotlin/metadata/ProtoBuf$Annotation$ArgumentOrBuilder
instanceKlass org/jetbrains/kotlin/metadata/ProtoBuf$Effect$InvocationKind$1
instanceKlass org/jetbrains/kotlin/metadata/ProtoBuf$Expression$ConstantValue$1
instanceKlass org/jetbrains/kotlin/metadata/ProtoBuf$ExpressionOrBuilder
instanceKlass org/jetbrains/kotlin/metadata/ProtoBuf$Effect$EffectType$1
instanceKlass org/jetbrains/kotlin/metadata/ProtoBuf$EffectOrBuilder
instanceKlass org/jetbrains/org/objectweb/asm/tree/LocalVariableNode
instanceKlass org/jetbrains/org/objectweb/asm/Opcodes
instanceKlass org/jetbrains/kotlin/metadata/ProtoBuf$EnumEntryOrBuilder
instanceKlass org/jetbrains/kotlin/incremental/storage/JvmMethodSignatureExternalizer
instanceKlass org/jetbrains/org/objectweb/asm/Handler
instanceKlass org/jetbrains/kotlin/metadata/jvm/deserialization/ClassMapperLite
instanceKlass org/jetbrains/kotlin/metadata/deserialization/ProtoTypeTableUtilKt
instanceKlass org/jetbrains/kotlin/metadata/jvm/deserialization/JvmNameResolverBase$WhenMappings
instanceKlass org/jetbrains/kotlin/cli/common/ModuleVisibilityHelperImpl
instanceKlass org/jetbrains/kotlin/descriptors/DescriptorVisibilities$12
instanceKlass org/jetbrains/kotlin/descriptors/DescriptorVisibilities$11
instanceKlass org/jetbrains/kotlin/descriptors/DescriptorVisibilities$10
instanceKlass org/jetbrains/kotlin/utils/CollectionsKt
instanceKlass org/jetbrains/kotlin/descriptors/DeclarationDescriptorWithVisibility
instanceKlass org/jetbrains/kotlin/descriptors/DeclarationDescriptor
instanceKlass org/jetbrains/kotlin/descriptors/annotations/Annotated
instanceKlass org/jetbrains/kotlin/descriptors/ValidateableDescriptor
instanceKlass org/jetbrains/kotlin/incremental/DifferenceCalculatorForPackageFacade$Companion
instanceKlass org/jetbrains/kotlin/descriptors/Named
instanceKlass org/jetbrains/kotlin/incremental/DifferenceCalculator
instanceKlass org/jetbrains/kotlin/util/ModuleVisibilityHelper
instanceKlass org/jetbrains/kotlin/incremental/storage/DoubleExternalizer
instanceKlass org/jetbrains/kotlin/incremental/storage/FloatExternalizer
instanceKlass org/jetbrains/kotlin/resolve/scopes/receivers/ReceiverValue
instanceKlass org/jetbrains/kotlin/resolve/scopes/receivers/Receiver
instanceKlass org/jetbrains/kotlin/incremental/ConstantValueExternalizer
instanceKlass org/jetbrains/kotlin/metadata/deserialization/ProtoBufUtilKt
instanceKlass org/jetbrains/kotlin/incremental/ProtoData
instanceKlass org/jetbrains/kotlin/incremental/ProtoDifferenceUtilsKt
instanceKlass org/jetbrains/kotlin/incremental/storage/ProtoMapValue
instanceKlass org/jetbrains/kotlin/incremental/storage/InlinePropertyAccessorExternalizer
instanceKlass org/jetbrains/kotlin/incremental/storage/InlineFunctionExternalizer
instanceKlass org/jetbrains/kotlin/inline/InlinePropertyAccessor
instanceKlass org/jetbrains/kotlin/inline/InlineFunction
instanceKlass org/jetbrains/kotlin/inline/InlineFunctionOrAccessor
instanceKlass org/jetbrains/kotlin/incremental/storage/InlineFunctionOrAccessorExternalizer
instanceKlass org/jetbrains/kotlin/incremental/classpathDiff/ExtraInfoExternalizer
instanceKlass org/jetbrains/kotlin/descriptors/DescriptorVisibility
instanceKlass org/jetbrains/kotlin/incremental/storage/IntExternalizer
instanceKlass org/jetbrains/kotlin/descriptors/Visibility
instanceKlass org/jetbrains/kotlin/incremental/classpathDiff/KotlinClassInfoExternalizer
instanceKlass org/jetbrains/kotlin/descriptors/DescriptorVisibilities
instanceKlass org/jetbrains/kotlin/serialization/deserialization/ProtoEnumFlagsUtilsKt$WhenMappings
instanceKlass org/jetbrains/kotlin/serialization/deserialization/ProtoEnumFlagsUtilsKt
instanceKlass org/jetbrains/kotlin/incremental/KotlinClassInfo$ExtraInfo
instanceKlass org/jetbrains/kotlin/serialization/deserialization/ProtoEnumFlags
instanceKlass org/jetbrains/kotlin/metadata/ProtoBuf$MemberKind$1
instanceKlass org/jetbrains/kotlin/metadata/ProtoBuf$Class$Kind$1
instanceKlass org/jetbrains/kotlin/metadata/ProtoBuf$VersionRequirement$VersionKind$1
instanceKlass org/jetbrains/kotlin/metadata/ProtoBuf$Modality$1
instanceKlass org/jetbrains/kotlin/metadata/ProtoBuf$VersionRequirement$Level$1
instanceKlass org/jetbrains/kotlin/metadata/ProtoBuf$Visibility$1
instanceKlass org/jetbrains/kotlin/metadata/ProtoBuf$VersionRequirementOrBuilder
instanceKlass org/jetbrains/kotlin/metadata/deserialization/Flags$FlagField
instanceKlass org/jetbrains/kotlin/metadata/deserialization/Flags
instanceKlass org/jetbrains/kotlin/metadata/deserialization/TypeTable
instanceKlass org/jetbrains/kotlin/protobuf/SmallSortedMap$Entry
instanceKlass org/jetbrains/kotlin/protobuf/FieldSet$1
instanceKlass org/jetbrains/kotlin/metadata/ProtoBuf$Type$Argument$Projection$1
instanceKlass org/jetbrains/kotlin/protobuf/AbstractMessageLite$Builder
instanceKlass org/jetbrains/kotlin/metadata/ProtoBuf$Type$ArgumentOrBuilder
instanceKlass org/jetbrains/kotlin/protobuf/GeneratedMessageLite$1
instanceKlass org/jetbrains/kotlin/metadata/jvm/deserialization/JvmNameResolverKt
instanceKlass org/jetbrains/kotlin/metadata/jvm/JvmProtoBuf$StringTableTypes$Record$Operation$1
instanceKlass org/jetbrains/kotlin/metadata/jvm/JvmProtoBuf$StringTableTypes$RecordOrBuilder
instanceKlass org/jetbrains/kotlin/protobuf/WireFormat
instanceKlass org/jetbrains/kotlin/protobuf/CodedOutputStream
instanceKlass org/jetbrains/kotlin/protobuf/CodedInputStream
instanceKlass org/jetbrains/kotlin/metadata/jvm/JvmProtoBuf$StringTableTypesOrBuilder
instanceKlass org/jetbrains/kotlin/metadata/jvm/deserialization/JvmNameResolverBase$Companion
instanceKlass org/jetbrains/kotlin/metadata/jvm/deserialization/JvmNameResolverBase
instanceKlass org/jetbrains/kotlin/metadata/deserialization/NameResolver
instanceKlass org/jetbrains/kotlin/metadata/jvm/deserialization/UtfEncodingKt
instanceKlass org/jetbrains/kotlin/metadata/jvm/deserialization/BitEncoding
instanceKlass org/jetbrains/kotlin/protobuf/ExtensionRegistryLite$ObjectIntPair
instanceKlass org/jetbrains/kotlin/metadata/ProtoBuf$PackageOrBuilder
instanceKlass org/jetbrains/kotlin/metadata/ProtoBuf$VersionRequirementTableOrBuilder
instanceKlass org/jetbrains/kotlin/metadata/ProtoBuf$ClassOrBuilder
instanceKlass org/jetbrains/kotlin/metadata/ProtoBuf$TypeParameter$Variance$1
instanceKlass org/jetbrains/kotlin/protobuf/Internal$EnumLiteMap
instanceKlass org/jetbrains/kotlin/metadata/ProtoBuf$TypeParameterOrBuilder
instanceKlass org/jetbrains/kotlin/metadata/ProtoBuf$AnnotationOrBuilder
instanceKlass org/jetbrains/kotlin/metadata/jvm/JvmProtoBuf$JvmFieldSignatureOrBuilder
instanceKlass org/jetbrains/kotlin/metadata/jvm/JvmProtoBuf$JvmPropertySignatureOrBuilder
instanceKlass org/jetbrains/kotlin/metadata/ProtoBuf$ValueParameterOrBuilder
instanceKlass org/jetbrains/kotlin/metadata/ProtoBuf$PropertyOrBuilder
instanceKlass org/jetbrains/kotlin/metadata/ProtoBuf$ContractOrBuilder
instanceKlass org/jetbrains/kotlin/metadata/ProtoBuf$TypeTableOrBuilder
instanceKlass org/jetbrains/kotlin/metadata/ProtoBuf$TypeOrBuilder
instanceKlass org/jetbrains/kotlin/metadata/ProtoBuf$FunctionOrBuilder
instanceKlass org/jetbrains/kotlin/protobuf/Internal$EnumLite
instanceKlass org/jetbrains/kotlin/protobuf/GeneratedMessageLite$ExtensionDescriptor
instanceKlass org/jetbrains/kotlin/protobuf/GeneratedMessageLite$GeneratedExtension
instanceKlass org/jetbrains/kotlin/metadata/jvm/JvmProtoBuf$JvmMethodSignatureOrBuilder
instanceKlass org/jetbrains/kotlin/protobuf/ByteString$ByteIterator
instanceKlass org/jetbrains/kotlin/protobuf/ByteString
instanceKlass org/jetbrains/kotlin/protobuf/SmallSortedMap$EmptySet$2
instanceKlass org/jetbrains/kotlin/protobuf/SmallSortedMap$EmptySet$1
instanceKlass org/jetbrains/kotlin/protobuf/SmallSortedMap$EmptySet
instanceKlass org/jetbrains/org/objectweb/asm/tree/ParameterNode
instanceKlass org/jetbrains/kotlin/protobuf/LazyFieldLite
instanceKlass org/jetbrains/kotlin/protobuf/FieldSet
instanceKlass org/jetbrains/org/objectweb/asm/TypePath
instanceKlass org/jetbrains/org/objectweb/asm/TypeReference
instanceKlass org/jetbrains/kotlin/protobuf/AbstractParser
instanceKlass org/jetbrains/kotlin/protobuf/MessageLite$Builder
instanceKlass org/jetbrains/kotlin/protobuf/Parser
instanceKlass org/jetbrains/kotlin/protobuf/FieldSet$FieldDescriptorLite
instanceKlass org/jetbrains/kotlin/protobuf/AbstractMessageLite
instanceKlass org/jetbrains/kotlin/metadata/ProtoBuf$ConstructorOrBuilder
instanceKlass org/jetbrains/kotlin/protobuf/GeneratedMessageLite$ExtendableMessageOrBuilder
instanceKlass org/jetbrains/kotlin/incremental/storage/JvmClassNameExternalizer
instanceKlass org/jetbrains/kotlin/incremental/storage/NullableValueExternalizer
instanceKlass org/jetbrains/kotlin/incremental/storage/FqNameExternalizer
instanceKlass org/jetbrains/kotlin/protobuf/MessageLite
instanceKlass org/jetbrains/kotlin/protobuf/MessageLiteOrBuilder
instanceKlass org/jetbrains/kotlin/incremental/storage/ClassIdExternalizer
instanceKlass org/jetbrains/kotlin/metadata/jvm/JvmProtoBuf
instanceKlass org/jetbrains/kotlin/incremental/classpathDiff/InaccessibleClassSnapshotExternalizer
instanceKlass org/jetbrains/kotlin/incremental/classpathDiff/JavaClassSnapshotExternalizer
instanceKlass org/jetbrains/kotlin/protobuf/ExtensionRegistryLite
instanceKlass org/jetbrains/kotlin/incremental/classpathDiff/MultifileClassKotlinClassSnapshotExternalizer
instanceKlass org/jetbrains/kotlin/incremental/classpathDiff/PackageFacadeKotlinClassSnapshotExternalizer
instanceKlass org/jetbrains/kotlin/metadata/jvm/deserialization/JvmProtoBufUtil
instanceKlass org/jetbrains/kotlin/incremental/classpathDiff/RegularKotlinClassSnapshotExternalizer
instanceKlass org/jetbrains/kotlin/inline/InlineUtilKt$WhenMappings
instanceKlass org/jetbrains/kotlin/inline/InlineUtilKt
instanceKlass org/jetbrains/kotlin/incremental/classpathDiff/KotlinClassSnapshotExternalizer
instanceKlass org/jetbrains/kotlin/incremental/storage/GenericCollectionExternalizer
instanceKlass org/jetbrains/kotlin/incremental/storage/LongExternalizer
instanceKlass org/jetbrains/kotlin/incremental/KotlinClassInfo$Companion
instanceKlass org/jetbrains/kotlin/incremental/classpathDiff/AccessibleClassSnapshotExternalizer
instanceKlass org/jetbrains/kotlin/incremental/KotlinClassInfo
instanceKlass org/jetbrains/kotlin/incremental/storage/DelegateDataExternalizer
instanceKlass org/jetbrains/kotlin/com/intellij/openapi/util/ThreadLocalCachedValue
instanceKlass org/jetbrains/kotlin/incremental/classpathDiff/ClassSnapshotter$WhenMappings
instanceKlass org/jetbrains/kotlin/incremental/classpathDiff/ClassSnapshotExternalizer
instanceKlass org/jetbrains/kotlin/com/intellij/util/io/IOUtil
instanceKlass org/jetbrains/kotlin/load/kotlin/header/KotlinClassHeader
instanceKlass org/jetbrains/kotlin/incremental/storage/MapExternalizer
instanceKlass org/jetbrains/kotlin/incremental/storage/StringExternalizer
instanceKlass org/jetbrains/kotlin/load/kotlin/header/ReadKotlinClassHeaderAnnotationVisitor$CollectStringArrayAnnotationVisitor
instanceKlass org/jetbrains/kotlin/incremental/classpathDiff/JavaElementSnapshotExternalizer
instanceKlass org/jetbrains/kotlin/incremental/storage/ExternalizersKt
instanceKlass org/jetbrains/kotlin/incremental/classpathDiff/ClasspathEntrySnapshotExternalizer
instanceKlass org/jetbrains/kotlin/load/kotlin/KotlinJvmBinaryClass$AnnotationArrayArgumentVisitor
instanceKlass org/jetbrains/kotlin/incremental/classpathDiff/ClasspathEntrySnapshot
instanceKlass org/jetbrains/kotlin/load/kotlin/header/ReadKotlinClassHeaderAnnotationVisitor$KotlinMetadataArgumentVisitor
instanceKlass org/jetbrains/kotlin/incremental/classpathDiff/JavaClassMemberLevelSnapshotExternalizer
instanceKlass org/jetbrains/kotlin/com/intellij/util/io/DataExternalizer
instanceKlass org/jetbrains/kotlin/incremental/classpathDiff/ClassSnapshot
instanceKlass org/jetbrains/kotlin/incremental/classpathDiff/JavaClassMemberLevelSnapshot
instanceKlass org/jetbrains/org/objectweb/asm/Frame
instanceKlass org/jetbrains/kotlin/incremental/IncrementalJvmCacheKt
instanceKlass org/jetbrains/kotlin/incremental/KotlinClassInfoKt
instanceKlass org/jetbrains/org/objectweb/asm/ByteVector
instanceKlass org/jetbrains/org/objectweb/asm/Symbol
instanceKlass org/jetbrains/org/objectweb/asm/Type
instanceKlass org/jetbrains/org/objectweb/asm/SymbolTable
instanceKlass org/jetbrains/org/objectweb/asm/tree/InsnList
instanceKlass org/jetbrains/kotlin/incremental/classpathDiff/JavaElementSnapshot
instanceKlass org/jetbrains/org/objectweb/asm/tree/AbstractInsnNode
instanceKlass org/jetbrains/kotlin/incremental/ClassNodeSnapshotter
instanceKlass org/jetbrains/kotlin/metadata/jvm/deserialization/JvmMemberSignature
instanceKlass org/jetbrains/org/objectweb/asm/tree/InnerClassNode
instanceKlass org/jetbrains/org/objectweb/asm/tree/Util
instanceKlass org/jetbrains/org/objectweb/asm/ModuleVisitor
instanceKlass org/jetbrains/org/objectweb/asm/RecordComponentVisitor
instanceKlass org/jetbrains/org/objectweb/asm/MethodVisitor
instanceKlass org/jetbrains/org/objectweb/asm/FieldVisitor
instanceKlass org/jetbrains/kotlin/metadata/jvm/deserialization/JvmMetadataVersion$Companion
instanceKlass org/jetbrains/kotlin/metadata/deserialization/BinaryVersion$Companion
instanceKlass org/jetbrains/kotlin/load/java/JvmAnnotationNames
instanceKlass org/jetbrains/kotlin/metadata/deserialization/BinaryVersion
instanceKlass org/jetbrains/kotlin/descriptors/SourceElement$1
instanceKlass org/jetbrains/kotlin/utils/StringsKt
instanceKlass org/jetbrains/kotlin/descriptors/SourceElement
instanceKlass org/jetbrains/org/objectweb/asm/AnnotationVisitor
instanceKlass org/jetbrains/kotlin/load/kotlin/FileBasedKotlinClass
instanceKlass org/jetbrains/kotlin/load/kotlin/KotlinJvmBinaryClass
instanceKlass org/jetbrains/kotlin/load/kotlin/FileBasedKotlinClass$OuterAndInnerName
instanceKlass org/jetbrains/org/objectweb/asm/Context
instanceKlass org/jetbrains/org/objectweb/asm/Attribute
instanceKlass org/jetbrains/org/objectweb/asm/Label
instanceKlass org/jetbrains/org/objectweb/asm/ClassReader
instanceKlass org/jetbrains/kotlin/load/kotlin/FileBasedKotlinClass$InnerClassesInfo
instanceKlass org/jetbrains/kotlin/load/kotlin/header/KotlinClassHeader$Kind$Companion
instanceKlass org/jetbrains/kotlin/name/ClassId
instanceKlass org/jetbrains/kotlin/name/FqNameUnsafe$1
instanceKlass org/jetbrains/kotlin/name/Name
instanceKlass org/jetbrains/kotlin/name/FqNameUnsafe
instanceKlass org/jetbrains/kotlin/name/FqName
instanceKlass org/jetbrains/kotlin/load/kotlin/KotlinJvmBinaryClass$AnnotationArgumentVisitor
instanceKlass org/jetbrains/kotlin/load/kotlin/header/ReadKotlinClassHeaderAnnotationVisitor
instanceKlass org/jetbrains/kotlin/load/kotlin/KotlinJvmBinaryClass$AnnotationVisitor
instanceKlass org/jetbrains/org/objectweb/asm/ClassVisitor
instanceKlass org/jetbrains/kotlin/incremental/classpathDiff/BasicClassInfo$Companion
instanceKlass org/jetbrains/kotlin/incremental/classpathDiff/BasicClassInfo
instanceKlass org/jetbrains/kotlin/incremental/classpathDiff/ClassFileWithContents
instanceKlass org/jetbrains/kotlin/resolve/jvm/JvmClassName
instanceKlass org/jetbrains/kotlin/incremental/classpathDiff/ClassSnapshotter
instanceKlass org/jetbrains/kotlin/incremental/classpathDiff/ClassFile
instanceKlass org/jetbrains/kotlin/incremental/classpathDiff/ClassFileWithContentsProvider
instanceKlass org/jetbrains/kotlin/incremental/classpathDiff/JarReader
instanceKlass org/jetbrains/kotlin/incremental/classpathDiff/DirectoryOrJarReader$Companion
instanceKlass org/jetbrains/kotlin/incremental/classpathDiff/DirectoryOrJarReader
instanceKlass org/jetbrains/kotlin/incremental/classpathDiff/ClasspathEntrySnapshotter
instanceKlass org/jetbrains/kotlin/build/report/metrics/DoNothingBuildMetricsReporter
instanceKlass com/android/ide/common/symbols/SymbolTableBuilder$WhenMappings
instanceKlass com/android/ide/common/symbols/SymbolTableBuilder
instanceKlass org/gradle/api/tasks/util/internal/CachingPatternSpecFactory$CachingSpec$1
instanceKlass org/gradle/internal/fingerprint/impl/PatternSetSnapshottingFilter$PathBackedFileTreeElement
instanceKlass org/gradle/internal/snapshot/SnapshottingFilter$DirectoryWalkerPredicate
instanceKlass org/gradle/internal/fingerprint/impl/PatternSetSnapshottingFilter$LogicalFileTreeElement
instanceKlass org/gradle/api/services/internal/DefaultBuildServicesRegistry$ServiceBackedSharedResource
instanceKlass com/android/builder/symbols/BytecodeRClassWriterKt
instanceKlass com/google/common/collect/NullnessCasts
instanceKlass com/google/common/collect/AbstractIterator$1
instanceKlass com/google/common/collect/FluentIterable
instanceKlass com/android/builder/internal/aapt/AaptUtils
instanceKlass com/android/builder/internal/aapt/v2/AaptV2CommandBuilder$makeLinkCommand$$inlined$sortedBy$1
instanceKlass com/android/build/gradle/internal/res/Aapt2ProcessResourcesRunnableKt
instanceKlass com/android/builder/internal/aapt/AaptPackageConfig
instanceKlass com/android/builder/internal/aapt/AaptPackageConfig$Builder
instanceKlass com/google/common/collect/ImmutableList$SerializedForm
instanceKlass com/android/builder/internal/aapt/AaptOptions
instanceKlass com/android/build/gradle/internal/res/LinkApplicationAndroidResourcesTask$doFullTaskAction$1
instanceKlass com/android/builder/internal/aapt/v2/Aapt2DaemonImpl$WaitForTaskCompletion$Result
instanceKlass com/android/builder/internal/aapt/v2/AaptV2CommandBuilder
instanceKlass com/android/builder/internal/aapt/v2/Aapt2DaemonUtil
instanceKlass com/android/builder/internal/aapt/v2/Aapt2DaemonImpl$WaitForTaskCompletion
instanceKlass com/google/common/util/concurrent/OverflowAvoidingLockSupport
instanceKlass com/android/utils/GrabProcessOutput
instanceKlass java/lang/ProcessImpl$2
instanceKlass java/lang/ProcessHandleImpl
instanceKlass com/android/tools/r8/internal/VA
instanceKlass com/android/builder/internal/aapt/v2/Aapt2DaemonImpl$WaitForReadyOnStdOut
instanceKlass com/android/builder/internal/aapt/v2/Aapt2Daemon$WhenMappings
instanceKlass com/android/builder/internal/aapt/v2/Aapt2DaemonManager$LeasedAaptDaemon
instanceKlass com/android/build/gradle/internal/services/Aapt2DaemonManagerMaintainer$firstDaemonStarted$2
instanceKlass com/android/build/gradle/internal/services/Aapt2DaemonManagerMaintainer$firstDaemonStarted$1
instanceKlass com/android/builder/internal/aapt/v2/Aapt2DaemonManager$LeasableAaptDaemon
instanceKlass com/android/builder/internal/aapt/v2/Aapt2DaemonImpl$processOutput$1
instanceKlass com/android/builder/internal/aapt/v2/Aapt2DaemonImpl$NoOutputExpected
instanceKlass com/android/utils/GrabProcessOutput$IProcessOutput
instanceKlass com/android/tools/r8/graph/q0
instanceKlass com/android/builder/internal/aapt/v2/Aapt2Daemon
instanceKlass com/android/build/gradle/internal/services/PartialInProcessResourceProcessor
instanceKlass com/android/build/gradle/internal/res/Aapt2CompileRunnableKt
instanceKlass com/android/build/gradle/internal/workeractions/WorkerActionServiceRegistry$registerServiceAsCloseable$3
instanceKlass com/android/build/gradle/internal/workeractions/WorkerActionServiceRegistry$registerServiceAsCloseable$2
instanceKlass com/android/build/gradle/internal/workeractions/WorkerActionServiceRegistry$RegisteredService
instanceKlass com/android/build/gradle/internal/services/Aapt2DaemonBuildService$getManager$2$1
instanceKlass com/android/builder/internal/aapt/v2/Aapt2DaemonManager$leasingAapt2Daemon$1
instanceKlass com/android/build/gradle/internal/services/Aapt2DaemonManagerMaintainer
instanceKlass com/android/builder/internal/aapt/v2/Aapt2DaemonManager$Listener
instanceKlass com/android/builder/internal/aapt/v2/Aapt2
instanceKlass com/android/builder/internal/aapt/v2/Aapt2DaemonManager
instanceKlass com/android/build/gradle/internal/services/Aapt2DaemonServiceKey
instanceKlass com/android/build/gradle/internal/workeractions/WorkerActionServiceRegistry$ServiceKey
instanceKlass com/android/build/gradle/internal/dependency/AarResourcesCompilerTransform$transform$resourceFolders$1
instanceKlass com/android/builder/internal/aapt/v2/Aapt2DaemonTimeouts
instanceKlass com/android/build/gradle/internal/workeractions/WorkerActionServiceRegistry
instanceKlass com/android/build/gradle/internal/services/Aapt2Daemon
instanceKlass com/android/build/gradle/internal/dependency/AarResourcesCompilerTransform$Parameters$Inject
instanceKlass com/android/build/gradle/internal/services/Aapt2Input$Inject
instanceKlass com/android/tools/r8/dex/code/A1
instanceKlass com/android/tools/r8/dex/code/N
instanceKlass com/android/tools/r8/dex/A
instanceKlass com/android/tools/r8/dex/B
instanceKlass com/android/tools/r8/dex/z
instanceKlass java/util/concurrent/ForkJoinPool$DefaultForkJoinWorkerThreadFactory$1
instanceKlass com/android/tools/r8/internal/Ce0
instanceKlass com/android/tools/r8/internal/pD
instanceKlass com/android/tools/r8/internal/mD
instanceKlass com/android/tools/r8/dex/E
instanceKlass com/android/tools/r8/graph/r5
instanceKlass com/android/tools/r8/dex/C
instanceKlass com/android/tools/r8/internal/K7
instanceKlass com/android/tools/r8/internal/xe0
instanceKlass com/android/tools/r8/naming/w
instanceKlass com/android/tools/r8/shaking/k3
instanceKlass com/android/tools/r8/shaking/K3
instanceKlass com/android/tools/r8/shaking/I2$a
instanceKlass com/android/tools/r8/shaking/V2
instanceKlass com/android/tools/r8/shaking/S2
instanceKlass com/android/tools/r8/shaking/G3
instanceKlass com/android/tools/r8/shaking/D3
instanceKlass com/android/tools/r8/shaking/E3
instanceKlass com/android/tools/r8/shaking/E2$a
instanceKlass com/android/tools/r8/shaking/E2
instanceKlass com/android/tools/r8/shaking/I3
instanceKlass com/android/tools/r8/shaking/R2$a
instanceKlass com/android/tools/r8/shaking/R2
instanceKlass com/android/tools/r8/shaking/W2$a
instanceKlass com/android/tools/r8/shaking/W2
instanceKlass com/android/tools/r8/shaking/c3
instanceKlass com/android/tools/r8/shaking/Z2
instanceKlass com/android/builder/dexing/D8DexArchiveMerger
instanceKlass com/android/builder/dexing/DexArchiveMerger
instanceKlass com/android/build/gradle/internal/signing/SigningConfigVersions$Companion
instanceKlass com/android/build/gradle/internal/signing/SigningConfigVersions
instanceKlass com/android/builder/utils/ExceptionFunction
instanceKlass com/android/build/gradle/internal/tasks/ValidateSigningTask$createDefaultDebugKeystoreIfNeeded$1
instanceKlass com/android/builder/utils/ExceptionConsumer
instanceKlass com/google/common/reflect/Types$ClassOwnership$1LocalClass
instanceKlass com/google/common/reflect/Types$ParameterizedTypeImpl
instanceKlass com/google/common/reflect/Reflection
instanceKlass com/google/common/reflect/Types$TypeVariableInvocationHandler
instanceKlass com/google/common/reflect/Types$TypeVariableImpl
instanceKlass com/google/common/reflect/Types
instanceKlass com/google/common/reflect/Types$NativeTypeVariableEquals
instanceKlass com/google/common/reflect/TypeResolver$TypeVariableKey
instanceKlass com/google/common/reflect/TypeResolver$TypeTable
instanceKlass com/google/common/reflect/TypeResolver
instanceKlass com/android/utils/JvmWideVariable$ValueWrapper
instanceKlass com/android/utils/JvmWideVariable$ValueWrapperMBean
instanceKlass com/android/utils/JvmWideVariable
instanceKlass com/android/builder/dexing/DirDexArchive
instanceKlass com/google/common/reflect/Invokable
instanceKlass com/android/builder/dexing/DexArchive
instanceKlass com/android/builder/dexing/DexArchives
instanceKlass com/android/builder/dexing/DexArchiveEntry
instanceKlass com/android/utils/concurrency/ReadWriteProcessLock$WriteLock
instanceKlass com/android/utils/concurrency/ReadWriteProcessLock$ReadLock
instanceKlass com/google/common/reflect/TypeCapture
instanceKlass com/android/utils/concurrency/ReadWriteProcessLock$Lock
instanceKlass com/android/utils/concurrency/ReadWriteProcessLock
instanceKlass com/android/builder/utils/SynchronizedFile
instanceKlass com/android/build/gradle/internal/tasks/DexMergingTaskDelegate$run$1$1
instanceKlass com/android/build/gradle/internal/tasks/ValidateSigningTask$forceRerun$storeFile$1
instanceKlass com/android/builder/dexing/DexEntryBucket$Companion
instanceKlass com/android/builder/dexing/DexEntryBucket
instanceKlass com/android/builder/dexing/DexEntry$Companion
instanceKlass com/android/builder/dexing/DexEntry
instanceKlass com/android/builder/dexing/DexUtilsKt$getSortedFilesInDir$2$2
instanceKlass com/android/builder/dexing/DexUtilsKt$getSortedFilesInDir$2$1
instanceKlass com/android/build/gradle/internal/tasks/DexMergingTaskDelegate$Companion
instanceKlass com/android/build/gradle/internal/tasks/DexMergingTask$doTaskAction$1
instanceKlass org/gradle/execution/plan/DefaultPlanExecutor$ExecutorState$HealthState
instanceKlass com/android/tools/r8/internal/za
instanceKlass com/android/build/gradle/internal/errors/MessageReceiverImplKt
instanceKlass com/android/build/gradle/internal/errors/MessageReceiverImpl$WhenMappings
instanceKlass com/android/tools/r8/internal/s50
instanceKlass com/android/tools/r8/errors/DesugarDiagnostic
instanceKlass com/android/tools/r8/utils/StringDiagnostic
instanceKlass com/android/tools/r8/internal/jW
instanceKlass com/android/tools/r8/internal/c2
instanceKlass com/android/tools/r8/internal/Cl0
instanceKlass com/android/tools/r8/internal/mk0
instanceKlass com/android/tools/r8/internal/Va
instanceKlass com/android/tools/r8/internal/Qt
instanceKlass com/android/tools/r8/internal/ux
instanceKlass com/android/tools/r8/internal/ox
instanceKlass com/android/tools/r8/internal/wx
instanceKlass com/android/tools/r8/internal/eS
instanceKlass com/android/tools/r8/internal/vQ
instanceKlass com/android/tools/r8/internal/Up
instanceKlass com/android/tools/r8/internal/xs
instanceKlass com/android/tools/r8/androidapi/h
instanceKlass com/android/tools/r8/internal/Uq
instanceKlass com/android/tools/r8/synthesis/M
instanceKlass com/android/tools/r8/synthesis/N
instanceKlass com/android/tools/r8/internal/Il
instanceKlass com/android/tools/r8/graph/a1
instanceKlass com/android/tools/r8/graph/V0
instanceKlass com/android/tools/r8/internal/Jl
instanceKlass com/android/tools/r8/internal/Gc
instanceKlass com/android/tools/r8/internal/ml
instanceKlass com/android/tools/r8/naming/N
instanceKlass com/android/tools/r8/internal/a9
instanceKlass com/android/tools/r8/internal/zd
instanceKlass com/android/tools/r8/internal/Ad
instanceKlass com/android/tools/r8/internal/Bd
instanceKlass com/android/tools/r8/internal/Yl
instanceKlass java/nio/file/Files$2
instanceKlass com/android/tools/r8/ByteDataView
instanceKlass com/android/tools/r8/dex/G
instanceKlass java/util/zip/Adler32
instanceKlass com/android/tools/r8/dex/I
instanceKlass com/android/tools/r8/internal/ln
instanceKlass com/android/tools/r8/internal/jT
instanceKlass com/android/tools/r8/internal/CJ
instanceKlass com/android/tools/r8/dex/u
instanceKlass com/android/tools/r8/internal/n7
instanceKlass com/android/tools/r8/naming/V
instanceKlass com/android/tools/r8/naming/U
instanceKlass com/android/tools/r8/dex/v
instanceKlass com/android/tools/r8/dex/H
instanceKlass com/android/tools/r8/internal/ws
instanceKlass com/android/tools/r8/dex/F
instanceKlass com/android/tools/r8/dex/s
instanceKlass com/android/tools/r8/dex/y
instanceKlass com/android/tools/r8/graph/w5
instanceKlass com/android/tools/r8/dex/L
instanceKlass com/android/tools/r8/internal/Vh
instanceKlass com/android/tools/r8/graph/p5
instanceKlass com/android/tools/r8/internal/Z30
instanceKlass com/android/tools/r8/internal/s30
instanceKlass com/android/tools/r8/internal/AL
instanceKlass com/android/tools/r8/internal/pJ
instanceKlass com/android/tools/r8/internal/zc
instanceKlass com/android/tools/r8/internal/iJ
instanceKlass com/android/tools/r8/internal/yk
instanceKlass com/android/tools/r8/graph/q5
instanceKlass com/android/tools/r8/utils/structural/i
instanceKlass com/android/tools/r8/internal/E
instanceKlass com/android/tools/r8/internal/D
instanceKlass com/android/tools/r8/internal/CT
instanceKlass com/android/tools/r8/internal/Zs
instanceKlass com/android/tools/r8/internal/at
instanceKlass com/android/tools/r8/utils/structural/m
instanceKlass com/android/tools/r8/internal/AT
instanceKlass com/android/tools/r8/synthesis/k
instanceKlass com/android/tools/r8/internal/ET
instanceKlass com/android/tools/r8/dex/n
instanceKlass com/android/tools/r8/FeatureSplit
instanceKlass com/android/tools/r8/internal/PL
instanceKlass com/android/tools/r8/internal/B30
instanceKlass com/android/tools/r8/internal/mJ
instanceKlass com/android/tools/r8/internal/NR
instanceKlass com/android/tools/r8/internal/rk
instanceKlass com/android/tools/r8/internal/h5
instanceKlass com/android/tools/r8/internal/LL
instanceKlass com/android/tools/r8/internal/br
instanceKlass com/android/tools/r8/internal/sk
instanceKlass com/android/tools/r8/internal/HC
instanceKlass com/android/tools/r8/internal/DC
instanceKlass com/android/tools/r8/dex/r0
instanceKlass com/android/tools/r8/dex/p0
instanceKlass com/android/tools/r8/dex/q0
instanceKlass com/android/tools/r8/naming/b
instanceKlass com/android/tools/r8/internal/Cd
instanceKlass com/android/tools/r8/dex/m0
instanceKlass com/android/tools/r8/internal/RJ
instanceKlass com/android/tools/r8/dex/n0
instanceKlass com/android/tools/r8/dex/s0
instanceKlass com/android/tools/r8/dex/M
instanceKlass com/android/tools/r8/startup/diagnostic/MissingStartupProfileItemsDiagnostic$a
instanceKlass com/android/tools/r8/graph/P3
instanceKlass com/android/tools/r8/internal/Xi0
instanceKlass com/android/tools/r8/internal/bj0
instanceKlass com/android/tools/r8/internal/dj0
instanceKlass com/android/tools/r8/internal/B3
instanceKlass com/android/tools/r8/internal/aj0
instanceKlass com/android/tools/r8/internal/Zi0
instanceKlass com/android/tools/r8/internal/Ai0
instanceKlass com/android/tools/r8/internal/wS
instanceKlass com/android/tools/r8/internal/w8
instanceKlass com/android/tools/r8/internal/MB
instanceKlass com/android/tools/r8/internal/zi0
instanceKlass com/android/tools/r8/internal/nj0
instanceKlass com/android/tools/r8/internal/uD
instanceKlass com/android/tools/r8/internal/zK
instanceKlass com/android/tools/r8/internal/eQ
instanceKlass com/android/tools/r8/internal/C0
instanceKlass com/android/tools/r8/internal/dQ
instanceKlass com/android/tools/r8/internal/GX
instanceKlass com/android/tools/r8/internal/hm
instanceKlass com/android/tools/r8/internal/ch
instanceKlass com/android/tools/r8/SourceFileEnvironment
instanceKlass com/android/tools/r8/internal/pB
instanceKlass com/android/tools/r8/internal/ku
instanceKlass com/android/tools/r8/dex/i0
instanceKlass com/android/tools/r8/internal/m
instanceKlass com/android/tools/r8/internal/DV
instanceKlass com/android/tools/r8/internal/eM
instanceKlass com/android/tools/r8/dex/X
instanceKlass com/android/tools/r8/dex/r
instanceKlass com/android/tools/r8/internal/R2
instanceKlass com/android/tools/r8/internal/TC
instanceKlass com/android/tools/r8/internal/S2
instanceKlass com/android/tools/r8/internal/Q2
instanceKlass com/android/tools/r8/kotlin/Y
instanceKlass com/android/tools/r8/graph/V3
instanceKlass com/android/tools/r8/internal/qs
instanceKlass com/android/tools/r8/internal/dX
instanceKlass com/android/tools/r8/references/ArrayReference
instanceKlass com/android/tools/r8/internal/dt
instanceKlass com/android/tools/r8/internal/tl
instanceKlass com/android/tools/r8/internal/TS
instanceKlass com/android/tools/r8/synthesis/x
instanceKlass com/android/tools/r8/internal/Vp
instanceKlass com/android/tools/r8/internal/Hl0
instanceKlass com/android/tools/r8/internal/gm
instanceKlass com/android/tools/r8/internal/im
instanceKlass com/android/tools/r8/internal/Il0
instanceKlass com/android/tools/r8/synthesis/w
instanceKlass com/android/tools/r8/internal/hi0
instanceKlass com/android/tools/r8/synthesis/v
instanceKlass com/android/tools/r8/internal/ii0
instanceKlass com/android/tools/r8/internal/X5
instanceKlass com/android/tools/r8/internal/kQ
instanceKlass com/android/tools/r8/synthesis/z
instanceKlass com/android/tools/r8/ir/regalloc/g
instanceKlass com/android/tools/r8/graph/L2
instanceKlass com/android/tools/r8/internal/uU
instanceKlass com/android/tools/r8/internal/AK
instanceKlass com/android/tools/r8/internal/uK
instanceKlass com/android/tools/r8/internal/yL
instanceKlass com/android/tools/r8/internal/ul
instanceKlass com/android/tools/r8/internal/Fy
instanceKlass com/android/tools/r8/dex/code/V
instanceKlass com/android/tools/r8/internal/eh
instanceKlass com/android/tools/r8/internal/C5
instanceKlass com/android/tools/r8/internal/ma
instanceKlass com/android/tools/r8/ir/regalloc/h
instanceKlass com/android/tools/r8/internal/kl
instanceKlass com/android/tools/r8/ir/regalloc/m
instanceKlass com/android/tools/r8/internal/Bk
instanceKlass com/android/tools/r8/internal/wh
instanceKlass com/android/tools/r8/internal/xQ
instanceKlass com/android/tools/r8/internal/F1
instanceKlass com/android/tools/r8/internal/Ht
instanceKlass com/android/tools/r8/internal/gJ
instanceKlass com/android/tools/r8/internal/hJ
instanceKlass com/android/tools/r8/internal/jK
instanceKlass com/android/tools/r8/internal/gC
instanceKlass com/android/tools/r8/internal/QS
instanceKlass com/android/tools/r8/internal/JT
instanceKlass com/android/tools/r8/internal/kY
instanceKlass com/android/tools/r8/internal/LT
instanceKlass com/android/tools/r8/internal/eW
instanceKlass java/util/stream/SliceOps
instanceKlass com/android/tools/r8/internal/l9
instanceKlass com/android/tools/r8/internal/rj0
instanceKlass com/android/tools/r8/internal/Xh
instanceKlass com/android/tools/r8/internal/OT
instanceKlass com/android/tools/r8/internal/mu
instanceKlass com/android/tools/r8/internal/iN
instanceKlass com/android/tools/r8/internal/lc0
instanceKlass com/android/tools/r8/internal/xl0
instanceKlass com/android/tools/r8/internal/ym0
instanceKlass com/android/tools/r8/graph/proto/b
instanceKlass com/android/tools/r8/internal/Dl0
instanceKlass com/android/tools/r8/graph/i1
instanceKlass com/android/tools/r8/ir/optimize/V
instanceKlass com/android/tools/r8/ir/optimize/N
instanceKlass com/android/tools/r8/graph/Z0
instanceKlass com/android/tools/r8/graph/X2
instanceKlass com/android/tools/r8/internal/nz
instanceKlass com/android/tools/r8/graph/U0
instanceKlass com/android/tools/r8/dex/code/a
instanceKlass com/android/tools/r8/internal/b8
instanceKlass com/android/tools/r8/internal/vl
instanceKlass com/android/tools/r8/ir/optimize/Z
instanceKlass com/android/tools/r8/ir/optimize/d0
instanceKlass com/android/tools/r8/ir/regalloc/a
instanceKlass com/android/tools/r8/c
instanceKlass com/android/tools/r8/ir/regalloc/n
instanceKlass com/android/tools/r8/ir/regalloc/d
instanceKlass com/android/tools/r8/ir/regalloc/e
instanceKlass com/android/tools/r8/ir/regalloc/c
instanceKlass com/android/tools/r8/internal/Mt
instanceKlass com/android/tools/r8/internal/J5
instanceKlass com/android/tools/r8/ir/regalloc/j
instanceKlass com/android/tools/r8/internal/cQ
instanceKlass com/android/tools/r8/ir/regalloc/b
instanceKlass com/android/tools/r8/ir/optimize/s0
instanceKlass com/android/tools/r8/graph/Z2
instanceKlass com/android/tools/r8/ir/regalloc/f
instanceKlass com/android/tools/r8/internal/T5
instanceKlass com/android/tools/r8/internal/d8$a
instanceKlass com/android/tools/r8/internal/d8
instanceKlass com/android/tools/r8/ir/optimize/K
instanceKlass com/android/tools/r8/synthesis/I
instanceKlass com/android/tools/r8/internal/lm
instanceKlass com/android/tools/r8/internal/E5
instanceKlass com/android/tools/r8/ir/optimize/y
instanceKlass com/android/tools/r8/internal/W0
instanceKlass com/android/tools/r8/ir/optimize/z
instanceKlass com/android/tools/r8/internal/Tf0
instanceKlass com/android/tools/r8/internal/I5
instanceKlass com/android/tools/r8/internal/I1
instanceKlass com/android/tools/r8/internal/zl0
instanceKlass com/android/tools/r8/ir/optimize/u
instanceKlass com/android/tools/r8/internal/o7
instanceKlass com/android/tools/r8/internal/Im
instanceKlass java/util/IdentityHashMap$IdentityHashMapSpliterator
instanceKlass com/android/tools/r8/internal/ad0
instanceKlass com/android/tools/r8/ir/optimize/b
instanceKlass com/android/tools/r8/internal/Sr
instanceKlass com/android/tools/r8/internal/Hr
instanceKlass com/android/tools/r8/ir/optimize/t
instanceKlass com/android/tools/r8/internal/Pt
instanceKlass com/android/tools/r8/internal/BC
instanceKlass com/android/tools/r8/internal/Ot
instanceKlass com/android/tools/r8/internal/qi0
instanceKlass com/android/tools/r8/internal/Hd
instanceKlass com/android/tools/r8/internal/f30
instanceKlass com/android/tools/r8/internal/Lt
instanceKlass com/android/tools/r8/ir/optimize/r
instanceKlass com/android/tools/r8/internal/Sm0
instanceKlass com/android/tools/r8/internal/oj0
instanceKlass com/android/tools/r8/internal/L5
instanceKlass com/android/tools/r8/internal/vi
instanceKlass com/android/tools/r8/ir/optimize/a
instanceKlass com/android/tools/r8/internal/Nt
instanceKlass com/android/tools/r8/internal/Rt
instanceKlass com/android/tools/r8/internal/Zg
instanceKlass com/android/tools/r8/internal/Ww
instanceKlass com/android/tools/r8/internal/K5
instanceKlass com/android/tools/r8/graph/h3
instanceKlass com/android/tools/r8/internal/Y0
instanceKlass com/android/tools/r8/internal/FU
instanceKlass com/android/tools/r8/internal/Ea
instanceKlass com/android/tools/r8/internal/PU
instanceKlass com/android/tools/r8/internal/bf
instanceKlass com/android/tools/r8/internal/VU
instanceKlass com/android/tools/r8/internal/Fl0
instanceKlass com/android/tools/r8/internal/sz
instanceKlass com/android/tools/r8/internal/It
instanceKlass com/android/tools/r8/internal/pl0
instanceKlass com/android/tools/r8/internal/ql
instanceKlass com/android/tools/r8/dex/code/z1
instanceKlass com/android/tools/r8/ir/optimize/E
instanceKlass com/android/tools/r8/internal/M20
instanceKlass com/android/tools/r8/internal/IA
instanceKlass com/android/tools/r8/internal/ky
instanceKlass com/android/tools/r8/internal/rS
instanceKlass com/android/tools/r8/internal/Rz
instanceKlass com/android/tools/r8/internal/Ja
instanceKlass com/android/tools/r8/internal/Aa
instanceKlass com/android/tools/r8/internal/Ba
instanceKlass com/android/tools/r8/internal/V30
instanceKlass com/android/tools/r8/internal/Zz
instanceKlass com/android/tools/r8/internal/r8
instanceKlass com/android/tools/r8/internal/H5
instanceKlass com/android/tools/r8/internal/Et
instanceKlass com/android/tools/r8/internal/Ut
instanceKlass com/android/tools/r8/internal/AS
instanceKlass com/android/tools/r8/internal/zy
instanceKlass com/android/tools/r8/internal/J
instanceKlass com/android/tools/r8/internal/px
instanceKlass com/android/tools/r8/internal/ex
instanceKlass com/android/tools/r8/graph/proto/d
instanceKlass com/android/tools/r8/graph/proto/c
instanceKlass com/android/tools/r8/graph/proto/j
instanceKlass com/android/tools/r8/internal/Q
instanceKlass com/android/tools/r8/internal/kz
instanceKlass com/android/tools/r8/internal/Uy
instanceKlass com/android/tools/r8/internal/Jt
instanceKlass com/android/tools/r8/internal/o8
instanceKlass com/android/tools/r8/internal/Pa
instanceKlass com/android/tools/r8/internal/Pz
instanceKlass com/android/tools/r8/internal/Ca
instanceKlass com/android/tools/r8/internal/Ax
instanceKlass com/android/tools/r8/internal/Er
instanceKlass com/android/tools/r8/graph/e
instanceKlass com/android/tools/r8/internal/C8
instanceKlass com/android/tools/r8/internal/F8
instanceKlass com/android/tools/r8/internal/n9
instanceKlass com/android/tools/r8/graph/B4
instanceKlass com/android/tools/r8/internal/m9
instanceKlass com/android/tools/r8/graph/F
instanceKlass com/android/tools/r8/graph/Q4
instanceKlass com/android/tools/r8/references/ClassReference
instanceKlass com/android/tools/r8/graph/N4
instanceKlass com/android/tools/r8/graph/O4
instanceKlass com/android/tools/r8/references/PrimitiveReference
instanceKlass com/android/tools/r8/references/Reference
instanceKlass com/android/tools/r8/internal/u5
instanceKlass com/android/tools/r8/position/MethodPosition
instanceKlass com/android/tools/r8/graph/C0
instanceKlass com/android/tools/r8/internal/y5
instanceKlass com/android/tools/r8/internal/jl
instanceKlass com/android/tools/r8/internal/jJ
instanceKlass com/android/tools/r8/internal/kh0
instanceKlass com/android/tools/r8/shaking/X1
instanceKlass com/android/tools/r8/internal/lh0
instanceKlass com/android/tools/r8/internal/md
instanceKlass com/android/tools/r8/internal/z20
instanceKlass com/android/tools/r8/internal/jh0
instanceKlass com/android/tools/r8/internal/ih0
instanceKlass com/android/tools/r8/internal/HY
instanceKlass com/android/tools/r8/K
instanceKlass com/android/tools/r8/internal/O8
instanceKlass com/android/tools/r8/internal/Yb
instanceKlass com/android/tools/r8/internal/Sq
instanceKlass com/android/tools/r8/internal/E9
instanceKlass com/android/tools/r8/internal/zk
instanceKlass com/android/tools/r8/internal/N2
instanceKlass com/android/tools/r8/internal/jn
instanceKlass com/android/tools/r8/internal/Zk
instanceKlass com/android/tools/r8/internal/OA
instanceKlass com/android/tools/r8/internal/vi0
instanceKlass com/android/tools/r8/internal/Q8
instanceKlass com/android/tools/r8/internal/Kl0
instanceKlass com/android/tools/r8/internal/Qk
instanceKlass com/android/tools/r8/internal/bl
instanceKlass com/android/tools/r8/internal/kn
instanceKlass com/android/tools/r8/internal/uY
instanceKlass com/android/tools/r8/internal/kJ
instanceKlass com/android/tools/r8/ir/optimize/r0
instanceKlass com/android/tools/r8/internal/dh
instanceKlass com/android/tools/r8/errors/UnsupportedFeatureDiagnostic
instanceKlass com/android/tools/r8/internal/Ok0
instanceKlass com/android/tools/r8/internal/Rk0
instanceKlass com/android/tools/r8/internal/C7
instanceKlass com/android/tools/r8/internal/jC
instanceKlass com/android/tools/r8/internal/iC
instanceKlass com/android/tools/r8/internal/pg
instanceKlass com/android/tools/r8/internal/qg
instanceKlass com/android/tools/r8/graph/f
instanceKlass com/android/tools/r8/internal/KA
instanceKlass com/android/tools/r8/internal/lJ
instanceKlass com/android/tools/r8/internal/nJ
instanceKlass com/android/tools/r8/internal/yf0
instanceKlass com/android/tools/r8/internal/tB
instanceKlass com/android/tools/r8/graph/Z
instanceKlass com/android/tools/r8/internal/wc
instanceKlass com/android/tools/r8/graph/W
instanceKlass com/android/tools/r8/internal/oV
instanceKlass com/android/tools/r8/internal/BQ
instanceKlass com/android/tools/r8/internal/f9
instanceKlass com/android/tools/r8/internal/zQ
instanceKlass com/android/tools/r8/internal/Hs
instanceKlass com/android/tools/r8/ir/optimize/L
instanceKlass com/android/tools/r8/ir/optimize/d
instanceKlass com/android/tools/r8/ir/optimize/e
instanceKlass com/android/tools/r8/ir/optimize/F
instanceKlass com/android/tools/r8/ir/optimize/w
instanceKlass com/android/tools/r8/internal/Gd
instanceKlass com/android/tools/r8/internal/Fs
instanceKlass com/android/tools/r8/internal/AC
instanceKlass com/android/tools/r8/internal/Fr
instanceKlass com/android/tools/r8/internal/zm0
instanceKlass com/android/tools/r8/internal/q7
instanceKlass com/android/tools/r8/internal/k9
instanceKlass com/android/tools/r8/internal/Px
instanceKlass com/android/tools/r8/internal/Tw
instanceKlass com/android/tools/r8/internal/sf0
instanceKlass com/android/tools/r8/internal/si
instanceKlass com/android/tools/r8/internal/HB
instanceKlass com/android/tools/r8/internal/L
instanceKlass com/android/tools/r8/internal/Wx
instanceKlass com/android/tools/r8/internal/tf0
instanceKlass com/android/tools/r8/internal/AX
instanceKlass com/android/tools/r8/internal/Zq
instanceKlass com/android/tools/r8/internal/iY
instanceKlass com/android/tools/r8/internal/cw
instanceKlass com/android/tools/r8/internal/Yv
instanceKlass com/android/tools/r8/internal/rl0
instanceKlass com/android/tools/r8/internal/CA
instanceKlass com/android/tools/r8/internal/Id
instanceKlass com/android/tools/r8/internal/Ey
instanceKlass com/android/tools/r8/internal/i9$a
instanceKlass com/android/tools/r8/internal/uz
instanceKlass com/android/tools/r8/ir/optimize/x
instanceKlass com/android/tools/r8/graph/I5
instanceKlass com/android/tools/r8/graph/G5
instanceKlass com/android/tools/r8/internal/K
instanceKlass com/android/tools/r8/graph/d
instanceKlass com/android/tools/r8/internal/pc0
instanceKlass com/android/tools/r8/shaking/j
instanceKlass com/android/tools/r8/internal/z5
instanceKlass com/android/tools/r8/internal/Cy
instanceKlass com/android/tools/r8/graph/c3
instanceKlass com/android/tools/r8/internal/Xx
instanceKlass com/android/tools/r8/graph/n5
instanceKlass com/android/tools/r8/graph/k5
instanceKlass com/android/tools/r8/internal/Ya
instanceKlass com/android/tools/r8/internal/Na
instanceKlass com/android/tools/r8/shaking/i1
instanceKlass com/android/tools/r8/internal/c8
instanceKlass com/android/tools/r8/position/TextPosition
instanceKlass com/android/tools/r8/position/TextRange
instanceKlass com/android/tools/r8/internal/MA
instanceKlass com/android/tools/r8/internal/s8
instanceKlass com/android/tools/r8/internal/o9
instanceKlass com/android/tools/r8/internal/Xb
instanceKlass com/android/tools/r8/graph/G$a
instanceKlass com/android/tools/r8/graph/Z5
instanceKlass com/android/tools/r8/internal/fh
instanceKlass com/android/tools/r8/utils/structural/u
instanceKlass com/android/tools/r8/graph/j0
instanceKlass com/android/tools/r8/internal/Xc0
instanceKlass com/android/tools/r8/internal/W
instanceKlass com/android/tools/r8/internal/pa
instanceKlass com/android/tools/r8/internal/Yk
instanceKlass com/android/tools/r8/internal/al
instanceKlass com/android/tools/r8/internal/cl
instanceKlass com/android/tools/r8/internal/z1
instanceKlass com/android/tools/r8/internal/Vh0
instanceKlass com/android/tools/r8/internal/Ma
instanceKlass com/android/tools/r8/internal/RA
instanceKlass com/android/tools/r8/internal/Rk
instanceKlass com/android/tools/r8/dex/code/d
instanceKlass com/android/tools/r8/dex/code/b
instanceKlass com/android/tools/r8/internal/Tt
instanceKlass com/android/tools/r8/internal/tw
instanceKlass com/android/tools/r8/internal/mA
instanceKlass com/android/tools/r8/internal/b2
instanceKlass com/android/tools/r8/internal/aA
instanceKlass com/android/tools/r8/internal/Np
instanceKlass com/android/tools/r8/internal/pe0
instanceKlass com/android/tools/r8/internal/qo
instanceKlass com/android/tools/r8/internal/BX
instanceKlass com/android/tools/r8/internal/ar
instanceKlass com/android/tools/r8/internal/Fd
instanceKlass com/android/tools/r8/internal/zl
instanceKlass com/android/tools/r8/internal/lA
instanceKlass com/android/tools/r8/ir/optimize/X
instanceKlass com/android/tools/r8/internal/zv
instanceKlass com/android/tools/r8/internal/SO
instanceKlass com/android/tools/r8/internal/Za
instanceKlass com/android/tools/r8/internal/pL
instanceKlass com/android/tools/r8/graph/l4
instanceKlass com/android/tools/r8/internal/nO
instanceKlass com/android/tools/r8/internal/IO
instanceKlass com/android/tools/r8/internal/LN
instanceKlass com/android/tools/r8/graph/k4
instanceKlass com/android/tools/r8/graph/a3
instanceKlass com/android/tools/r8/internal/bA
instanceKlass com/android/tools/r8/internal/FS
instanceKlass com/android/tools/r8/internal/rA
instanceKlass com/android/tools/r8/internal/Fn
instanceKlass com/android/tools/r8/internal/KV
instanceKlass com/android/tools/r8/internal/rh0
instanceKlass com/android/tools/r8/internal/B9
instanceKlass com/android/tools/r8/internal/St
instanceKlass com/android/tools/r8/internal/qh0
instanceKlass com/android/tools/r8/internal/Rq
instanceKlass com/android/tools/r8/internal/uL
instanceKlass com/android/tools/r8/references/MethodReference
instanceKlass com/android/tools/r8/ir/optimize/info/y
instanceKlass com/android/tools/r8/internal/AO
instanceKlass com/android/tools/r8/internal/xp
instanceKlass com/android/tools/r8/internal/mn
instanceKlass com/android/tools/r8/internal/pn
instanceKlass com/android/tools/r8/internal/J20
instanceKlass com/android/tools/r8/internal/q1
instanceKlass com/android/tools/r8/internal/H20
instanceKlass com/android/tools/r8/internal/yp
instanceKlass com/android/tools/r8/ir/optimize/f
instanceKlass com/android/tools/r8/synthesis/b
instanceKlass com/android/tools/r8/internal/xj0
instanceKlass com/android/tools/r8/internal/Ck
instanceKlass com/android/tools/r8/internal/lU
instanceKlass com/android/tools/r8/utils/structural/j
instanceKlass com/android/tools/r8/internal/nU
instanceKlass com/android/tools/r8/internal/HU
instanceKlass com/android/tools/r8/internal/wU
instanceKlass com/android/tools/r8/internal/BU
instanceKlass com/android/tools/r8/internal/C4
instanceKlass com/android/tools/r8/graph/m1
instanceKlass com/android/tools/r8/shaking/P1
instanceKlass com/android/tools/r8/internal/NU
instanceKlass com/android/tools/r8/internal/pU
instanceKlass com/android/tools/r8/dex/W
instanceKlass com/android/tools/r8/graph/D3
instanceKlass com/google/common/util/concurrent/NullnessCasts
instanceKlass com/android/tools/r8/graph/m3
instanceKlass com/android/tools/r8/graph/l3
instanceKlass com/android/tools/r8/graph/H4
instanceKlass com/android/tools/r8/graph/I4
instanceKlass com/android/tools/r8/graph/H4$a
instanceKlass com/android/tools/r8/graph/B3$f
instanceKlass com/android/tools/r8/internal/gi0
instanceKlass com/android/tools/r8/internal/KC
instanceKlass com/android/tools/r8/graph/E3
instanceKlass com/android/tools/r8/graph/j1$a
instanceKlass com/android/tools/r8/ir/optimize/info/a
instanceKlass com/android/tools/r8/internal/In
instanceKlass com/android/tools/r8/internal/Cw
instanceKlass com/android/tools/r8/internal/nc
instanceKlass com/android/tools/r8/internal/r
instanceKlass com/android/tools/r8/internal/Av
instanceKlass com/android/tools/r8/graph/B2
instanceKlass com/android/tools/r8/androidapi/g
instanceKlass com/android/tools/r8/kotlin/c0
instanceKlass com/android/tools/r8/kotlin/p
instanceKlass com/android/tools/r8/graph/Y3
instanceKlass com/android/tools/r8/internal/XK
instanceKlass com/android/tools/r8/shaking/I2
instanceKlass com/android/tools/r8/jetbrains/kotlinx/metadata/jvm/g
instanceKlass com/android/tools/r8/naming/V$c
instanceKlass com/android/tools/r8/kotlin/d0
instanceKlass com/android/tools/r8/graph/g1$a
instanceKlass com/android/tools/r8/kotlin/G
instanceKlass com/android/tools/r8/kotlin/f0
instanceKlass com/android/tools/r8/kotlin/P
instanceKlass com/android/tools/r8/shaking/b0
instanceKlass com/android/tools/r8/ir/optimize/info/e
instanceKlass com/android/tools/r8/internal/mo
instanceKlass com/android/tools/r8/internal/o20
instanceKlass com/android/tools/r8/internal/p20
instanceKlass com/android/tools/r8/internal/q20
instanceKlass com/android/tools/r8/internal/pQ
instanceKlass com/android/tools/r8/internal/n20
instanceKlass com/android/tools/r8/internal/ja
instanceKlass com/android/tools/r8/internal/L8
instanceKlass com/android/tools/r8/graph/B3$h
instanceKlass com/android/tools/r8/graph/B3$g
instanceKlass com/android/tools/r8/dex/t
instanceKlass com/android/tools/r8/internal/no
instanceKlass com/android/tools/r8/internal/C40
instanceKlass com/android/tools/r8/internal/xi0
instanceKlass com/android/tools/r8/internal/w4
instanceKlass com/android/tools/r8/internal/Ug
instanceKlass com/android/tools/r8/graph/B3$i
instanceKlass com/android/tools/r8/graph/B3
instanceKlass com/android/tools/r8/graph/h4
instanceKlass com/android/tools/r8/internal/yW
instanceKlass com/android/tools/r8/internal/J2
instanceKlass com/android/tools/r8/internal/Qp
instanceKlass com/android/tools/r8/internal/XO
instanceKlass com/android/tools/r8/internal/l20
instanceKlass com/android/tools/r8/internal/ng
instanceKlass com/android/tools/r8/internal/WI
instanceKlass com/android/tools/r8/internal/Ag0
instanceKlass com/android/tools/r8/internal/H4
instanceKlass com/android/tools/r8/internal/gd
instanceKlass com/android/tools/r8/internal/gX
instanceKlass com/google/common/util/concurrent/InterruptibleTask$DoNothingRunnable
instanceKlass com/android/tools/r8/graph/i4
instanceKlass com/android/tools/r8/internal/WW
instanceKlass com/android/tools/r8/internal/KY
instanceKlass org/gradle/internal/configuration/inputs/AccessTrackingProperties$1
instanceKlass com/google/common/collect/ForwardingObject
instanceKlass org/gradle/internal/classpath/Instrumented$1
instanceKlass org/gradle/internal/configuration/inputs/AccessTrackingSet$Listener
instanceKlass com/android/tools/r8/internal/xm$a
instanceKlass com/android/tools/r8/internal/xm
instanceKlass com/android/tools/r8/internal/nw
instanceKlass com/android/tools/r8/inspector/Inspector
instanceKlass com/android/tools/r8/internal/x4
instanceKlass com/android/tools/r8/internal/DM
instanceKlass com/android/tools/r8/retrace/ProguardMapProducer
instanceKlass com/android/tools/r8/Y
instanceKlass com/android/tools/r8/dex/k
instanceKlass com/android/tools/r8/internal/KO
instanceKlass com/android/tools/r8/ir/optimize/I0
instanceKlass com/android/tools/r8/ir/optimize/v0
instanceKlass com/android/tools/r8/internal/Iw
instanceKlass com/android/tools/r8/internal/Kn
instanceKlass com/android/tools/r8/ir/optimize/c
instanceKlass com/android/tools/r8/D8
instanceKlass com/android/tools/r8/DataResourceProvider
instanceKlass com/android/tools/r8/utils/h
instanceKlass com/android/tools/r8/synthesis/i
instanceKlass com/android/tools/r8/InputDependencyGraphConsumer
instanceKlass com/android/tools/r8/shaking/T2
instanceKlass com/android/tools/r8/internal/m7
instanceKlass com/android/tools/r8/internal/hB
instanceKlass com/android/tools/r8/AssertionsConfiguration
instanceKlass com/android/tools/r8/AssertionsConfiguration$Builder
instanceKlass com/android/tools/r8/internal/cm
instanceKlass com/android/tools/r8/internal/YV
instanceKlass com/android/tools/r8/internal/Sp
instanceKlass com/android/builder/dexing/DexIndexed
instanceKlass com/android/tools/r8/ProgramResource$ByteResource
instanceKlass com/android/tools/r8/ProgramResource
instanceKlass com/android/builder/dexing/NoCacheJarClassFileEntry
instanceKlass com/android/tools/r8/ClassFileConsumer$ForwardingConsumer
instanceKlass com/android/tools/r8/ClassFileConsumer
instanceKlass com/android/tools/r8/DexFilePerClassFileConsumer$ForwardingConsumer
instanceKlass com/android/tools/r8/DexFilePerClassFileConsumer
instanceKlass com/android/tools/r8/U
instanceKlass com/android/tools/r8/DataResourceConsumer
instanceKlass com/android/tools/r8/DexIndexedConsumer$ForwardingConsumer
instanceKlass com/android/tools/r8/DexIndexedConsumer
instanceKlass com/android/tools/r8/ByteBufferProvider
instanceKlass com/android/tools/r8/ProgramConsumer
instanceKlass com/android/tools/r8/PartitionMapConsumer
instanceKlass com/android/tools/r8/BaseCommand$Builder
instanceKlass com/android/tools/r8/naming/Q
instanceKlass com/android/tools/r8/BaseCommand
instanceKlass com/android/builder/dexing/D8DiagnosticsHandler
instanceKlass com/android/build/gradle/internal/dependency/BaseDexingTransform$process$1$1$1
instanceKlass com/android/builder/dexing/ClassFileEntry
instanceKlass com/android/builder/dexing/JarClassFileInput
instanceKlass com/android/builder/dexing/ClassFileInputs
instanceKlass com/android/tools/r8/DesugarGraphConsumer
instanceKlass com/android/tools/r8/GlobalSyntheticsConsumer
instanceKlass com/android/builder/dexing/DexOutputMode
instanceKlass com/android/builder/dexing/DexParameters
instanceKlass com/android/builder/dexing/r8/ClassFileProviderFactory$OrderedClassFileResourceProvider
instanceKlass com/android/tools/r8/ClassFileResourceProvider
instanceKlass com/android/builder/dexing/r8/ClassFileProviderFactory
instanceKlass com/android/builder/dexing/DexArchiveBuilder$Companion
instanceKlass com/android/builder/dexing/DexArchiveBuilder
instanceKlass com/android/build/gradle/internal/dependency/DexingTransformKt
instanceKlass com/android/builder/dexing/DexUtilsKt
instanceKlass com/android/build/gradle/internal/dependency/BaseDexingTransform$Parameters$Inject
instanceKlass com/android/build/gradle/internal/dependency/ExtractJniTransform$doTransform$1$entries$1
instanceKlass org/gradle/api/internal/provider/ValueSupplier$1
instanceKlass kotlin/io/LinesSequence$iterator$1
instanceKlass kotlin/io/LinesSequence
instanceKlass sun/invoke/util/ValueConversions$1
instanceKlass sun/invoke/util/ValueConversions$WrapperCache
